<?xml version="1.0" encoding="UTF-8"?>
<testsuites name="Mocha Tests" time="815.6800" tests="170" failures="94">
  <testsuite name="Root Suite" timestamp="2022-01-04T16:04:57" tests="0" file="cypress\integration\1.Smoke\6.New_Meeting(Adming Side)_section.js" time="0.0000" failures="0">
  </testsuite>
  <testsuite name="Councilbox login - valid username and password" timestamp="2022-01-04T16:04:57" tests="5" time="14.6770" failures="0">
    <testcase name="Councilbox login - valid username and password Visits the Councilbox web page" time="8.6420" classname="Visits the Councilbox web page">
    </testcase>
    <testcase name="Councilbox login - valid username and password Change language to Spanish" time="0.2840" classname="Change language to Spanish">
    </testcase>
    <testcase name="Councilbox login - valid username and password Enters email address" time="0.9290" classname="Enters email address">
    </testcase>
    <testcase name="Councilbox login - valid username and password Enters password" time="0.4730" classname="Enters password">
    </testcase>
    <testcase name="Councilbox login - valid username and password Clicks login button" time="2.1590" classname="Clicks login button">
    </testcase>
  </testsuite>
  <testsuite name="The user is able to create a new call with session in the &apos;Nueva reunion&apos; section" timestamp="2022-01-04T16:05:12" tests="9" time="37.9200" failures="0">
    <testcase name="The user is able to create a new call with session in the &apos;Nueva reunion&apos; section Click on the &apos;Nueva reunion&apos; button" time="3.3320" classname="Click on the &apos;Nueva reunion&apos; button">
    </testcase>
    <testcase name="The user is able to create a new call with session in the &apos;Nueva reunion&apos; section Click on the &apos;Con sesion&apos; button" time="1.1940" classname="Click on the &apos;Con sesion&apos; button">
    </testcase>
    <testcase name="The user is able to create a new call with session in the &apos;Nueva reunion&apos; section Populate all required fields and click on the &apos;Siguiente&apos; button" time="1.6080" classname="Populate all required fields and click on the &apos;Siguiente&apos; button">
    </testcase>
    <testcase name="The user is able to create a new call with session in the &apos;Nueva reunion&apos; section Click on the &apos;Anadir participante&apos; button and populate all required fields then click on the &apos;Siguiente&apos; button" time="8.2090" classname="Click on the &apos;Anadir participante&apos; button and populate all required fields then click on the &apos;Siguiente&apos; button">
    </testcase>
    <testcase name="The user is able to create a new call with session in the &apos;Nueva reunion&apos; section Click on the &apos;Aceptar&apos; button" time="1.3730" classname="Click on the &apos;Aceptar&apos; button">
    </testcase>
    <testcase name="The user is able to create a new call with session in the &apos;Nueva reunion&apos; section Click on the &apos;Anadir punto al orden del dia+&apos;&apos; button" time="0.6330" classname="Click on the &apos;Anadir punto al orden del dia+&apos;&apos; button">
    </testcase>
    <testcase name="The user is able to create a new call with session in the &apos;Nueva reunion&apos; section Click on the &apos;Punto Si/no/ abstencion&apos; button and populate all required fields and click on the &apos;Aceptar&apos; button then click on the &apos;Siguiente&apos; button" time="7.0890" classname="Click on the &apos;Punto Si/no/ abstencion&apos; button and populate all required fields and click on the &apos;Aceptar&apos; button then click on the &apos;Siguiente&apos; button">
    </testcase>
    <testcase name="The user is able to create a new call with session in the &apos;Nueva reunion&apos; section Click on the &apos;Convocar y notificar&apos; button" time="5.1490" classname="Click on the &apos;Convocar y notificar&apos; button">
    </testcase>
    <testcase name="The user is able to create a new call with session in the &apos;Nueva reunion&apos; section Back to Home page" time="9.0260" classname="Back to Home page">
    </testcase>
  </testsuite>
  <testsuite name="The user is able to create a new call without session in the &apos;Nueva reunion&apos; section" timestamp="2022-01-04T16:05:50" tests="3" time="15.6600" failures="1">
    <testcase name="The user is able to create a new call without session in the &apos;Nueva reunion&apos; section Click on the &apos;Nueva reunion&apos; button" time="0.1860" classname="Click on the &apos;Nueva reunion&apos; button">
    </testcase>
    <testcase name="The user is able to create a new call without session in the &apos;Nueva reunion&apos; section Click on the &apos;Sin sesion&apos; button and populate all required fields then click on the &apos;Aceptar&apos; button" time="0.0000" classname="Click on the &apos;Sin sesion&apos; button and populate all required fields then click on the &apos;Aceptar&apos; button">
      <failure message="Timed out retrying: Expected to find content: &apos;2021&apos; but never did." type="AssertionError"><![CDATA[AssertionError: Timed out retrying: Expected to find content: '2021' but never did.
AssertionError: Expected to find element: `:not(script,style):cy-contains('2021'), [type='submit'][value~='2021']`, but never found it.
    at ensureExistence (https://app.dev.councilbox.com/__cypress/runner/cypress_runner.js:137673:32)
    at Object.ensureElExistence (https://app.dev.councilbox.com/__cypress/runner/cypress_runner.js:137691:12)
    at ensureExistence (https://app.dev.councilbox.com/__cypress/runner/cypress_runner.js:127867:23)
    at onFailFn (https://app.dev.councilbox.com/__cypress/runner/cypress_runner.js:127905:9)
    at tryCatcher (https://app.dev.councilbox.com/__cypress/runner/cypress_runner.js:9065:23)
    at Promise._settlePromiseFromHandler (https://app.dev.councilbox.com/__cypress/runner/cypress_runner.js:7000:31)
    at Promise._settlePromise (https://app.dev.councilbox.com/__cypress/runner/cypress_runner.js:7057:18)
    at Promise._settlePromise0 (https://app.dev.councilbox.com/__cypress/runner/cypress_runner.js:7102:10)
    at Promise._settlePromises (https://app.dev.councilbox.com/__cypress/runner/cypress_runner.js:7178:18)
    at _drainQueueStep (https://app.dev.councilbox.com/__cypress/runner/cypress_runner.js:3772:12)
    at _drainQueue (https://app.dev.councilbox.com/__cypress/runner/cypress_runner.js:3765:9)
    at Async.../../node_modules/bluebird/js/release/async.js.Async._drainQueues (https://app.dev.councilbox.com/__cypress/runner/cypress_runner.js:3781:5)
    at Async.drainQueues (https://app.dev.councilbox.com/__cypress/runner/cypress_runner.js:3651:14)]]></failure>
    </testcase>
    <testcase name="The user is able to create a new call without session in the &apos;Nueva reunion&apos; section Back to Home page" time="5.8710" classname="Back to Home page">
    </testcase>
  </testsuite>
  <testsuite name="The user is able to start council in the &apos;New call with session&apos; section" timestamp="2022-01-04T16:06:05" tests="15" time="68.9900" failures="7">
    <testcase name="The user is able to start council in the &apos;New call with session&apos; section Click on the &apos;Nueva reunion&apos; button" time="0.3160" classname="Click on the &apos;Nueva reunion&apos; button">
    </testcase>
    <testcase name="The user is able to start council in the &apos;New call with session&apos; section Click on the “Con sesion” button" time="3.1490" classname="Click on the “Con sesion” button">
    </testcase>
    <testcase name="The user is able to start council in the &apos;New call with session&apos; section Populate all required fields and click on the “Siguiente” button" time="1.5170" classname="Populate all required fields and click on the “Siguiente” button">
    </testcase>
    <testcase name="The user is able to start council in the &apos;New call with session&apos; section Click on the &apos;Anadir participante&apos; button and populate all required fields then click on the “Siguiente” button" time="12.6700" classname="Click on the &apos;Anadir participante&apos; button and populate all required fields then click on the “Siguiente” button">
    </testcase>
    <testcase name="The user is able to start council in the &apos;New call with session&apos; section Click on the “Anadir punto al orden del dia+” button" time="1.3700" classname="Click on the “Anadir punto al orden del dia+” button">
    </testcase>
    <testcase name="The user is able to start council in the &apos;New call with session&apos; section Click on the “Punto Si/no abstencion” button and populate “Title” field then choose “Votacio nominal” tipo and click on the “Aceptar” button then click on the “Siguiente” button" time="0.0000" classname="Click on the “Punto Si/no abstencion” button and populate “Title” field then choose “Votacio nominal” tipo and click on the “Aceptar” button then click on the “Siguiente” button">
      <failure message="Timed out retrying: `cy.click()` failed because this element is not visible:

`&lt;button tabindex=&quot;0&quot; class=&quot;jss508 jss511 jss516&quot; type=&quot;button&quot; id=&quot;ordenDelDiaNext&quot; style=&quot;text-transform: none; background-color: rgb(125, 33, 128); outline: 0px; cursor: pointer; color: white; font-weight: 700; font-size: 0.9em;&quot;&gt;...&lt;/button&gt;`

This element `&lt;button#ordenDelDiaNext.jss508.jss511.jss516&gt;` is not visible because it has CSS property: `position: fixed` and it&apos;s being covered by another element:

`&lt;div class=&quot;jss1345&quot; aria-hidden=&quot;true&quot; style=&quot;opacity: 1; will-change: opacity; transition: opacity 225ms cubic-bezier(0.4, 0, 0.2, 1) 0ms;&quot;&gt;&lt;/div&gt;`

Fix this problem, or use `{force: true}` to disable error checking.

https://on.cypress.io/element-cannot-be-interacted-with" type="CypressError"><![CDATA[CypressError: Timed out retrying: `cy.click()` failed because this element is not visible:

`<button tabindex="0" class="jss508 jss511 jss516" type="button" id="ordenDelDiaNext" style="text-transform: none; background-color: rgb(125, 33, 128); outline: 0px; cursor: pointer; color: white; font-weight: 700; font-size: 0.9em;">...</button>`

This element `<button#ordenDelDiaNext.jss508.jss511.jss516>` is not visible because it has CSS property: `position: fixed` and it's being covered by another element:

`<div class="jss1345" aria-hidden="true" style="opacity: 1; will-change: opacity; transition: opacity 225ms cubic-bezier(0.4, 0, 0.2, 1) 0ms;"></div>`

Fix this problem, or use `{force: true}` to disable error checking.

https://on.cypress.io/element-cannot-be-interacted-with
    at cypressErr (https://app.dev.councilbox.com/__cypress/runner/cypress_runner.js:146621:16)
    at cypressErrByPath (https://app.dev.councilbox.com/__cypress/runner/cypress_runner.js:146630:10)
    at Object.throwErrByPath (https://app.dev.councilbox.com/__cypress/runner/cypress_runner.js:146593:11)
    at Object.ensureVisibility (https://app.dev.councilbox.com/__cypress/runner/cypress_runner.js:137599:24)
    at runAllChecks (https://app.dev.councilbox.com/__cypress/runner/cypress_runner.js:127499:14)
    at retryActionability (https://app.dev.councilbox.com/__cypress/runner/cypress_runner.js:127542:16)
    at tryCatcher (https://app.dev.councilbox.com/__cypress/runner/cypress_runner.js:9065:23)
    at Function.Promise.attempt.Promise.try (https://app.dev.councilbox.com/__cypress/runner/cypress_runner.js:6339:29)
    at tryFn (https://app.dev.councilbox.com/__cypress/runner/cypress_runner.js:140680:21)
    at whenStable (https://app.dev.councilbox.com/__cypress/runner/cypress_runner.js:140715:12)
    at https://app.dev.councilbox.com/__cypress/runner/cypress_runner.js:140259:16
    at tryCatcher (https://app.dev.councilbox.com/__cypress/runner/cypress_runner.js:9065:23)
    at Promise._settlePromiseFromHandler (https://app.dev.councilbox.com/__cypress/runner/cypress_runner.js:7000:31)
    at Promise._settlePromise (https://app.dev.councilbox.com/__cypress/runner/cypress_runner.js:7057:18)
    at Promise._settlePromise0 (https://app.dev.councilbox.com/__cypress/runner/cypress_runner.js:7102:10)
    at Promise._settlePromises (https://app.dev.councilbox.com/__cypress/runner/cypress_runner.js:7182:18)]]></failure>
    </testcase>
    <testcase name="The user is able to start council in the &apos;New call with session&apos; section Populate all required fields and click on the “Siguiente” button" time="0.0000" classname="Populate all required fields and click on the “Siguiente” button">
      <failure message="Timed out retrying: Expected to find element: `#council-options-contact-email`, but never found it." type="AssertionError"><![CDATA[AssertionError: Timed out retrying: Expected to find element: `#council-options-contact-email`, but never found it.
    at ensureExistence (https://app.dev.councilbox.com/__cypress/runner/cypress_runner.js:137673:32)
    at Object.ensureElExistence (https://app.dev.councilbox.com/__cypress/runner/cypress_runner.js:137691:12)
    at ensureExistence (https://app.dev.councilbox.com/__cypress/runner/cypress_runner.js:127867:23)
    at onFailFn (https://app.dev.councilbox.com/__cypress/runner/cypress_runner.js:127905:9)
    at tryCatcher (https://app.dev.councilbox.com/__cypress/runner/cypress_runner.js:9065:23)
    at Promise._settlePromiseFromHandler (https://app.dev.councilbox.com/__cypress/runner/cypress_runner.js:7000:31)
    at Promise._settlePromise (https://app.dev.councilbox.com/__cypress/runner/cypress_runner.js:7057:18)
    at Promise._settlePromise0 (https://app.dev.councilbox.com/__cypress/runner/cypress_runner.js:7102:10)
    at Promise._settlePromises (https://app.dev.councilbox.com/__cypress/runner/cypress_runner.js:7178:18)
    at _drainQueueStep (https://app.dev.councilbox.com/__cypress/runner/cypress_runner.js:3772:12)
    at _drainQueue (https://app.dev.councilbox.com/__cypress/runner/cypress_runner.js:3765:9)
    at Async.../../node_modules/bluebird/js/release/async.js.Async._drainQueues (https://app.dev.councilbox.com/__cypress/runner/cypress_runner.js:3781:5)
    at Async.drainQueues (https://app.dev.councilbox.com/__cypress/runner/cypress_runner.js:3651:14)]]></failure>
    </testcase>
    <testcase name="The user is able to start council in the &apos;New call with session&apos; section Click on the “Convocar y notificar” button" time="0.0000" classname="Click on the “Convocar y notificar” button">
      <failure message="Timed out retrying: Expected to find element: `#council-editor-convene-notify`, but never found it." type="AssertionError"><![CDATA[AssertionError: Timed out retrying: Expected to find element: `#council-editor-convene-notify`, but never found it.
    at ensureExistence (https://app.dev.councilbox.com/__cypress/runner/cypress_runner.js:137673:32)
    at Object.ensureElExistence (https://app.dev.councilbox.com/__cypress/runner/cypress_runner.js:137691:12)
    at ensureExistence (https://app.dev.councilbox.com/__cypress/runner/cypress_runner.js:127867:23)
    at onFailFn (https://app.dev.councilbox.com/__cypress/runner/cypress_runner.js:127905:9)
    at tryCatcher (https://app.dev.councilbox.com/__cypress/runner/cypress_runner.js:9065:23)
    at Promise._settlePromiseFromHandler (https://app.dev.councilbox.com/__cypress/runner/cypress_runner.js:7000:31)
    at Promise._settlePromise (https://app.dev.councilbox.com/__cypress/runner/cypress_runner.js:7057:18)
    at Promise._settlePromise0 (https://app.dev.councilbox.com/__cypress/runner/cypress_runner.js:7102:10)
    at Promise._settlePromises (https://app.dev.councilbox.com/__cypress/runner/cypress_runner.js:7178:18)
    at _drainQueueStep (https://app.dev.councilbox.com/__cypress/runner/cypress_runner.js:3772:12)
    at _drainQueue (https://app.dev.councilbox.com/__cypress/runner/cypress_runner.js:3765:9)
    at Async.../../node_modules/bluebird/js/release/async.js.Async._drainQueues (https://app.dev.councilbox.com/__cypress/runner/cypress_runner.js:3781:5)
    at Async.drainQueues (https://app.dev.councilbox.com/__cypress/runner/cypress_runner.js:3651:14)]]></failure>
    </testcase>
    <testcase name="The user is able to start council in the &apos;New call with session&apos; section Click on the “Preparar sala” button" time="0.0000" classname="Click on the “Preparar sala” button">
      <failure message="Timed out retrying: Expected to find element: `#prepararSalaNew`, but never found it." type="AssertionError"><![CDATA[AssertionError: Timed out retrying: Expected to find element: `#prepararSalaNew`, but never found it.
    at ensureExistence (https://app.dev.councilbox.com/__cypress/runner/cypress_runner.js:137673:32)
    at Object.ensureElExistence (https://app.dev.councilbox.com/__cypress/runner/cypress_runner.js:137691:12)
    at ensureExistence (https://app.dev.councilbox.com/__cypress/runner/cypress_runner.js:127867:23)
    at onFailFn (https://app.dev.councilbox.com/__cypress/runner/cypress_runner.js:127905:9)
    at tryCatcher (https://app.dev.councilbox.com/__cypress/runner/cypress_runner.js:9065:23)
    at Promise._settlePromiseFromHandler (https://app.dev.councilbox.com/__cypress/runner/cypress_runner.js:7000:31)
    at Promise._settlePromise (https://app.dev.councilbox.com/__cypress/runner/cypress_runner.js:7057:18)
    at Promise._settlePromise0 (https://app.dev.councilbox.com/__cypress/runner/cypress_runner.js:7102:10)
    at Promise._settlePromises (https://app.dev.councilbox.com/__cypress/runner/cypress_runner.js:7178:18)
    at _drainQueueStep (https://app.dev.councilbox.com/__cypress/runner/cypress_runner.js:3772:12)
    at _drainQueue (https://app.dev.councilbox.com/__cypress/runner/cypress_runner.js:3765:9)
    at Async.../../node_modules/bluebird/js/release/async.js.Async._drainQueues (https://app.dev.councilbox.com/__cypress/runner/cypress_runner.js:3781:5)
    at Async.drainQueues (https://app.dev.councilbox.com/__cypress/runner/cypress_runner.js:3651:14)]]></failure>
    </testcase>
    <testcase name="The user is able to start council in the &apos;New call with session&apos; section Navigate to the upper right corner and click on the “Abrir Sala” button" time="0.0000" classname="Navigate to the upper right corner and click on the “Abrir Sala” button">
      <failure message="Timed out retrying: Expected to find element: `#abrirSalaEnReunion`, but never found it." type="AssertionError"><![CDATA[AssertionError: Timed out retrying: Expected to find element: `#abrirSalaEnReunion`, but never found it.
    at ensureExistence (https://app.dev.councilbox.com/__cypress/runner/cypress_runner.js:137673:32)
    at Object.ensureElExistence (https://app.dev.councilbox.com/__cypress/runner/cypress_runner.js:137691:12)
    at ensureExistence (https://app.dev.councilbox.com/__cypress/runner/cypress_runner.js:127867:23)
    at onFailFn (https://app.dev.councilbox.com/__cypress/runner/cypress_runner.js:127905:9)
    at tryCatcher (https://app.dev.councilbox.com/__cypress/runner/cypress_runner.js:9065:23)
    at Promise._settlePromiseFromHandler (https://app.dev.councilbox.com/__cypress/runner/cypress_runner.js:7000:31)
    at Promise._settlePromise (https://app.dev.councilbox.com/__cypress/runner/cypress_runner.js:7057:18)
    at Promise._settlePromise0 (https://app.dev.councilbox.com/__cypress/runner/cypress_runner.js:7102:10)
    at Promise._settlePromises (https://app.dev.councilbox.com/__cypress/runner/cypress_runner.js:7178:18)
    at _drainQueueStep (https://app.dev.councilbox.com/__cypress/runner/cypress_runner.js:3772:12)
    at _drainQueue (https://app.dev.councilbox.com/__cypress/runner/cypress_runner.js:3765:9)
    at Async.../../node_modules/bluebird/js/release/async.js.Async._drainQueues (https://app.dev.councilbox.com/__cypress/runner/cypress_runner.js:3781:5)
    at Async.drainQueues (https://app.dev.councilbox.com/__cypress/runner/cypress_runner.js:3651:14)]]></failure>
    </testcase>
    <testcase name="The user is able to start council in the &apos;New call with session&apos; section Populate all required fields and click on the “Aceptar” button" time="10.1460" classname="Populate all required fields and click on the “Aceptar” button">
    </testcase>
    <testcase name="The user is able to start council in the &apos;New call with session&apos; section Navigate to the “Camera and microphone” form and click on the “Accept” button" time="0.0750" classname="Navigate to the “Camera and microphone” form and click on the “Accept” button">
    </testcase>
    <testcase name="The user is able to start council in the &apos;New call with session&apos; section Navigate to the upper right corner and click on the “Iniciar reunion” button" time="0.0000" classname="Navigate to the upper right corner and click on the “Iniciar reunion” button">
      <failure message="Timed out retrying: Expected to find element: `#start-council-button`, but never found it." type="AssertionError"><![CDATA[AssertionError: Timed out retrying: Expected to find element: `#start-council-button`, but never found it.
    at ensureExistence (https://app.dev.councilbox.com/__cypress/runner/cypress_runner.js:137673:32)
    at Object.ensureElExistence (https://app.dev.councilbox.com/__cypress/runner/cypress_runner.js:137691:12)
    at ensureExistence (https://app.dev.councilbox.com/__cypress/runner/cypress_runner.js:127867:23)
    at onFailFn (https://app.dev.councilbox.com/__cypress/runner/cypress_runner.js:127905:9)
    at tryCatcher (https://app.dev.councilbox.com/__cypress/runner/cypress_runner.js:9065:23)
    at Promise._settlePromiseFromHandler (https://app.dev.councilbox.com/__cypress/runner/cypress_runner.js:7000:31)
    at Promise._settlePromise (https://app.dev.councilbox.com/__cypress/runner/cypress_runner.js:7057:18)
    at Promise._settlePromise0 (https://app.dev.councilbox.com/__cypress/runner/cypress_runner.js:7102:10)
    at Promise._settlePromises (https://app.dev.councilbox.com/__cypress/runner/cypress_runner.js:7178:18)
    at _drainQueueStep (https://app.dev.councilbox.com/__cypress/runner/cypress_runner.js:3772:12)
    at _drainQueue (https://app.dev.councilbox.com/__cypress/runner/cypress_runner.js:3765:9)
    at Async.../../node_modules/bluebird/js/release/async.js.Async._drainQueues (https://app.dev.councilbox.com/__cypress/runner/cypress_runner.js:3781:5)
    at Async.drainQueues (https://app.dev.councilbox.com/__cypress/runner/cypress_runner.js:3651:14)]]></failure>
    </testcase>
    <testcase name="The user is able to start council in the &apos;New call with session&apos; section Populate all required fields and click on the “Aceptar” button" time="0.0000" classname="Populate all required fields and click on the “Aceptar” button">
      <failure message="Timed out retrying: Expected to find element: `#council-president-select`, but never found it." type="AssertionError"><![CDATA[AssertionError: Timed out retrying: Expected to find element: `#council-president-select`, but never found it.
    at ensureExistence (https://app.dev.councilbox.com/__cypress/runner/cypress_runner.js:137673:32)
    at Object.ensureElExistence (https://app.dev.councilbox.com/__cypress/runner/cypress_runner.js:137691:12)
    at ensureExistence (https://app.dev.councilbox.com/__cypress/runner/cypress_runner.js:127867:23)
    at onFailFn (https://app.dev.councilbox.com/__cypress/runner/cypress_runner.js:127905:9)
    at tryCatcher (https://app.dev.councilbox.com/__cypress/runner/cypress_runner.js:9065:23)
    at Promise._settlePromiseFromHandler (https://app.dev.councilbox.com/__cypress/runner/cypress_runner.js:7000:31)
    at Promise._settlePromise (https://app.dev.councilbox.com/__cypress/runner/cypress_runner.js:7057:18)
    at Promise._settlePromise0 (https://app.dev.councilbox.com/__cypress/runner/cypress_runner.js:7102:10)
    at Promise._settlePromises (https://app.dev.councilbox.com/__cypress/runner/cypress_runner.js:7178:18)
    at _drainQueueStep (https://app.dev.councilbox.com/__cypress/runner/cypress_runner.js:3772:12)
    at _drainQueue (https://app.dev.councilbox.com/__cypress/runner/cypress_runner.js:3765:9)
    at Async.../../node_modules/bluebird/js/release/async.js.Async._drainQueues (https://app.dev.councilbox.com/__cypress/runner/cypress_runner.js:3781:5)
    at Async.drainQueues (https://app.dev.councilbox.com/__cypress/runner/cypress_runner.js:3651:14)]]></failure>
    </testcase>
    <testcase name="The user is able to start council in the &apos;New call with session&apos; section User should be able to exit the meeting" time="3.7860" classname="User should be able to exit the meeting">
    </testcase>
  </testsuite>
  <testsuite name="The user is able to open point in the &apos;New call with session&apos; section" timestamp="2022-01-04T16:07:14" tests="16" time="78.9450" failures="8">
    <testcase name="The user is able to open point in the &apos;New call with session&apos; section Click on the &apos;Nueva reunion&apos; button" time="2.5230" classname="Click on the &apos;Nueva reunion&apos; button">
    </testcase>
    <testcase name="The user is able to open point in the &apos;New call with session&apos; section Click on the “Con sesion” button" time="3.1620" classname="Click on the “Con sesion” button">
    </testcase>
    <testcase name="The user is able to open point in the &apos;New call with session&apos; section Populate all required fields and click on the “Siguiente” button" time="2.6670" classname="Populate all required fields and click on the “Siguiente” button">
    </testcase>
    <testcase name="The user is able to open point in the &apos;New call with session&apos; section Click on the &apos;Anadir participante&apos; button and populate all required fields then click on the “Siguiente” button" time="12.4740" classname="Click on the &apos;Anadir participante&apos; button and populate all required fields then click on the “Siguiente” button">
    </testcase>
    <testcase name="The user is able to open point in the &apos;New call with session&apos; section Click on the “Anadir punto al orden del dia+” button" time="0.6250" classname="Click on the “Anadir punto al orden del dia+” button">
    </testcase>
    <testcase name="The user is able to open point in the &apos;New call with session&apos; section Click on the “Punto Si/no abstencion” button and populate “Title” field then choose “Votacio nominal” tipo and click on the “Aceptar” button then click on the “Siguiente” button" time="0.0000" classname="Click on the “Punto Si/no abstencion” button and populate “Title” field then choose “Votacio nominal” tipo and click on the “Aceptar” button then click on the “Siguiente” button">
      <failure message="Timed out retrying: `cy.click()` failed because this element is not visible:

`&lt;button tabindex=&quot;0&quot; class=&quot;jss502 jss505 jss510&quot; type=&quot;button&quot; id=&quot;ordenDelDiaNext&quot; style=&quot;text-transform: none; background-color: rgb(125, 33, 128); outline: 0px; cursor: pointer; color: white; font-weight: 700; font-size: 0.9em;&quot;&gt;...&lt;/button&gt;`

This element `&lt;button#ordenDelDiaNext.jss502.jss505.jss510&gt;` is not visible because it has CSS property: `position: fixed` and it&apos;s being covered by another element:

`&lt;div class=&quot;jss1339&quot; aria-hidden=&quot;true&quot; style=&quot;opacity: 1; will-change: opacity; transition: opacity 225ms cubic-bezier(0.4, 0, 0.2, 1) 0ms;&quot;&gt;&lt;/div&gt;`

Fix this problem, or use `{force: true}` to disable error checking.

https://on.cypress.io/element-cannot-be-interacted-with" type="CypressError"><![CDATA[CypressError: Timed out retrying: `cy.click()` failed because this element is not visible:

`<button tabindex="0" class="jss502 jss505 jss510" type="button" id="ordenDelDiaNext" style="text-transform: none; background-color: rgb(125, 33, 128); outline: 0px; cursor: pointer; color: white; font-weight: 700; font-size: 0.9em;">...</button>`

This element `<button#ordenDelDiaNext.jss502.jss505.jss510>` is not visible because it has CSS property: `position: fixed` and it's being covered by another element:

`<div class="jss1339" aria-hidden="true" style="opacity: 1; will-change: opacity; transition: opacity 225ms cubic-bezier(0.4, 0, 0.2, 1) 0ms;"></div>`

Fix this problem, or use `{force: true}` to disable error checking.

https://on.cypress.io/element-cannot-be-interacted-with
    at cypressErr (https://app.dev.councilbox.com/__cypress/runner/cypress_runner.js:146621:16)
    at cypressErrByPath (https://app.dev.councilbox.com/__cypress/runner/cypress_runner.js:146630:10)
    at Object.throwErrByPath (https://app.dev.councilbox.com/__cypress/runner/cypress_runner.js:146593:11)
    at Object.ensureVisibility (https://app.dev.councilbox.com/__cypress/runner/cypress_runner.js:137599:24)
    at runAllChecks (https://app.dev.councilbox.com/__cypress/runner/cypress_runner.js:127499:14)
    at retryActionability (https://app.dev.councilbox.com/__cypress/runner/cypress_runner.js:127542:16)
    at tryCatcher (https://app.dev.councilbox.com/__cypress/runner/cypress_runner.js:9065:23)
    at Function.Promise.attempt.Promise.try (https://app.dev.councilbox.com/__cypress/runner/cypress_runner.js:6339:29)
    at tryFn (https://app.dev.councilbox.com/__cypress/runner/cypress_runner.js:140680:21)
    at whenStable (https://app.dev.councilbox.com/__cypress/runner/cypress_runner.js:140715:12)
    at https://app.dev.councilbox.com/__cypress/runner/cypress_runner.js:140259:16
    at tryCatcher (https://app.dev.councilbox.com/__cypress/runner/cypress_runner.js:9065:23)
    at Promise._settlePromiseFromHandler (https://app.dev.councilbox.com/__cypress/runner/cypress_runner.js:7000:31)
    at Promise._settlePromise (https://app.dev.councilbox.com/__cypress/runner/cypress_runner.js:7057:18)
    at Promise._settlePromise0 (https://app.dev.councilbox.com/__cypress/runner/cypress_runner.js:7102:10)
    at Promise._settlePromises (https://app.dev.councilbox.com/__cypress/runner/cypress_runner.js:7182:18)]]></failure>
    </testcase>
    <testcase name="The user is able to open point in the &apos;New call with session&apos; section Populate all required fields and click on the “Siguiente” button" time="0.0000" classname="Populate all required fields and click on the “Siguiente” button">
      <failure message="Timed out retrying: Expected to find element: `#council-options-contact-email`, but never found it." type="AssertionError"><![CDATA[AssertionError: Timed out retrying: Expected to find element: `#council-options-contact-email`, but never found it.
    at ensureExistence (https://app.dev.councilbox.com/__cypress/runner/cypress_runner.js:137673:32)
    at Object.ensureElExistence (https://app.dev.councilbox.com/__cypress/runner/cypress_runner.js:137691:12)
    at ensureExistence (https://app.dev.councilbox.com/__cypress/runner/cypress_runner.js:127867:23)
    at onFailFn (https://app.dev.councilbox.com/__cypress/runner/cypress_runner.js:127905:9)
    at tryCatcher (https://app.dev.councilbox.com/__cypress/runner/cypress_runner.js:9065:23)
    at Promise._settlePromiseFromHandler (https://app.dev.councilbox.com/__cypress/runner/cypress_runner.js:7000:31)
    at Promise._settlePromise (https://app.dev.councilbox.com/__cypress/runner/cypress_runner.js:7057:18)
    at Promise._settlePromise0 (https://app.dev.councilbox.com/__cypress/runner/cypress_runner.js:7102:10)
    at Promise._settlePromises (https://app.dev.councilbox.com/__cypress/runner/cypress_runner.js:7178:18)
    at _drainQueueStep (https://app.dev.councilbox.com/__cypress/runner/cypress_runner.js:3772:12)
    at _drainQueue (https://app.dev.councilbox.com/__cypress/runner/cypress_runner.js:3765:9)
    at Async.../../node_modules/bluebird/js/release/async.js.Async._drainQueues (https://app.dev.councilbox.com/__cypress/runner/cypress_runner.js:3781:5)
    at Async.drainQueues (https://app.dev.councilbox.com/__cypress/runner/cypress_runner.js:3651:14)]]></failure>
    </testcase>
    <testcase name="The user is able to open point in the &apos;New call with session&apos; section Click on the “Convocar y notificar” button" time="0.0000" classname="Click on the “Convocar y notificar” button">
      <failure message="Timed out retrying: Expected to find element: `#council-editor-convene-notify`, but never found it." type="AssertionError"><![CDATA[AssertionError: Timed out retrying: Expected to find element: `#council-editor-convene-notify`, but never found it.
    at ensureExistence (https://app.dev.councilbox.com/__cypress/runner/cypress_runner.js:137673:32)
    at Object.ensureElExistence (https://app.dev.councilbox.com/__cypress/runner/cypress_runner.js:137691:12)
    at ensureExistence (https://app.dev.councilbox.com/__cypress/runner/cypress_runner.js:127867:23)
    at onFailFn (https://app.dev.councilbox.com/__cypress/runner/cypress_runner.js:127905:9)
    at tryCatcher (https://app.dev.councilbox.com/__cypress/runner/cypress_runner.js:9065:23)
    at Promise._settlePromiseFromHandler (https://app.dev.councilbox.com/__cypress/runner/cypress_runner.js:7000:31)
    at Promise._settlePromise (https://app.dev.councilbox.com/__cypress/runner/cypress_runner.js:7057:18)
    at Promise._settlePromise0 (https://app.dev.councilbox.com/__cypress/runner/cypress_runner.js:7102:10)
    at Promise._settlePromises (https://app.dev.councilbox.com/__cypress/runner/cypress_runner.js:7178:18)
    at _drainQueueStep (https://app.dev.councilbox.com/__cypress/runner/cypress_runner.js:3772:12)
    at _drainQueue (https://app.dev.councilbox.com/__cypress/runner/cypress_runner.js:3765:9)
    at Async.../../node_modules/bluebird/js/release/async.js.Async._drainQueues (https://app.dev.councilbox.com/__cypress/runner/cypress_runner.js:3781:5)
    at Async.drainQueues (https://app.dev.councilbox.com/__cypress/runner/cypress_runner.js:3651:14)]]></failure>
    </testcase>
    <testcase name="The user is able to open point in the &apos;New call with session&apos; section Click on the “Preparar sala” button" time="0.0000" classname="Click on the “Preparar sala” button">
      <failure message="Timed out retrying: Expected to find element: `#prepararSalaNew`, but never found it." type="AssertionError"><![CDATA[AssertionError: Timed out retrying: Expected to find element: `#prepararSalaNew`, but never found it.
    at ensureExistence (https://app.dev.councilbox.com/__cypress/runner/cypress_runner.js:137673:32)
    at Object.ensureElExistence (https://app.dev.councilbox.com/__cypress/runner/cypress_runner.js:137691:12)
    at ensureExistence (https://app.dev.councilbox.com/__cypress/runner/cypress_runner.js:127867:23)
    at onFailFn (https://app.dev.councilbox.com/__cypress/runner/cypress_runner.js:127905:9)
    at tryCatcher (https://app.dev.councilbox.com/__cypress/runner/cypress_runner.js:9065:23)
    at Promise._settlePromiseFromHandler (https://app.dev.councilbox.com/__cypress/runner/cypress_runner.js:7000:31)
    at Promise._settlePromise (https://app.dev.councilbox.com/__cypress/runner/cypress_runner.js:7057:18)
    at Promise._settlePromise0 (https://app.dev.councilbox.com/__cypress/runner/cypress_runner.js:7102:10)
    at Promise._settlePromises (https://app.dev.councilbox.com/__cypress/runner/cypress_runner.js:7178:18)
    at _drainQueueStep (https://app.dev.councilbox.com/__cypress/runner/cypress_runner.js:3772:12)
    at _drainQueue (https://app.dev.councilbox.com/__cypress/runner/cypress_runner.js:3765:9)
    at Async.../../node_modules/bluebird/js/release/async.js.Async._drainQueues (https://app.dev.councilbox.com/__cypress/runner/cypress_runner.js:3781:5)
    at Async.drainQueues (https://app.dev.councilbox.com/__cypress/runner/cypress_runner.js:3651:14)]]></failure>
    </testcase>
    <testcase name="The user is able to open point in the &apos;New call with session&apos; section Navigate to the upper right corner and click on the “Abrir Sala” button" time="0.0000" classname="Navigate to the upper right corner and click on the “Abrir Sala” button">
      <failure message="Timed out retrying: Expected to find element: `#abrirSalaEnReunion`, but never found it." type="AssertionError"><![CDATA[AssertionError: Timed out retrying: Expected to find element: `#abrirSalaEnReunion`, but never found it.
    at ensureExistence (https://app.dev.councilbox.com/__cypress/runner/cypress_runner.js:137673:32)
    at Object.ensureElExistence (https://app.dev.councilbox.com/__cypress/runner/cypress_runner.js:137691:12)
    at ensureExistence (https://app.dev.councilbox.com/__cypress/runner/cypress_runner.js:127867:23)
    at onFailFn (https://app.dev.councilbox.com/__cypress/runner/cypress_runner.js:127905:9)
    at tryCatcher (https://app.dev.councilbox.com/__cypress/runner/cypress_runner.js:9065:23)
    at Promise._settlePromiseFromHandler (https://app.dev.councilbox.com/__cypress/runner/cypress_runner.js:7000:31)
    at Promise._settlePromise (https://app.dev.councilbox.com/__cypress/runner/cypress_runner.js:7057:18)
    at Promise._settlePromise0 (https://app.dev.councilbox.com/__cypress/runner/cypress_runner.js:7102:10)
    at Promise._settlePromises (https://app.dev.councilbox.com/__cypress/runner/cypress_runner.js:7178:18)
    at _drainQueueStep (https://app.dev.councilbox.com/__cypress/runner/cypress_runner.js:3772:12)
    at _drainQueue (https://app.dev.councilbox.com/__cypress/runner/cypress_runner.js:3765:9)
    at Async.../../node_modules/bluebird/js/release/async.js.Async._drainQueues (https://app.dev.councilbox.com/__cypress/runner/cypress_runner.js:3781:5)
    at Async.drainQueues (https://app.dev.councilbox.com/__cypress/runner/cypress_runner.js:3651:14)]]></failure>
    </testcase>
    <testcase name="The user is able to open point in the &apos;New call with session&apos; section Populate all required fields and click on the “Aceptar” button" time="10.1760" classname="Populate all required fields and click on the “Aceptar” button">
    </testcase>
    <testcase name="The user is able to open point in the &apos;New call with session&apos; section Navigate to the “Camera and microphone” form and click on the “Accept” button" time="0.0630" classname="Navigate to the “Camera and microphone” form and click on the “Accept” button">
    </testcase>
    <testcase name="The user is able to open point in the &apos;New call with session&apos; section Navigate to the upper right corner and click on the “Iniciar reunion” button" time="0.0000" classname="Navigate to the upper right corner and click on the “Iniciar reunion” button">
      <failure message="Timed out retrying: Expected to find element: `#start-council-button`, but never found it." type="AssertionError"><![CDATA[AssertionError: Timed out retrying: Expected to find element: `#start-council-button`, but never found it.
    at ensureExistence (https://app.dev.councilbox.com/__cypress/runner/cypress_runner.js:137673:32)
    at Object.ensureElExistence (https://app.dev.councilbox.com/__cypress/runner/cypress_runner.js:137691:12)
    at ensureExistence (https://app.dev.councilbox.com/__cypress/runner/cypress_runner.js:127867:23)
    at onFailFn (https://app.dev.councilbox.com/__cypress/runner/cypress_runner.js:127905:9)
    at tryCatcher (https://app.dev.councilbox.com/__cypress/runner/cypress_runner.js:9065:23)
    at Promise._settlePromiseFromHandler (https://app.dev.councilbox.com/__cypress/runner/cypress_runner.js:7000:31)
    at Promise._settlePromise (https://app.dev.councilbox.com/__cypress/runner/cypress_runner.js:7057:18)
    at Promise._settlePromise0 (https://app.dev.councilbox.com/__cypress/runner/cypress_runner.js:7102:10)
    at Promise._settlePromises (https://app.dev.councilbox.com/__cypress/runner/cypress_runner.js:7178:18)
    at _drainQueueStep (https://app.dev.councilbox.com/__cypress/runner/cypress_runner.js:3772:12)
    at _drainQueue (https://app.dev.councilbox.com/__cypress/runner/cypress_runner.js:3765:9)
    at Async.../../node_modules/bluebird/js/release/async.js.Async._drainQueues (https://app.dev.councilbox.com/__cypress/runner/cypress_runner.js:3781:5)
    at Async.drainQueues (https://app.dev.councilbox.com/__cypress/runner/cypress_runner.js:3651:14)]]></failure>
    </testcase>
    <testcase name="The user is able to open point in the &apos;New call with session&apos; section Populate all required fields and click on the “Aceptar” button" time="0.0000" classname="Populate all required fields and click on the “Aceptar” button">
      <failure message="Timed out retrying: Expected to find element: `#council-president-select`, but never found it." type="AssertionError"><![CDATA[AssertionError: Timed out retrying: Expected to find element: `#council-president-select`, but never found it.
    at ensureExistence (https://app.dev.councilbox.com/__cypress/runner/cypress_runner.js:137673:32)
    at Object.ensureElExistence (https://app.dev.councilbox.com/__cypress/runner/cypress_runner.js:137691:12)
    at ensureExistence (https://app.dev.councilbox.com/__cypress/runner/cypress_runner.js:127867:23)
    at onFailFn (https://app.dev.councilbox.com/__cypress/runner/cypress_runner.js:127905:9)
    at tryCatcher (https://app.dev.councilbox.com/__cypress/runner/cypress_runner.js:9065:23)
    at Promise._settlePromiseFromHandler (https://app.dev.councilbox.com/__cypress/runner/cypress_runner.js:7000:31)
    at Promise._settlePromise (https://app.dev.councilbox.com/__cypress/runner/cypress_runner.js:7057:18)
    at Promise._settlePromise0 (https://app.dev.councilbox.com/__cypress/runner/cypress_runner.js:7102:10)
    at Promise._settlePromises (https://app.dev.councilbox.com/__cypress/runner/cypress_runner.js:7178:18)
    at _drainQueueStep (https://app.dev.councilbox.com/__cypress/runner/cypress_runner.js:3772:12)
    at _drainQueue (https://app.dev.councilbox.com/__cypress/runner/cypress_runner.js:3765:9)
    at Async.../../node_modules/bluebird/js/release/async.js.Async._drainQueues (https://app.dev.councilbox.com/__cypress/runner/cypress_runner.js:3781:5)
    at Async.drainQueues (https://app.dev.councilbox.com/__cypress/runner/cypress_runner.js:3651:14)]]></failure>
    </testcase>
    <testcase name="The user is able to open point in the &apos;New call with session&apos; section Click on the “Abrir punto” button" time="0.0000" classname="Click on the “Abrir punto” button">
      <failure message="Timed out retrying: Expected to find element: `#council-live-tab-agenda`, but never found it." type="AssertionError"><![CDATA[AssertionError: Timed out retrying: Expected to find element: `#council-live-tab-agenda`, but never found it.
    at ensureExistence (https://app.dev.councilbox.com/__cypress/runner/cypress_runner.js:137673:32)
    at Object.ensureElExistence (https://app.dev.councilbox.com/__cypress/runner/cypress_runner.js:137691:12)
    at ensureExistence (https://app.dev.councilbox.com/__cypress/runner/cypress_runner.js:127867:23)
    at onFailFn (https://app.dev.councilbox.com/__cypress/runner/cypress_runner.js:127905:9)
    at tryCatcher (https://app.dev.councilbox.com/__cypress/runner/cypress_runner.js:9065:23)
    at Promise._settlePromiseFromHandler (https://app.dev.councilbox.com/__cypress/runner/cypress_runner.js:7000:31)
    at Promise._settlePromise (https://app.dev.councilbox.com/__cypress/runner/cypress_runner.js:7057:18)
    at Promise._settlePromise0 (https://app.dev.councilbox.com/__cypress/runner/cypress_runner.js:7102:10)
    at Promise._settlePromises (https://app.dev.councilbox.com/__cypress/runner/cypress_runner.js:7178:18)
    at _drainQueueStep (https://app.dev.councilbox.com/__cypress/runner/cypress_runner.js:3772:12)
    at _drainQueue (https://app.dev.councilbox.com/__cypress/runner/cypress_runner.js:3765:9)
    at Async.../../node_modules/bluebird/js/release/async.js.Async._drainQueues (https://app.dev.councilbox.com/__cypress/runner/cypress_runner.js:3781:5)
    at Async.drainQueues (https://app.dev.councilbox.com/__cypress/runner/cypress_runner.js:3651:14)]]></failure>
    </testcase>
    <testcase name="The user is able to open point in the &apos;New call with session&apos; section User should be able to exit the meeting" time="5.6350" classname="User should be able to exit the meeting">
    </testcase>
  </testsuite>
  <testsuite name="The user is able to activate ratings in the &apos;New call with session&apos;" timestamp="2022-01-04T16:08:33" tests="17" time="86.1390" failures="9">
    <testcase name="The user is able to activate ratings in the &apos;New call with session&apos; Click on the &apos;Nueva reunion&apos; button" time="4.2360" classname="Click on the &apos;Nueva reunion&apos; button">
    </testcase>
    <testcase name="The user is able to activate ratings in the &apos;New call with session&apos; Click on the “Con sesion” button" time="3.1800" classname="Click on the “Con sesion” button">
    </testcase>
    <testcase name="The user is able to activate ratings in the &apos;New call with session&apos; Populate all required fields and click on the “Siguiente” button" time="2.7000" classname="Populate all required fields and click on the “Siguiente” button">
    </testcase>
    <testcase name="The user is able to activate ratings in the &apos;New call with session&apos; Click on the &apos;Anadir participante&apos; button and populate all required fields then click on the “Siguiente” button" time="12.8960" classname="Click on the &apos;Anadir participante&apos; button and populate all required fields then click on the “Siguiente” button">
    </testcase>
    <testcase name="The user is able to activate ratings in the &apos;New call with session&apos; Click on the “Anadir punto al orden del dia+” button" time="0.9080" classname="Click on the “Anadir punto al orden del dia+” button">
    </testcase>
    <testcase name="The user is able to activate ratings in the &apos;New call with session&apos; Click on the “Punto Si/no abstencion” button and populate “Title” field then choose “Votacio nominal” tipo and click on the “Aceptar” button then click on the “Siguiente” button" time="0.0000" classname="Click on the “Punto Si/no abstencion” button and populate “Title” field then choose “Votacio nominal” tipo and click on the “Aceptar” button then click on the “Siguiente” button">
      <failure message="Timed out retrying: `cy.click()` failed because this element is not visible:

`&lt;button tabindex=&quot;0&quot; class=&quot;jss502 jss505 jss510&quot; type=&quot;button&quot; id=&quot;ordenDelDiaNext&quot; style=&quot;text-transform: none; background-color: rgb(125, 33, 128); outline: 0px; cursor: pointer; color: white; font-weight: 700; font-size: 0.9em;&quot;&gt;...&lt;/button&gt;`

This element `&lt;button#ordenDelDiaNext.jss502.jss505.jss510&gt;` is not visible because it has CSS property: `position: fixed` and it&apos;s being covered by another element:

`&lt;div class=&quot;jss1339&quot; aria-hidden=&quot;true&quot; style=&quot;opacity: 1; will-change: opacity; transition: opacity 225ms cubic-bezier(0.4, 0, 0.2, 1) 0ms;&quot;&gt;&lt;/div&gt;`

Fix this problem, or use `{force: true}` to disable error checking.

https://on.cypress.io/element-cannot-be-interacted-with" type="CypressError"><![CDATA[CypressError: Timed out retrying: `cy.click()` failed because this element is not visible:

`<button tabindex="0" class="jss502 jss505 jss510" type="button" id="ordenDelDiaNext" style="text-transform: none; background-color: rgb(125, 33, 128); outline: 0px; cursor: pointer; color: white; font-weight: 700; font-size: 0.9em;">...</button>`

This element `<button#ordenDelDiaNext.jss502.jss505.jss510>` is not visible because it has CSS property: `position: fixed` and it's being covered by another element:

`<div class="jss1339" aria-hidden="true" style="opacity: 1; will-change: opacity; transition: opacity 225ms cubic-bezier(0.4, 0, 0.2, 1) 0ms;"></div>`

Fix this problem, or use `{force: true}` to disable error checking.

https://on.cypress.io/element-cannot-be-interacted-with
    at cypressErr (https://app.dev.councilbox.com/__cypress/runner/cypress_runner.js:146621:16)
    at cypressErrByPath (https://app.dev.councilbox.com/__cypress/runner/cypress_runner.js:146630:10)
    at Object.throwErrByPath (https://app.dev.councilbox.com/__cypress/runner/cypress_runner.js:146593:11)
    at Object.ensureVisibility (https://app.dev.councilbox.com/__cypress/runner/cypress_runner.js:137599:24)
    at runAllChecks (https://app.dev.councilbox.com/__cypress/runner/cypress_runner.js:127499:14)
    at retryActionability (https://app.dev.councilbox.com/__cypress/runner/cypress_runner.js:127542:16)
    at tryCatcher (https://app.dev.councilbox.com/__cypress/runner/cypress_runner.js:9065:23)
    at Function.Promise.attempt.Promise.try (https://app.dev.councilbox.com/__cypress/runner/cypress_runner.js:6339:29)
    at tryFn (https://app.dev.councilbox.com/__cypress/runner/cypress_runner.js:140680:21)
    at whenStable (https://app.dev.councilbox.com/__cypress/runner/cypress_runner.js:140715:12)
    at https://app.dev.councilbox.com/__cypress/runner/cypress_runner.js:140259:16
    at tryCatcher (https://app.dev.councilbox.com/__cypress/runner/cypress_runner.js:9065:23)
    at Promise._settlePromiseFromHandler (https://app.dev.councilbox.com/__cypress/runner/cypress_runner.js:7000:31)
    at Promise._settlePromise (https://app.dev.councilbox.com/__cypress/runner/cypress_runner.js:7057:18)
    at Promise._settlePromise0 (https://app.dev.councilbox.com/__cypress/runner/cypress_runner.js:7102:10)
    at Promise._settlePromises (https://app.dev.councilbox.com/__cypress/runner/cypress_runner.js:7182:18)]]></failure>
    </testcase>
    <testcase name="The user is able to activate ratings in the &apos;New call with session&apos; Populate all required fields and click on the “Siguiente” button" time="0.0000" classname="Populate all required fields and click on the “Siguiente” button">
      <failure message="Timed out retrying: Expected to find element: `#council-options-contact-email`, but never found it." type="AssertionError"><![CDATA[AssertionError: Timed out retrying: Expected to find element: `#council-options-contact-email`, but never found it.
    at ensureExistence (https://app.dev.councilbox.com/__cypress/runner/cypress_runner.js:137673:32)
    at Object.ensureElExistence (https://app.dev.councilbox.com/__cypress/runner/cypress_runner.js:137691:12)
    at ensureExistence (https://app.dev.councilbox.com/__cypress/runner/cypress_runner.js:127867:23)
    at onFailFn (https://app.dev.councilbox.com/__cypress/runner/cypress_runner.js:127905:9)
    at tryCatcher (https://app.dev.councilbox.com/__cypress/runner/cypress_runner.js:9065:23)
    at Promise._settlePromiseFromHandler (https://app.dev.councilbox.com/__cypress/runner/cypress_runner.js:7000:31)
    at Promise._settlePromise (https://app.dev.councilbox.com/__cypress/runner/cypress_runner.js:7057:18)
    at Promise._settlePromise0 (https://app.dev.councilbox.com/__cypress/runner/cypress_runner.js:7102:10)
    at Promise._settlePromises (https://app.dev.councilbox.com/__cypress/runner/cypress_runner.js:7178:18)
    at _drainQueueStep (https://app.dev.councilbox.com/__cypress/runner/cypress_runner.js:3772:12)
    at _drainQueue (https://app.dev.councilbox.com/__cypress/runner/cypress_runner.js:3765:9)
    at Async.../../node_modules/bluebird/js/release/async.js.Async._drainQueues (https://app.dev.councilbox.com/__cypress/runner/cypress_runner.js:3781:5)
    at Async.drainQueues (https://app.dev.councilbox.com/__cypress/runner/cypress_runner.js:3651:14)]]></failure>
    </testcase>
    <testcase name="The user is able to activate ratings in the &apos;New call with session&apos; Click on the “Convocar y notificar” button" time="0.0000" classname="Click on the “Convocar y notificar” button">
      <failure message="Timed out retrying: Expected to find element: `#council-editor-convene-notify`, but never found it." type="AssertionError"><![CDATA[AssertionError: Timed out retrying: Expected to find element: `#council-editor-convene-notify`, but never found it.
    at ensureExistence (https://app.dev.councilbox.com/__cypress/runner/cypress_runner.js:137673:32)
    at Object.ensureElExistence (https://app.dev.councilbox.com/__cypress/runner/cypress_runner.js:137691:12)
    at ensureExistence (https://app.dev.councilbox.com/__cypress/runner/cypress_runner.js:127867:23)
    at onFailFn (https://app.dev.councilbox.com/__cypress/runner/cypress_runner.js:127905:9)
    at tryCatcher (https://app.dev.councilbox.com/__cypress/runner/cypress_runner.js:9065:23)
    at Promise._settlePromiseFromHandler (https://app.dev.councilbox.com/__cypress/runner/cypress_runner.js:7000:31)
    at Promise._settlePromise (https://app.dev.councilbox.com/__cypress/runner/cypress_runner.js:7057:18)
    at Promise._settlePromise0 (https://app.dev.councilbox.com/__cypress/runner/cypress_runner.js:7102:10)
    at Promise._settlePromises (https://app.dev.councilbox.com/__cypress/runner/cypress_runner.js:7178:18)
    at _drainQueueStep (https://app.dev.councilbox.com/__cypress/runner/cypress_runner.js:3772:12)
    at _drainQueue (https://app.dev.councilbox.com/__cypress/runner/cypress_runner.js:3765:9)
    at Async.../../node_modules/bluebird/js/release/async.js.Async._drainQueues (https://app.dev.councilbox.com/__cypress/runner/cypress_runner.js:3781:5)
    at Async.drainQueues (https://app.dev.councilbox.com/__cypress/runner/cypress_runner.js:3651:14)]]></failure>
    </testcase>
    <testcase name="The user is able to activate ratings in the &apos;New call with session&apos; Click on the “Preparar sala” button" time="0.0000" classname="Click on the “Preparar sala” button">
      <failure message="Timed out retrying: Expected to find element: `#prepararSalaNew`, but never found it." type="AssertionError"><![CDATA[AssertionError: Timed out retrying: Expected to find element: `#prepararSalaNew`, but never found it.
    at ensureExistence (https://app.dev.councilbox.com/__cypress/runner/cypress_runner.js:137673:32)
    at Object.ensureElExistence (https://app.dev.councilbox.com/__cypress/runner/cypress_runner.js:137691:12)
    at ensureExistence (https://app.dev.councilbox.com/__cypress/runner/cypress_runner.js:127867:23)
    at onFailFn (https://app.dev.councilbox.com/__cypress/runner/cypress_runner.js:127905:9)
    at tryCatcher (https://app.dev.councilbox.com/__cypress/runner/cypress_runner.js:9065:23)
    at Promise._settlePromiseFromHandler (https://app.dev.councilbox.com/__cypress/runner/cypress_runner.js:7000:31)
    at Promise._settlePromise (https://app.dev.councilbox.com/__cypress/runner/cypress_runner.js:7057:18)
    at Promise._settlePromise0 (https://app.dev.councilbox.com/__cypress/runner/cypress_runner.js:7102:10)
    at Promise._settlePromises (https://app.dev.councilbox.com/__cypress/runner/cypress_runner.js:7178:18)
    at _drainQueueStep (https://app.dev.councilbox.com/__cypress/runner/cypress_runner.js:3772:12)
    at _drainQueue (https://app.dev.councilbox.com/__cypress/runner/cypress_runner.js:3765:9)
    at Async.../../node_modules/bluebird/js/release/async.js.Async._drainQueues (https://app.dev.councilbox.com/__cypress/runner/cypress_runner.js:3781:5)
    at Async.drainQueues (https://app.dev.councilbox.com/__cypress/runner/cypress_runner.js:3651:14)]]></failure>
    </testcase>
    <testcase name="The user is able to activate ratings in the &apos;New call with session&apos; Navigate to the upper right corner and click on the “Abrir Sala” button" time="0.0000" classname="Navigate to the upper right corner and click on the “Abrir Sala” button">
      <failure message="Timed out retrying: Expected to find element: `#abrirSalaEnReunion`, but never found it." type="AssertionError"><![CDATA[AssertionError: Timed out retrying: Expected to find element: `#abrirSalaEnReunion`, but never found it.
    at ensureExistence (https://app.dev.councilbox.com/__cypress/runner/cypress_runner.js:137673:32)
    at Object.ensureElExistence (https://app.dev.councilbox.com/__cypress/runner/cypress_runner.js:137691:12)
    at ensureExistence (https://app.dev.councilbox.com/__cypress/runner/cypress_runner.js:127867:23)
    at onFailFn (https://app.dev.councilbox.com/__cypress/runner/cypress_runner.js:127905:9)
    at tryCatcher (https://app.dev.councilbox.com/__cypress/runner/cypress_runner.js:9065:23)
    at Promise._settlePromiseFromHandler (https://app.dev.councilbox.com/__cypress/runner/cypress_runner.js:7000:31)
    at Promise._settlePromise (https://app.dev.councilbox.com/__cypress/runner/cypress_runner.js:7057:18)
    at Promise._settlePromise0 (https://app.dev.councilbox.com/__cypress/runner/cypress_runner.js:7102:10)
    at Promise._settlePromises (https://app.dev.councilbox.com/__cypress/runner/cypress_runner.js:7178:18)
    at _drainQueueStep (https://app.dev.councilbox.com/__cypress/runner/cypress_runner.js:3772:12)
    at _drainQueue (https://app.dev.councilbox.com/__cypress/runner/cypress_runner.js:3765:9)
    at Async.../../node_modules/bluebird/js/release/async.js.Async._drainQueues (https://app.dev.councilbox.com/__cypress/runner/cypress_runner.js:3781:5)
    at Async.drainQueues (https://app.dev.councilbox.com/__cypress/runner/cypress_runner.js:3651:14)]]></failure>
    </testcase>
    <testcase name="The user is able to activate ratings in the &apos;New call with session&apos; Populate all required fields and click on the “Aceptar” button" time="10.1560" classname="Populate all required fields and click on the “Aceptar” button">
    </testcase>
    <testcase name="The user is able to activate ratings in the &apos;New call with session&apos; Navigate to the “Camera and microphone” form and click on the “Accept” button" time="0.0870" classname="Navigate to the “Camera and microphone” form and click on the “Accept” button">
    </testcase>
    <testcase name="The user is able to activate ratings in the &apos;New call with session&apos; Navigate to the upper right corner and click on the “Iniciar reunion” button" time="0.0000" classname="Navigate to the upper right corner and click on the “Iniciar reunion” button">
      <failure message="Timed out retrying: Expected to find element: `#start-council-button`, but never found it." type="AssertionError"><![CDATA[AssertionError: Timed out retrying: Expected to find element: `#start-council-button`, but never found it.
    at ensureExistence (https://app.dev.councilbox.com/__cypress/runner/cypress_runner.js:137673:32)
    at Object.ensureElExistence (https://app.dev.councilbox.com/__cypress/runner/cypress_runner.js:137691:12)
    at ensureExistence (https://app.dev.councilbox.com/__cypress/runner/cypress_runner.js:127867:23)
    at onFailFn (https://app.dev.councilbox.com/__cypress/runner/cypress_runner.js:127905:9)
    at tryCatcher (https://app.dev.councilbox.com/__cypress/runner/cypress_runner.js:9065:23)
    at Promise._settlePromiseFromHandler (https://app.dev.councilbox.com/__cypress/runner/cypress_runner.js:7000:31)
    at Promise._settlePromise (https://app.dev.councilbox.com/__cypress/runner/cypress_runner.js:7057:18)
    at Promise._settlePromise0 (https://app.dev.councilbox.com/__cypress/runner/cypress_runner.js:7102:10)
    at Promise._settlePromises (https://app.dev.councilbox.com/__cypress/runner/cypress_runner.js:7178:18)
    at _drainQueueStep (https://app.dev.councilbox.com/__cypress/runner/cypress_runner.js:3772:12)
    at _drainQueue (https://app.dev.councilbox.com/__cypress/runner/cypress_runner.js:3765:9)
    at Async.../../node_modules/bluebird/js/release/async.js.Async._drainQueues (https://app.dev.councilbox.com/__cypress/runner/cypress_runner.js:3781:5)
    at Async.drainQueues (https://app.dev.councilbox.com/__cypress/runner/cypress_runner.js:3651:14)]]></failure>
    </testcase>
    <testcase name="The user is able to activate ratings in the &apos;New call with session&apos; Populate all required fields and click on the “Aceptar” button" time="0.0000" classname="Populate all required fields and click on the “Aceptar” button">
      <failure message="Timed out retrying: Expected to find element: `#council-president-select`, but never found it." type="AssertionError"><![CDATA[AssertionError: Timed out retrying: Expected to find element: `#council-president-select`, but never found it.
    at ensureExistence (https://app.dev.councilbox.com/__cypress/runner/cypress_runner.js:137673:32)
    at Object.ensureElExistence (https://app.dev.councilbox.com/__cypress/runner/cypress_runner.js:137691:12)
    at ensureExistence (https://app.dev.councilbox.com/__cypress/runner/cypress_runner.js:127867:23)
    at onFailFn (https://app.dev.councilbox.com/__cypress/runner/cypress_runner.js:127905:9)
    at tryCatcher (https://app.dev.councilbox.com/__cypress/runner/cypress_runner.js:9065:23)
    at Promise._settlePromiseFromHandler (https://app.dev.councilbox.com/__cypress/runner/cypress_runner.js:7000:31)
    at Promise._settlePromise (https://app.dev.councilbox.com/__cypress/runner/cypress_runner.js:7057:18)
    at Promise._settlePromise0 (https://app.dev.councilbox.com/__cypress/runner/cypress_runner.js:7102:10)
    at Promise._settlePromises (https://app.dev.councilbox.com/__cypress/runner/cypress_runner.js:7178:18)
    at _drainQueueStep (https://app.dev.councilbox.com/__cypress/runner/cypress_runner.js:3772:12)
    at _drainQueue (https://app.dev.councilbox.com/__cypress/runner/cypress_runner.js:3765:9)
    at Async.../../node_modules/bluebird/js/release/async.js.Async._drainQueues (https://app.dev.councilbox.com/__cypress/runner/cypress_runner.js:3781:5)
    at Async.drainQueues (https://app.dev.councilbox.com/__cypress/runner/cypress_runner.js:3651:14)]]></failure>
    </testcase>
    <testcase name="The user is able to activate ratings in the &apos;New call with session&apos; Click on the “Abrir punto” button" time="0.0000" classname="Click on the “Abrir punto” button">
      <failure message="Timed out retrying: Expected to find element: `#council-live-tab-agenda`, but never found it." type="AssertionError"><![CDATA[AssertionError: Timed out retrying: Expected to find element: `#council-live-tab-agenda`, but never found it.
    at ensureExistence (https://app.dev.councilbox.com/__cypress/runner/cypress_runner.js:137673:32)
    at Object.ensureElExistence (https://app.dev.councilbox.com/__cypress/runner/cypress_runner.js:137691:12)
    at ensureExistence (https://app.dev.councilbox.com/__cypress/runner/cypress_runner.js:127867:23)
    at onFailFn (https://app.dev.councilbox.com/__cypress/runner/cypress_runner.js:127905:9)
    at tryCatcher (https://app.dev.councilbox.com/__cypress/runner/cypress_runner.js:9065:23)
    at Promise._settlePromiseFromHandler (https://app.dev.councilbox.com/__cypress/runner/cypress_runner.js:7000:31)
    at Promise._settlePromise (https://app.dev.councilbox.com/__cypress/runner/cypress_runner.js:7057:18)
    at Promise._settlePromise0 (https://app.dev.councilbox.com/__cypress/runner/cypress_runner.js:7102:10)
    at Promise._settlePromises (https://app.dev.councilbox.com/__cypress/runner/cypress_runner.js:7178:18)
    at _drainQueueStep (https://app.dev.councilbox.com/__cypress/runner/cypress_runner.js:3772:12)
    at _drainQueue (https://app.dev.councilbox.com/__cypress/runner/cypress_runner.js:3765:9)
    at Async.../../node_modules/bluebird/js/release/async.js.Async._drainQueues (https://app.dev.councilbox.com/__cypress/runner/cypress_runner.js:3781:5)
    at Async.drainQueues (https://app.dev.councilbox.com/__cypress/runner/cypress_runner.js:3651:14)]]></failure>
    </testcase>
    <testcase name="The user is able to activate ratings in the &apos;New call with session&apos; Click on the “Activar votaciones” button" time="0.0000" classname="Click on the “Activar votaciones” button">
      <failure message="Timed out retrying: Expected to find element: `#council-live-tab-agenda`, but never found it." type="AssertionError"><![CDATA[AssertionError: Timed out retrying: Expected to find element: `#council-live-tab-agenda`, but never found it.
    at ensureExistence (https://app.dev.councilbox.com/__cypress/runner/cypress_runner.js:137673:32)
    at Object.ensureElExistence (https://app.dev.councilbox.com/__cypress/runner/cypress_runner.js:137691:12)
    at ensureExistence (https://app.dev.councilbox.com/__cypress/runner/cypress_runner.js:127867:23)
    at onFailFn (https://app.dev.councilbox.com/__cypress/runner/cypress_runner.js:127905:9)
    at tryCatcher (https://app.dev.councilbox.com/__cypress/runner/cypress_runner.js:9065:23)
    at Promise._settlePromiseFromHandler (https://app.dev.councilbox.com/__cypress/runner/cypress_runner.js:7000:31)
    at Promise._settlePromise (https://app.dev.councilbox.com/__cypress/runner/cypress_runner.js:7057:18)
    at Promise._settlePromise0 (https://app.dev.councilbox.com/__cypress/runner/cypress_runner.js:7102:10)
    at Promise._settlePromises (https://app.dev.councilbox.com/__cypress/runner/cypress_runner.js:7178:18)
    at _drainQueueStep (https://app.dev.councilbox.com/__cypress/runner/cypress_runner.js:3772:12)
    at _drainQueue (https://app.dev.councilbox.com/__cypress/runner/cypress_runner.js:3765:9)
    at Async.../../node_modules/bluebird/js/release/async.js.Async._drainQueues (https://app.dev.councilbox.com/__cypress/runner/cypress_runner.js:3781:5)
    at Async.drainQueues (https://app.dev.councilbox.com/__cypress/runner/cypress_runner.js:3651:14)]]></failure>
    </testcase>
    <testcase name="The user is able to activate ratings in the &apos;New call with session&apos; User should be able to exit the meeting" time="6.5280" classname="User should be able to exit the meeting">
    </testcase>
  </testsuite>
  <testsuite name="The user is able to close point votations in the &apos;New call with session&apos; type of meeting&apos;" timestamp="2022-01-04T16:09:59" tests="18" time="89.9410" failures="10">
    <testcase name="The user is able to close point votations in the &apos;New call with session&apos; type of meeting&apos; Click on the &apos;Nueva reunion&apos; button" time="4.2520" classname="Click on the &apos;Nueva reunion&apos; button">
    </testcase>
    <testcase name="The user is able to close point votations in the &apos;New call with session&apos; type of meeting&apos; Click on the “Con sesion” button" time="3.1970" classname="Click on the “Con sesion” button">
    </testcase>
    <testcase name="The user is able to close point votations in the &apos;New call with session&apos; type of meeting&apos; Populate all required fields and click on the “Siguiente” button" time="2.5950" classname="Populate all required fields and click on the “Siguiente” button">
    </testcase>
    <testcase name="The user is able to close point votations in the &apos;New call with session&apos; type of meeting&apos; Click on the &apos;Anadir participante&apos; button and populate all required fields then click on the “Siguiente” button" time="13.1630" classname="Click on the &apos;Anadir participante&apos; button and populate all required fields then click on the “Siguiente” button">
    </testcase>
    <testcase name="The user is able to close point votations in the &apos;New call with session&apos; type of meeting&apos; Click on the “Anadir punto al orden del dia+” button" time="0.4860" classname="Click on the “Anadir punto al orden del dia+” button">
    </testcase>
    <testcase name="The user is able to close point votations in the &apos;New call with session&apos; type of meeting&apos; Click on the “Punto Si/no abstencion” button and populate “Title” field then choose “Votacio nominal” tipo and click on the “Aceptar” button then click on the “Siguiente” button" time="0.0000" classname="Click on the “Punto Si/no abstencion” button and populate “Title” field then choose “Votacio nominal” tipo and click on the “Aceptar” button then click on the “Siguiente” button">
      <failure message="Timed out retrying: `cy.click()` failed because this element is not visible:

`&lt;button tabindex=&quot;0&quot; class=&quot;jss508 jss511 jss516&quot; type=&quot;button&quot; id=&quot;ordenDelDiaNext&quot; style=&quot;text-transform: none; background-color: rgb(125, 33, 128); outline: 0px; cursor: pointer; color: white; font-weight: 700; font-size: 0.9em;&quot;&gt;...&lt;/button&gt;`

This element `&lt;button#ordenDelDiaNext.jss508.jss511.jss516&gt;` is not visible because it has CSS property: `position: fixed` and it&apos;s being covered by another element:

`&lt;div class=&quot;jss1345&quot; aria-hidden=&quot;true&quot; style=&quot;opacity: 1; will-change: opacity; transition: opacity 225ms cubic-bezier(0.4, 0, 0.2, 1) 0ms;&quot;&gt;&lt;/div&gt;`

Fix this problem, or use `{force: true}` to disable error checking.

https://on.cypress.io/element-cannot-be-interacted-with" type="CypressError"><![CDATA[CypressError: Timed out retrying: `cy.click()` failed because this element is not visible:

`<button tabindex="0" class="jss508 jss511 jss516" type="button" id="ordenDelDiaNext" style="text-transform: none; background-color: rgb(125, 33, 128); outline: 0px; cursor: pointer; color: white; font-weight: 700; font-size: 0.9em;">...</button>`

This element `<button#ordenDelDiaNext.jss508.jss511.jss516>` is not visible because it has CSS property: `position: fixed` and it's being covered by another element:

`<div class="jss1345" aria-hidden="true" style="opacity: 1; will-change: opacity; transition: opacity 225ms cubic-bezier(0.4, 0, 0.2, 1) 0ms;"></div>`

Fix this problem, or use `{force: true}` to disable error checking.

https://on.cypress.io/element-cannot-be-interacted-with
    at cypressErr (https://app.dev.councilbox.com/__cypress/runner/cypress_runner.js:146621:16)
    at cypressErrByPath (https://app.dev.councilbox.com/__cypress/runner/cypress_runner.js:146630:10)
    at Object.throwErrByPath (https://app.dev.councilbox.com/__cypress/runner/cypress_runner.js:146593:11)
    at Object.ensureVisibility (https://app.dev.councilbox.com/__cypress/runner/cypress_runner.js:137599:24)
    at runAllChecks (https://app.dev.councilbox.com/__cypress/runner/cypress_runner.js:127499:14)
    at retryActionability (https://app.dev.councilbox.com/__cypress/runner/cypress_runner.js:127542:16)
    at tryCatcher (https://app.dev.councilbox.com/__cypress/runner/cypress_runner.js:9065:23)
    at Function.Promise.attempt.Promise.try (https://app.dev.councilbox.com/__cypress/runner/cypress_runner.js:6339:29)
    at tryFn (https://app.dev.councilbox.com/__cypress/runner/cypress_runner.js:140680:21)
    at whenStable (https://app.dev.councilbox.com/__cypress/runner/cypress_runner.js:140715:12)
    at https://app.dev.councilbox.com/__cypress/runner/cypress_runner.js:140259:16
    at tryCatcher (https://app.dev.councilbox.com/__cypress/runner/cypress_runner.js:9065:23)
    at Promise._settlePromiseFromHandler (https://app.dev.councilbox.com/__cypress/runner/cypress_runner.js:7000:31)
    at Promise._settlePromise (https://app.dev.councilbox.com/__cypress/runner/cypress_runner.js:7057:18)
    at Promise._settlePromise0 (https://app.dev.councilbox.com/__cypress/runner/cypress_runner.js:7102:10)
    at Promise._settlePromises (https://app.dev.councilbox.com/__cypress/runner/cypress_runner.js:7182:18)]]></failure>
    </testcase>
    <testcase name="The user is able to close point votations in the &apos;New call with session&apos; type of meeting&apos; Populate all required fields and click on the “Siguiente” button" time="0.0000" classname="Populate all required fields and click on the “Siguiente” button">
      <failure message="Timed out retrying: Expected to find element: `#council-options-contact-email`, but never found it." type="AssertionError"><![CDATA[AssertionError: Timed out retrying: Expected to find element: `#council-options-contact-email`, but never found it.
    at ensureExistence (https://app.dev.councilbox.com/__cypress/runner/cypress_runner.js:137673:32)
    at Object.ensureElExistence (https://app.dev.councilbox.com/__cypress/runner/cypress_runner.js:137691:12)
    at ensureExistence (https://app.dev.councilbox.com/__cypress/runner/cypress_runner.js:127867:23)
    at onFailFn (https://app.dev.councilbox.com/__cypress/runner/cypress_runner.js:127905:9)
    at tryCatcher (https://app.dev.councilbox.com/__cypress/runner/cypress_runner.js:9065:23)
    at Promise._settlePromiseFromHandler (https://app.dev.councilbox.com/__cypress/runner/cypress_runner.js:7000:31)
    at Promise._settlePromise (https://app.dev.councilbox.com/__cypress/runner/cypress_runner.js:7057:18)
    at Promise._settlePromise0 (https://app.dev.councilbox.com/__cypress/runner/cypress_runner.js:7102:10)
    at Promise._settlePromises (https://app.dev.councilbox.com/__cypress/runner/cypress_runner.js:7178:18)
    at _drainQueueStep (https://app.dev.councilbox.com/__cypress/runner/cypress_runner.js:3772:12)
    at _drainQueue (https://app.dev.councilbox.com/__cypress/runner/cypress_runner.js:3765:9)
    at Async.../../node_modules/bluebird/js/release/async.js.Async._drainQueues (https://app.dev.councilbox.com/__cypress/runner/cypress_runner.js:3781:5)
    at Async.drainQueues (https://app.dev.councilbox.com/__cypress/runner/cypress_runner.js:3651:14)]]></failure>
    </testcase>
    <testcase name="The user is able to close point votations in the &apos;New call with session&apos; type of meeting&apos; Click on the “Convocar y notificar” button" time="0.0000" classname="Click on the “Convocar y notificar” button">
      <failure message="Timed out retrying: Expected to find element: `#council-editor-convene-notify`, but never found it." type="AssertionError"><![CDATA[AssertionError: Timed out retrying: Expected to find element: `#council-editor-convene-notify`, but never found it.
    at ensureExistence (https://app.dev.councilbox.com/__cypress/runner/cypress_runner.js:137673:32)
    at Object.ensureElExistence (https://app.dev.councilbox.com/__cypress/runner/cypress_runner.js:137691:12)
    at ensureExistence (https://app.dev.councilbox.com/__cypress/runner/cypress_runner.js:127867:23)
    at onFailFn (https://app.dev.councilbox.com/__cypress/runner/cypress_runner.js:127905:9)
    at tryCatcher (https://app.dev.councilbox.com/__cypress/runner/cypress_runner.js:9065:23)
    at Promise._settlePromiseFromHandler (https://app.dev.councilbox.com/__cypress/runner/cypress_runner.js:7000:31)
    at Promise._settlePromise (https://app.dev.councilbox.com/__cypress/runner/cypress_runner.js:7057:18)
    at Promise._settlePromise0 (https://app.dev.councilbox.com/__cypress/runner/cypress_runner.js:7102:10)
    at Promise._settlePromises (https://app.dev.councilbox.com/__cypress/runner/cypress_runner.js:7178:18)
    at _drainQueueStep (https://app.dev.councilbox.com/__cypress/runner/cypress_runner.js:3772:12)
    at _drainQueue (https://app.dev.councilbox.com/__cypress/runner/cypress_runner.js:3765:9)
    at Async.../../node_modules/bluebird/js/release/async.js.Async._drainQueues (https://app.dev.councilbox.com/__cypress/runner/cypress_runner.js:3781:5)
    at Async.drainQueues (https://app.dev.councilbox.com/__cypress/runner/cypress_runner.js:3651:14)]]></failure>
    </testcase>
    <testcase name="The user is able to close point votations in the &apos;New call with session&apos; type of meeting&apos; Click on the “Preparar sala” button" time="0.0000" classname="Click on the “Preparar sala” button">
      <failure message="Timed out retrying: Expected to find element: `#prepararSalaNew`, but never found it." type="AssertionError"><![CDATA[AssertionError: Timed out retrying: Expected to find element: `#prepararSalaNew`, but never found it.
    at ensureExistence (https://app.dev.councilbox.com/__cypress/runner/cypress_runner.js:137673:32)
    at Object.ensureElExistence (https://app.dev.councilbox.com/__cypress/runner/cypress_runner.js:137691:12)
    at ensureExistence (https://app.dev.councilbox.com/__cypress/runner/cypress_runner.js:127867:23)
    at onFailFn (https://app.dev.councilbox.com/__cypress/runner/cypress_runner.js:127905:9)
    at tryCatcher (https://app.dev.councilbox.com/__cypress/runner/cypress_runner.js:9065:23)
    at Promise._settlePromiseFromHandler (https://app.dev.councilbox.com/__cypress/runner/cypress_runner.js:7000:31)
    at Promise._settlePromise (https://app.dev.councilbox.com/__cypress/runner/cypress_runner.js:7057:18)
    at Promise._settlePromise0 (https://app.dev.councilbox.com/__cypress/runner/cypress_runner.js:7102:10)
    at Promise._settlePromises (https://app.dev.councilbox.com/__cypress/runner/cypress_runner.js:7178:18)
    at _drainQueueStep (https://app.dev.councilbox.com/__cypress/runner/cypress_runner.js:3772:12)
    at _drainQueue (https://app.dev.councilbox.com/__cypress/runner/cypress_runner.js:3765:9)
    at Async.../../node_modules/bluebird/js/release/async.js.Async._drainQueues (https://app.dev.councilbox.com/__cypress/runner/cypress_runner.js:3781:5)
    at Async.drainQueues (https://app.dev.councilbox.com/__cypress/runner/cypress_runner.js:3651:14)]]></failure>
    </testcase>
    <testcase name="The user is able to close point votations in the &apos;New call with session&apos; type of meeting&apos; Navigate to the upper right corner and click on the “Abrir Sala” button" time="0.0000" classname="Navigate to the upper right corner and click on the “Abrir Sala” button">
      <failure message="Timed out retrying: Expected to find element: `#abrirSalaEnReunion`, but never found it." type="AssertionError"><![CDATA[AssertionError: Timed out retrying: Expected to find element: `#abrirSalaEnReunion`, but never found it.
    at ensureExistence (https://app.dev.councilbox.com/__cypress/runner/cypress_runner.js:137673:32)
    at Object.ensureElExistence (https://app.dev.councilbox.com/__cypress/runner/cypress_runner.js:137691:12)
    at ensureExistence (https://app.dev.councilbox.com/__cypress/runner/cypress_runner.js:127867:23)
    at onFailFn (https://app.dev.councilbox.com/__cypress/runner/cypress_runner.js:127905:9)
    at tryCatcher (https://app.dev.councilbox.com/__cypress/runner/cypress_runner.js:9065:23)
    at Promise._settlePromiseFromHandler (https://app.dev.councilbox.com/__cypress/runner/cypress_runner.js:7000:31)
    at Promise._settlePromise (https://app.dev.councilbox.com/__cypress/runner/cypress_runner.js:7057:18)
    at Promise._settlePromise0 (https://app.dev.councilbox.com/__cypress/runner/cypress_runner.js:7102:10)
    at Promise._settlePromises (https://app.dev.councilbox.com/__cypress/runner/cypress_runner.js:7178:18)
    at _drainQueueStep (https://app.dev.councilbox.com/__cypress/runner/cypress_runner.js:3772:12)
    at _drainQueue (https://app.dev.councilbox.com/__cypress/runner/cypress_runner.js:3765:9)
    at Async.../../node_modules/bluebird/js/release/async.js.Async._drainQueues (https://app.dev.councilbox.com/__cypress/runner/cypress_runner.js:3781:5)
    at Async.drainQueues (https://app.dev.councilbox.com/__cypress/runner/cypress_runner.js:3651:14)]]></failure>
    </testcase>
    <testcase name="The user is able to close point votations in the &apos;New call with session&apos; type of meeting&apos; Populate all required fields and click on the “Aceptar” button" time="10.2010" classname="Populate all required fields and click on the “Aceptar” button">
    </testcase>
    <testcase name="The user is able to close point votations in the &apos;New call with session&apos; type of meeting&apos; Navigate to the “Camera and microphone” form and click on the “Accept” button" time="0.0930" classname="Navigate to the “Camera and microphone” form and click on the “Accept” button">
    </testcase>
    <testcase name="The user is able to close point votations in the &apos;New call with session&apos; type of meeting&apos; Navigate to the upper right corner and click on the “Iniciar reunion” button" time="0.0000" classname="Navigate to the upper right corner and click on the “Iniciar reunion” button">
      <failure message="Timed out retrying: Expected to find element: `#start-council-button`, but never found it." type="AssertionError"><![CDATA[AssertionError: Timed out retrying: Expected to find element: `#start-council-button`, but never found it.
    at ensureExistence (https://app.dev.councilbox.com/__cypress/runner/cypress_runner.js:137673:32)
    at Object.ensureElExistence (https://app.dev.councilbox.com/__cypress/runner/cypress_runner.js:137691:12)
    at ensureExistence (https://app.dev.councilbox.com/__cypress/runner/cypress_runner.js:127867:23)
    at onFailFn (https://app.dev.councilbox.com/__cypress/runner/cypress_runner.js:127905:9)
    at tryCatcher (https://app.dev.councilbox.com/__cypress/runner/cypress_runner.js:9065:23)
    at Promise._settlePromiseFromHandler (https://app.dev.councilbox.com/__cypress/runner/cypress_runner.js:7000:31)
    at Promise._settlePromise (https://app.dev.councilbox.com/__cypress/runner/cypress_runner.js:7057:18)
    at Promise._settlePromise0 (https://app.dev.councilbox.com/__cypress/runner/cypress_runner.js:7102:10)
    at Promise._settlePromises (https://app.dev.councilbox.com/__cypress/runner/cypress_runner.js:7178:18)
    at _drainQueueStep (https://app.dev.councilbox.com/__cypress/runner/cypress_runner.js:3772:12)
    at _drainQueue (https://app.dev.councilbox.com/__cypress/runner/cypress_runner.js:3765:9)
    at Async.../../node_modules/bluebird/js/release/async.js.Async._drainQueues (https://app.dev.councilbox.com/__cypress/runner/cypress_runner.js:3781:5)
    at Async.drainQueues (https://app.dev.councilbox.com/__cypress/runner/cypress_runner.js:3651:14)]]></failure>
    </testcase>
    <testcase name="The user is able to close point votations in the &apos;New call with session&apos; type of meeting&apos; Populate all required fields and click on the “Aceptar” button" time="0.0000" classname="Populate all required fields and click on the “Aceptar” button">
      <failure message="Timed out retrying: Expected to find element: `#council-president-select`, but never found it." type="AssertionError"><![CDATA[AssertionError: Timed out retrying: Expected to find element: `#council-president-select`, but never found it.
    at ensureExistence (https://app.dev.councilbox.com/__cypress/runner/cypress_runner.js:137673:32)
    at Object.ensureElExistence (https://app.dev.councilbox.com/__cypress/runner/cypress_runner.js:137691:12)
    at ensureExistence (https://app.dev.councilbox.com/__cypress/runner/cypress_runner.js:127867:23)
    at onFailFn (https://app.dev.councilbox.com/__cypress/runner/cypress_runner.js:127905:9)
    at tryCatcher (https://app.dev.councilbox.com/__cypress/runner/cypress_runner.js:9065:23)
    at Promise._settlePromiseFromHandler (https://app.dev.councilbox.com/__cypress/runner/cypress_runner.js:7000:31)
    at Promise._settlePromise (https://app.dev.councilbox.com/__cypress/runner/cypress_runner.js:7057:18)
    at Promise._settlePromise0 (https://app.dev.councilbox.com/__cypress/runner/cypress_runner.js:7102:10)
    at Promise._settlePromises (https://app.dev.councilbox.com/__cypress/runner/cypress_runner.js:7178:18)
    at _drainQueueStep (https://app.dev.councilbox.com/__cypress/runner/cypress_runner.js:3772:12)
    at _drainQueue (https://app.dev.councilbox.com/__cypress/runner/cypress_runner.js:3765:9)
    at Async.../../node_modules/bluebird/js/release/async.js.Async._drainQueues (https://app.dev.councilbox.com/__cypress/runner/cypress_runner.js:3781:5)
    at Async.drainQueues (https://app.dev.councilbox.com/__cypress/runner/cypress_runner.js:3651:14)]]></failure>
    </testcase>
    <testcase name="The user is able to close point votations in the &apos;New call with session&apos; type of meeting&apos; Click on the “Abrir punto” button" time="0.0000" classname="Click on the “Abrir punto” button">
      <failure message="Timed out retrying: Expected to find element: `#council-live-tab-agenda`, but never found it." type="AssertionError"><![CDATA[AssertionError: Timed out retrying: Expected to find element: `#council-live-tab-agenda`, but never found it.
    at ensureExistence (https://app.dev.councilbox.com/__cypress/runner/cypress_runner.js:137673:32)
    at Object.ensureElExistence (https://app.dev.councilbox.com/__cypress/runner/cypress_runner.js:137691:12)
    at ensureExistence (https://app.dev.councilbox.com/__cypress/runner/cypress_runner.js:127867:23)
    at onFailFn (https://app.dev.councilbox.com/__cypress/runner/cypress_runner.js:127905:9)
    at tryCatcher (https://app.dev.councilbox.com/__cypress/runner/cypress_runner.js:9065:23)
    at Promise._settlePromiseFromHandler (https://app.dev.councilbox.com/__cypress/runner/cypress_runner.js:7000:31)
    at Promise._settlePromise (https://app.dev.councilbox.com/__cypress/runner/cypress_runner.js:7057:18)
    at Promise._settlePromise0 (https://app.dev.councilbox.com/__cypress/runner/cypress_runner.js:7102:10)
    at Promise._settlePromises (https://app.dev.councilbox.com/__cypress/runner/cypress_runner.js:7178:18)
    at _drainQueueStep (https://app.dev.councilbox.com/__cypress/runner/cypress_runner.js:3772:12)
    at _drainQueue (https://app.dev.councilbox.com/__cypress/runner/cypress_runner.js:3765:9)
    at Async.../../node_modules/bluebird/js/release/async.js.Async._drainQueues (https://app.dev.councilbox.com/__cypress/runner/cypress_runner.js:3781:5)
    at Async.drainQueues (https://app.dev.councilbox.com/__cypress/runner/cypress_runner.js:3651:14)]]></failure>
    </testcase>
    <testcase name="The user is able to close point votations in the &apos;New call with session&apos; type of meeting&apos; Click on the “Activar votaciones” button" time="0.0000" classname="Click on the “Activar votaciones” button">
      <failure message="Timed out retrying: Expected to find element: `#council-live-tab-agenda`, but never found it." type="AssertionError"><![CDATA[AssertionError: Timed out retrying: Expected to find element: `#council-live-tab-agenda`, but never found it.
    at ensureExistence (https://app.dev.councilbox.com/__cypress/runner/cypress_runner.js:137673:32)
    at Object.ensureElExistence (https://app.dev.councilbox.com/__cypress/runner/cypress_runner.js:137691:12)
    at ensureExistence (https://app.dev.councilbox.com/__cypress/runner/cypress_runner.js:127867:23)
    at onFailFn (https://app.dev.councilbox.com/__cypress/runner/cypress_runner.js:127905:9)
    at tryCatcher (https://app.dev.councilbox.com/__cypress/runner/cypress_runner.js:9065:23)
    at Promise._settlePromiseFromHandler (https://app.dev.councilbox.com/__cypress/runner/cypress_runner.js:7000:31)
    at Promise._settlePromise (https://app.dev.councilbox.com/__cypress/runner/cypress_runner.js:7057:18)
    at Promise._settlePromise0 (https://app.dev.councilbox.com/__cypress/runner/cypress_runner.js:7102:10)
    at Promise._settlePromises (https://app.dev.councilbox.com/__cypress/runner/cypress_runner.js:7178:18)
    at _drainQueueStep (https://app.dev.councilbox.com/__cypress/runner/cypress_runner.js:3772:12)
    at _drainQueue (https://app.dev.councilbox.com/__cypress/runner/cypress_runner.js:3765:9)
    at Async.../../node_modules/bluebird/js/release/async.js.Async._drainQueues (https://app.dev.councilbox.com/__cypress/runner/cypress_runner.js:3781:5)
    at Async.drainQueues (https://app.dev.councilbox.com/__cypress/runner/cypress_runner.js:3651:14)]]></failure>
    </testcase>
    <testcase name="The user is able to close point votations in the &apos;New call with session&apos; type of meeting&apos; Click on the “Cerrar las votaciones del punto” button" time="0.0000" classname="Click on the “Cerrar las votaciones del punto” button">
      <failure message="Timed out retrying: Expected to find element: `#close-point-votings-button`, but never found it." type="AssertionError"><![CDATA[AssertionError: Timed out retrying: Expected to find element: `#close-point-votings-button`, but never found it.
    at ensureExistence (https://app.dev.councilbox.com/__cypress/runner/cypress_runner.js:137673:32)
    at Object.ensureElExistence (https://app.dev.councilbox.com/__cypress/runner/cypress_runner.js:137691:12)
    at ensureExistence (https://app.dev.councilbox.com/__cypress/runner/cypress_runner.js:127867:23)
    at onFailFn (https://app.dev.councilbox.com/__cypress/runner/cypress_runner.js:127905:9)
    at tryCatcher (https://app.dev.councilbox.com/__cypress/runner/cypress_runner.js:9065:23)
    at Promise._settlePromiseFromHandler (https://app.dev.councilbox.com/__cypress/runner/cypress_runner.js:7000:31)
    at Promise._settlePromise (https://app.dev.councilbox.com/__cypress/runner/cypress_runner.js:7057:18)
    at Promise._settlePromise0 (https://app.dev.councilbox.com/__cypress/runner/cypress_runner.js:7102:10)
    at Promise._settlePromises (https://app.dev.councilbox.com/__cypress/runner/cypress_runner.js:7178:18)
    at _drainQueueStep (https://app.dev.councilbox.com/__cypress/runner/cypress_runner.js:3772:12)
    at _drainQueue (https://app.dev.councilbox.com/__cypress/runner/cypress_runner.js:3765:9)
    at Async.../../node_modules/bluebird/js/release/async.js.Async._drainQueues (https://app.dev.councilbox.com/__cypress/runner/cypress_runner.js:3781:5)
    at Async.drainQueues (https://app.dev.councilbox.com/__cypress/runner/cypress_runner.js:3651:14)]]></failure>
    </testcase>
    <testcase name="The user is able to close point votations in the &apos;New call with session&apos; type of meeting&apos; User should be able to exit the meeting" time="5.6870" classname="User should be able to exit the meeting">
    </testcase>
  </testsuite>
  <testsuite name="The user is able to close point in the &apos;New call with session&apos; type of meeting&apos;" timestamp="2022-01-04T16:11:29" tests="19" time="93.7690" failures="11">
    <testcase name="The user is able to close point in the &apos;New call with session&apos; type of meeting&apos; Click on the &apos;Nueva reunion&apos; button" time="3.8940" classname="Click on the &apos;Nueva reunion&apos; button">
    </testcase>
    <testcase name="The user is able to close point in the &apos;New call with session&apos; type of meeting&apos; Click on the “Con sesion” button" time="3.2060" classname="Click on the “Con sesion” button">
    </testcase>
    <testcase name="The user is able to close point in the &apos;New call with session&apos; type of meeting&apos; Populate all required fields and click on the “Siguiente” button" time="2.7470" classname="Populate all required fields and click on the “Siguiente” button">
    </testcase>
    <testcase name="The user is able to close point in the &apos;New call with session&apos; type of meeting&apos; Click on the &apos;Anadir participante&apos; button and populate all required fields then click on the “Siguiente” button" time="13.6630" classname="Click on the &apos;Anadir participante&apos; button and populate all required fields then click on the “Siguiente” button">
    </testcase>
    <testcase name="The user is able to close point in the &apos;New call with session&apos; type of meeting&apos; Click on the “Anadir punto al orden del dia+” button" time="0.3690" classname="Click on the “Anadir punto al orden del dia+” button">
    </testcase>
    <testcase name="The user is able to close point in the &apos;New call with session&apos; type of meeting&apos; Click on the “Punto Si/no abstencion” button and populate “Title” field then choose “Votacio nominal” tipo and click on the “Aceptar” button then click on the “Siguiente” button" time="0.0000" classname="Click on the “Punto Si/no abstencion” button and populate “Title” field then choose “Votacio nominal” tipo and click on the “Aceptar” button then click on the “Siguiente” button">
      <failure message="Timed out retrying: `cy.click()` failed because this element is not visible:

`&lt;button tabindex=&quot;0&quot; class=&quot;jss282 jss285 jss290&quot; type=&quot;button&quot; id=&quot;ordenDelDiaNext&quot; style=&quot;text-transform: none; background-color: rgb(125, 33, 128); outline: 0px; cursor: pointer; color: white; font-weight: 700; font-size: 0.9em;&quot;&gt;...&lt;/button&gt;`

This element `&lt;button#ordenDelDiaNext.jss282.jss285.jss290&gt;` is not visible because it has CSS property: `position: fixed` and it&apos;s being covered by another element:

`&lt;div class=&quot;jss1119&quot; aria-hidden=&quot;true&quot; style=&quot;opacity: 1; will-change: opacity; transition: opacity 225ms cubic-bezier(0.4, 0, 0.2, 1) 0ms;&quot;&gt;&lt;/div&gt;`

Fix this problem, or use `{force: true}` to disable error checking.

https://on.cypress.io/element-cannot-be-interacted-with" type="CypressError"><![CDATA[CypressError: Timed out retrying: `cy.click()` failed because this element is not visible:

`<button tabindex="0" class="jss282 jss285 jss290" type="button" id="ordenDelDiaNext" style="text-transform: none; background-color: rgb(125, 33, 128); outline: 0px; cursor: pointer; color: white; font-weight: 700; font-size: 0.9em;">...</button>`

This element `<button#ordenDelDiaNext.jss282.jss285.jss290>` is not visible because it has CSS property: `position: fixed` and it's being covered by another element:

`<div class="jss1119" aria-hidden="true" style="opacity: 1; will-change: opacity; transition: opacity 225ms cubic-bezier(0.4, 0, 0.2, 1) 0ms;"></div>`

Fix this problem, or use `{force: true}` to disable error checking.

https://on.cypress.io/element-cannot-be-interacted-with
    at cypressErr (https://app.dev.councilbox.com/__cypress/runner/cypress_runner.js:146621:16)
    at cypressErrByPath (https://app.dev.councilbox.com/__cypress/runner/cypress_runner.js:146630:10)
    at Object.throwErrByPath (https://app.dev.councilbox.com/__cypress/runner/cypress_runner.js:146593:11)
    at Object.ensureVisibility (https://app.dev.councilbox.com/__cypress/runner/cypress_runner.js:137599:24)
    at runAllChecks (https://app.dev.councilbox.com/__cypress/runner/cypress_runner.js:127499:14)
    at retryActionability (https://app.dev.councilbox.com/__cypress/runner/cypress_runner.js:127542:16)
    at tryCatcher (https://app.dev.councilbox.com/__cypress/runner/cypress_runner.js:9065:23)
    at Function.Promise.attempt.Promise.try (https://app.dev.councilbox.com/__cypress/runner/cypress_runner.js:6339:29)
    at tryFn (https://app.dev.councilbox.com/__cypress/runner/cypress_runner.js:140680:21)
    at whenStable (https://app.dev.councilbox.com/__cypress/runner/cypress_runner.js:140715:12)
    at https://app.dev.councilbox.com/__cypress/runner/cypress_runner.js:140259:16
    at tryCatcher (https://app.dev.councilbox.com/__cypress/runner/cypress_runner.js:9065:23)
    at Promise._settlePromiseFromHandler (https://app.dev.councilbox.com/__cypress/runner/cypress_runner.js:7000:31)
    at Promise._settlePromise (https://app.dev.councilbox.com/__cypress/runner/cypress_runner.js:7057:18)
    at Promise._settlePromise0 (https://app.dev.councilbox.com/__cypress/runner/cypress_runner.js:7102:10)
    at Promise._settlePromises (https://app.dev.councilbox.com/__cypress/runner/cypress_runner.js:7182:18)]]></failure>
    </testcase>
    <testcase name="The user is able to close point in the &apos;New call with session&apos; type of meeting&apos; Populate all required fields and click on the “Siguiente” button" time="0.0000" classname="Populate all required fields and click on the “Siguiente” button">
      <failure message="Timed out retrying: Expected to find element: `#council-options-contact-email`, but never found it." type="AssertionError"><![CDATA[AssertionError: Timed out retrying: Expected to find element: `#council-options-contact-email`, but never found it.
    at ensureExistence (https://app.dev.councilbox.com/__cypress/runner/cypress_runner.js:137673:32)
    at Object.ensureElExistence (https://app.dev.councilbox.com/__cypress/runner/cypress_runner.js:137691:12)
    at ensureExistence (https://app.dev.councilbox.com/__cypress/runner/cypress_runner.js:127867:23)
    at onFailFn (https://app.dev.councilbox.com/__cypress/runner/cypress_runner.js:127905:9)
    at tryCatcher (https://app.dev.councilbox.com/__cypress/runner/cypress_runner.js:9065:23)
    at Promise._settlePromiseFromHandler (https://app.dev.councilbox.com/__cypress/runner/cypress_runner.js:7000:31)
    at Promise._settlePromise (https://app.dev.councilbox.com/__cypress/runner/cypress_runner.js:7057:18)
    at Promise._settlePromise0 (https://app.dev.councilbox.com/__cypress/runner/cypress_runner.js:7102:10)
    at Promise._settlePromises (https://app.dev.councilbox.com/__cypress/runner/cypress_runner.js:7178:18)
    at _drainQueueStep (https://app.dev.councilbox.com/__cypress/runner/cypress_runner.js:3772:12)
    at _drainQueue (https://app.dev.councilbox.com/__cypress/runner/cypress_runner.js:3765:9)
    at Async.../../node_modules/bluebird/js/release/async.js.Async._drainQueues (https://app.dev.councilbox.com/__cypress/runner/cypress_runner.js:3781:5)
    at Async.drainQueues (https://app.dev.councilbox.com/__cypress/runner/cypress_runner.js:3651:14)]]></failure>
    </testcase>
    <testcase name="The user is able to close point in the &apos;New call with session&apos; type of meeting&apos; Click on the “Convocar y notificar” button" time="0.0000" classname="Click on the “Convocar y notificar” button">
      <failure message="Timed out retrying: Expected to find element: `#council-editor-convene-notify`, but never found it." type="AssertionError"><![CDATA[AssertionError: Timed out retrying: Expected to find element: `#council-editor-convene-notify`, but never found it.
    at ensureExistence (https://app.dev.councilbox.com/__cypress/runner/cypress_runner.js:137673:32)
    at Object.ensureElExistence (https://app.dev.councilbox.com/__cypress/runner/cypress_runner.js:137691:12)
    at ensureExistence (https://app.dev.councilbox.com/__cypress/runner/cypress_runner.js:127867:23)
    at onFailFn (https://app.dev.councilbox.com/__cypress/runner/cypress_runner.js:127905:9)
    at tryCatcher (https://app.dev.councilbox.com/__cypress/runner/cypress_runner.js:9065:23)
    at Promise._settlePromiseFromHandler (https://app.dev.councilbox.com/__cypress/runner/cypress_runner.js:7000:31)
    at Promise._settlePromise (https://app.dev.councilbox.com/__cypress/runner/cypress_runner.js:7057:18)
    at Promise._settlePromise0 (https://app.dev.councilbox.com/__cypress/runner/cypress_runner.js:7102:10)
    at Promise._settlePromises (https://app.dev.councilbox.com/__cypress/runner/cypress_runner.js:7178:18)
    at _drainQueueStep (https://app.dev.councilbox.com/__cypress/runner/cypress_runner.js:3772:12)
    at _drainQueue (https://app.dev.councilbox.com/__cypress/runner/cypress_runner.js:3765:9)
    at Async.../../node_modules/bluebird/js/release/async.js.Async._drainQueues (https://app.dev.councilbox.com/__cypress/runner/cypress_runner.js:3781:5)
    at Async.drainQueues (https://app.dev.councilbox.com/__cypress/runner/cypress_runner.js:3651:14)]]></failure>
    </testcase>
    <testcase name="The user is able to close point in the &apos;New call with session&apos; type of meeting&apos; Click on the “Preparar sala” button" time="0.0000" classname="Click on the “Preparar sala” button">
      <failure message="Timed out retrying: Expected to find element: `#prepararSalaNew`, but never found it." type="AssertionError"><![CDATA[AssertionError: Timed out retrying: Expected to find element: `#prepararSalaNew`, but never found it.
    at ensureExistence (https://app.dev.councilbox.com/__cypress/runner/cypress_runner.js:137673:32)
    at Object.ensureElExistence (https://app.dev.councilbox.com/__cypress/runner/cypress_runner.js:137691:12)
    at ensureExistence (https://app.dev.councilbox.com/__cypress/runner/cypress_runner.js:127867:23)
    at onFailFn (https://app.dev.councilbox.com/__cypress/runner/cypress_runner.js:127905:9)
    at tryCatcher (https://app.dev.councilbox.com/__cypress/runner/cypress_runner.js:9065:23)
    at Promise._settlePromiseFromHandler (https://app.dev.councilbox.com/__cypress/runner/cypress_runner.js:7000:31)
    at Promise._settlePromise (https://app.dev.councilbox.com/__cypress/runner/cypress_runner.js:7057:18)
    at Promise._settlePromise0 (https://app.dev.councilbox.com/__cypress/runner/cypress_runner.js:7102:10)
    at Promise._settlePromises (https://app.dev.councilbox.com/__cypress/runner/cypress_runner.js:7178:18)
    at _drainQueueStep (https://app.dev.councilbox.com/__cypress/runner/cypress_runner.js:3772:12)
    at _drainQueue (https://app.dev.councilbox.com/__cypress/runner/cypress_runner.js:3765:9)
    at Async.../../node_modules/bluebird/js/release/async.js.Async._drainQueues (https://app.dev.councilbox.com/__cypress/runner/cypress_runner.js:3781:5)
    at Async.drainQueues (https://app.dev.councilbox.com/__cypress/runner/cypress_runner.js:3651:14)]]></failure>
    </testcase>
    <testcase name="The user is able to close point in the &apos;New call with session&apos; type of meeting&apos; Navigate to the upper right corner and click on the “Abrir Sala” button" time="0.0000" classname="Navigate to the upper right corner and click on the “Abrir Sala” button">
      <failure message="Timed out retrying: Expected to find element: `#abrirSalaEnReunion`, but never found it." type="AssertionError"><![CDATA[AssertionError: Timed out retrying: Expected to find element: `#abrirSalaEnReunion`, but never found it.
    at ensureExistence (https://app.dev.councilbox.com/__cypress/runner/cypress_runner.js:137673:32)
    at Object.ensureElExistence (https://app.dev.councilbox.com/__cypress/runner/cypress_runner.js:137691:12)
    at ensureExistence (https://app.dev.councilbox.com/__cypress/runner/cypress_runner.js:127867:23)
    at onFailFn (https://app.dev.councilbox.com/__cypress/runner/cypress_runner.js:127905:9)
    at tryCatcher (https://app.dev.councilbox.com/__cypress/runner/cypress_runner.js:9065:23)
    at Promise._settlePromiseFromHandler (https://app.dev.councilbox.com/__cypress/runner/cypress_runner.js:7000:31)
    at Promise._settlePromise (https://app.dev.councilbox.com/__cypress/runner/cypress_runner.js:7057:18)
    at Promise._settlePromise0 (https://app.dev.councilbox.com/__cypress/runner/cypress_runner.js:7102:10)
    at Promise._settlePromises (https://app.dev.councilbox.com/__cypress/runner/cypress_runner.js:7178:18)
    at _drainQueueStep (https://app.dev.councilbox.com/__cypress/runner/cypress_runner.js:3772:12)
    at _drainQueue (https://app.dev.councilbox.com/__cypress/runner/cypress_runner.js:3765:9)
    at Async.../../node_modules/bluebird/js/release/async.js.Async._drainQueues (https://app.dev.councilbox.com/__cypress/runner/cypress_runner.js:3781:5)
    at Async.drainQueues (https://app.dev.councilbox.com/__cypress/runner/cypress_runner.js:3651:14)]]></failure>
    </testcase>
    <testcase name="The user is able to close point in the &apos;New call with session&apos; type of meeting&apos; Populate all required fields and click on the “Aceptar” button" time="10.1710" classname="Populate all required fields and click on the “Aceptar” button">
    </testcase>
    <testcase name="The user is able to close point in the &apos;New call with session&apos; type of meeting&apos; Navigate to the “Camera and microphone” form and click on the “Accept” button" time="0.1100" classname="Navigate to the “Camera and microphone” form and click on the “Accept” button">
    </testcase>
    <testcase name="The user is able to close point in the &apos;New call with session&apos; type of meeting&apos; Navigate to the upper right corner and click on the “Iniciar reunion” button" time="0.0000" classname="Navigate to the upper right corner and click on the “Iniciar reunion” button">
      <failure message="Timed out retrying: Expected to find element: `#start-council-button`, but never found it." type="AssertionError"><![CDATA[AssertionError: Timed out retrying: Expected to find element: `#start-council-button`, but never found it.
    at ensureExistence (https://app.dev.councilbox.com/__cypress/runner/cypress_runner.js:137673:32)
    at Object.ensureElExistence (https://app.dev.councilbox.com/__cypress/runner/cypress_runner.js:137691:12)
    at ensureExistence (https://app.dev.councilbox.com/__cypress/runner/cypress_runner.js:127867:23)
    at onFailFn (https://app.dev.councilbox.com/__cypress/runner/cypress_runner.js:127905:9)
    at tryCatcher (https://app.dev.councilbox.com/__cypress/runner/cypress_runner.js:9065:23)
    at Promise._settlePromiseFromHandler (https://app.dev.councilbox.com/__cypress/runner/cypress_runner.js:7000:31)
    at Promise._settlePromise (https://app.dev.councilbox.com/__cypress/runner/cypress_runner.js:7057:18)
    at Promise._settlePromise0 (https://app.dev.councilbox.com/__cypress/runner/cypress_runner.js:7102:10)
    at Promise._settlePromises (https://app.dev.councilbox.com/__cypress/runner/cypress_runner.js:7178:18)
    at _drainQueueStep (https://app.dev.councilbox.com/__cypress/runner/cypress_runner.js:3772:12)
    at _drainQueue (https://app.dev.councilbox.com/__cypress/runner/cypress_runner.js:3765:9)
    at Async.../../node_modules/bluebird/js/release/async.js.Async._drainQueues (https://app.dev.councilbox.com/__cypress/runner/cypress_runner.js:3781:5)
    at Async.drainQueues (https://app.dev.councilbox.com/__cypress/runner/cypress_runner.js:3651:14)]]></failure>
    </testcase>
    <testcase name="The user is able to close point in the &apos;New call with session&apos; type of meeting&apos; Populate all required fields and click on the “Aceptar” button" time="0.0000" classname="Populate all required fields and click on the “Aceptar” button">
      <failure message="Timed out retrying: Expected to find element: `#council-president-select`, but never found it." type="AssertionError"><![CDATA[AssertionError: Timed out retrying: Expected to find element: `#council-president-select`, but never found it.
    at ensureExistence (https://app.dev.councilbox.com/__cypress/runner/cypress_runner.js:137673:32)
    at Object.ensureElExistence (https://app.dev.councilbox.com/__cypress/runner/cypress_runner.js:137691:12)
    at ensureExistence (https://app.dev.councilbox.com/__cypress/runner/cypress_runner.js:127867:23)
    at onFailFn (https://app.dev.councilbox.com/__cypress/runner/cypress_runner.js:127905:9)
    at tryCatcher (https://app.dev.councilbox.com/__cypress/runner/cypress_runner.js:9065:23)
    at Promise._settlePromiseFromHandler (https://app.dev.councilbox.com/__cypress/runner/cypress_runner.js:7000:31)
    at Promise._settlePromise (https://app.dev.councilbox.com/__cypress/runner/cypress_runner.js:7057:18)
    at Promise._settlePromise0 (https://app.dev.councilbox.com/__cypress/runner/cypress_runner.js:7102:10)
    at Promise._settlePromises (https://app.dev.councilbox.com/__cypress/runner/cypress_runner.js:7178:18)
    at _drainQueueStep (https://app.dev.councilbox.com/__cypress/runner/cypress_runner.js:3772:12)
    at _drainQueue (https://app.dev.councilbox.com/__cypress/runner/cypress_runner.js:3765:9)
    at Async.../../node_modules/bluebird/js/release/async.js.Async._drainQueues (https://app.dev.councilbox.com/__cypress/runner/cypress_runner.js:3781:5)
    at Async.drainQueues (https://app.dev.councilbox.com/__cypress/runner/cypress_runner.js:3651:14)]]></failure>
    </testcase>
    <testcase name="The user is able to close point in the &apos;New call with session&apos; type of meeting&apos; Click on the “Abrir punto” button" time="0.0000" classname="Click on the “Abrir punto” button">
      <failure message="Timed out retrying: Expected to find element: `#council-live-tab-agenda`, but never found it." type="AssertionError"><![CDATA[AssertionError: Timed out retrying: Expected to find element: `#council-live-tab-agenda`, but never found it.
    at ensureExistence (https://app.dev.councilbox.com/__cypress/runner/cypress_runner.js:137673:32)
    at Object.ensureElExistence (https://app.dev.councilbox.com/__cypress/runner/cypress_runner.js:137691:12)
    at ensureExistence (https://app.dev.councilbox.com/__cypress/runner/cypress_runner.js:127867:23)
    at onFailFn (https://app.dev.councilbox.com/__cypress/runner/cypress_runner.js:127905:9)
    at tryCatcher (https://app.dev.councilbox.com/__cypress/runner/cypress_runner.js:9065:23)
    at Promise._settlePromiseFromHandler (https://app.dev.councilbox.com/__cypress/runner/cypress_runner.js:7000:31)
    at Promise._settlePromise (https://app.dev.councilbox.com/__cypress/runner/cypress_runner.js:7057:18)
    at Promise._settlePromise0 (https://app.dev.councilbox.com/__cypress/runner/cypress_runner.js:7102:10)
    at Promise._settlePromises (https://app.dev.councilbox.com/__cypress/runner/cypress_runner.js:7178:18)
    at _drainQueueStep (https://app.dev.councilbox.com/__cypress/runner/cypress_runner.js:3772:12)
    at _drainQueue (https://app.dev.councilbox.com/__cypress/runner/cypress_runner.js:3765:9)
    at Async.../../node_modules/bluebird/js/release/async.js.Async._drainQueues (https://app.dev.councilbox.com/__cypress/runner/cypress_runner.js:3781:5)
    at Async.drainQueues (https://app.dev.councilbox.com/__cypress/runner/cypress_runner.js:3651:14)]]></failure>
    </testcase>
    <testcase name="The user is able to close point in the &apos;New call with session&apos; type of meeting&apos; Click on the “Activar votaciones” button" time="0.0000" classname="Click on the “Activar votaciones” button">
      <failure message="Timed out retrying: Expected to find element: `#council-live-tab-agenda`, but never found it." type="AssertionError"><![CDATA[AssertionError: Timed out retrying: Expected to find element: `#council-live-tab-agenda`, but never found it.
    at ensureExistence (https://app.dev.councilbox.com/__cypress/runner/cypress_runner.js:137673:32)
    at Object.ensureElExistence (https://app.dev.councilbox.com/__cypress/runner/cypress_runner.js:137691:12)
    at ensureExistence (https://app.dev.councilbox.com/__cypress/runner/cypress_runner.js:127867:23)
    at onFailFn (https://app.dev.councilbox.com/__cypress/runner/cypress_runner.js:127905:9)
    at tryCatcher (https://app.dev.councilbox.com/__cypress/runner/cypress_runner.js:9065:23)
    at Promise._settlePromiseFromHandler (https://app.dev.councilbox.com/__cypress/runner/cypress_runner.js:7000:31)
    at Promise._settlePromise (https://app.dev.councilbox.com/__cypress/runner/cypress_runner.js:7057:18)
    at Promise._settlePromise0 (https://app.dev.councilbox.com/__cypress/runner/cypress_runner.js:7102:10)
    at Promise._settlePromises (https://app.dev.councilbox.com/__cypress/runner/cypress_runner.js:7178:18)
    at _drainQueueStep (https://app.dev.councilbox.com/__cypress/runner/cypress_runner.js:3772:12)
    at _drainQueue (https://app.dev.councilbox.com/__cypress/runner/cypress_runner.js:3765:9)
    at Async.../../node_modules/bluebird/js/release/async.js.Async._drainQueues (https://app.dev.councilbox.com/__cypress/runner/cypress_runner.js:3781:5)
    at Async.drainQueues (https://app.dev.councilbox.com/__cypress/runner/cypress_runner.js:3651:14)]]></failure>
    </testcase>
    <testcase name="The user is able to close point in the &apos;New call with session&apos; type of meeting&apos; Click on the “Cerrar las votaciones del punto” button" time="0.0000" classname="Click on the “Cerrar las votaciones del punto” button">
      <failure message="Timed out retrying: Expected to find element: `#close-point-votings-button`, but never found it." type="AssertionError"><![CDATA[AssertionError: Timed out retrying: Expected to find element: `#close-point-votings-button`, but never found it.
    at ensureExistence (https://app.dev.councilbox.com/__cypress/runner/cypress_runner.js:137673:32)
    at Object.ensureElExistence (https://app.dev.councilbox.com/__cypress/runner/cypress_runner.js:137691:12)
    at ensureExistence (https://app.dev.councilbox.com/__cypress/runner/cypress_runner.js:127867:23)
    at onFailFn (https://app.dev.councilbox.com/__cypress/runner/cypress_runner.js:127905:9)
    at tryCatcher (https://app.dev.councilbox.com/__cypress/runner/cypress_runner.js:9065:23)
    at Promise._settlePromiseFromHandler (https://app.dev.councilbox.com/__cypress/runner/cypress_runner.js:7000:31)
    at Promise._settlePromise (https://app.dev.councilbox.com/__cypress/runner/cypress_runner.js:7057:18)
    at Promise._settlePromise0 (https://app.dev.councilbox.com/__cypress/runner/cypress_runner.js:7102:10)
    at Promise._settlePromises (https://app.dev.councilbox.com/__cypress/runner/cypress_runner.js:7178:18)
    at _drainQueueStep (https://app.dev.councilbox.com/__cypress/runner/cypress_runner.js:3772:12)
    at _drainQueue (https://app.dev.councilbox.com/__cypress/runner/cypress_runner.js:3765:9)
    at Async.../../node_modules/bluebird/js/release/async.js.Async._drainQueues (https://app.dev.councilbox.com/__cypress/runner/cypress_runner.js:3781:5)
    at Async.drainQueues (https://app.dev.councilbox.com/__cypress/runner/cypress_runner.js:3651:14)]]></failure>
    </testcase>
    <testcase name="The user is able to close point in the &apos;New call with session&apos; type of meeting&apos; Click on the “Cerrar punto” button" time="0.0000" classname="Click on the “Cerrar punto” button">
      <failure message="Timed out retrying: Expected to find element: `#close-agenda-point-button`, but never found it." type="AssertionError"><![CDATA[AssertionError: Timed out retrying: Expected to find element: `#close-agenda-point-button`, but never found it.
    at ensureExistence (https://app.dev.councilbox.com/__cypress/runner/cypress_runner.js:137673:32)
    at Object.ensureElExistence (https://app.dev.councilbox.com/__cypress/runner/cypress_runner.js:137691:12)
    at ensureExistence (https://app.dev.councilbox.com/__cypress/runner/cypress_runner.js:127867:23)
    at onFailFn (https://app.dev.councilbox.com/__cypress/runner/cypress_runner.js:127905:9)
    at tryCatcher (https://app.dev.councilbox.com/__cypress/runner/cypress_runner.js:9065:23)
    at Promise._settlePromiseFromHandler (https://app.dev.councilbox.com/__cypress/runner/cypress_runner.js:7000:31)
    at Promise._settlePromise (https://app.dev.councilbox.com/__cypress/runner/cypress_runner.js:7057:18)
    at Promise._settlePromise0 (https://app.dev.councilbox.com/__cypress/runner/cypress_runner.js:7102:10)
    at Promise._settlePromises (https://app.dev.councilbox.com/__cypress/runner/cypress_runner.js:7178:18)
    at _drainQueueStep (https://app.dev.councilbox.com/__cypress/runner/cypress_runner.js:3772:12)
    at _drainQueue (https://app.dev.councilbox.com/__cypress/runner/cypress_runner.js:3765:9)
    at Async.../../node_modules/bluebird/js/release/async.js.Async._drainQueues (https://app.dev.councilbox.com/__cypress/runner/cypress_runner.js:3781:5)
    at Async.drainQueues (https://app.dev.councilbox.com/__cypress/runner/cypress_runner.js:3651:14)]]></failure>
    </testcase>
    <testcase name="The user is able to close point in the &apos;New call with session&apos; type of meeting&apos; User should be able to exit the meeting" time="4.3020" classname="User should be able to exit the meeting">
    </testcase>
  </testsuite>
  <testsuite name="The user is able to finish council in the &apos;New call with session&apos; type of meeting" timestamp="2022-01-04T16:13:03" tests="21" time="103.5340" failures="12">
    <testcase name="The user is able to finish council in the &apos;New call with session&apos; type of meeting Click on the &apos;Nueva reunion&apos; button" time="3.6650" classname="Click on the &apos;Nueva reunion&apos; button">
    </testcase>
    <testcase name="The user is able to finish council in the &apos;New call with session&apos; type of meeting Click on the “Con sesion” button" time="3.2290" classname="Click on the “Con sesion” button">
    </testcase>
    <testcase name="The user is able to finish council in the &apos;New call with session&apos; type of meeting Populate all required fields and click on the “Siguiente” button" time="2.7810" classname="Populate all required fields and click on the “Siguiente” button">
    </testcase>
    <testcase name="The user is able to finish council in the &apos;New call with session&apos; type of meeting Click on the &apos;Anadir participante&apos; button and populate all required fields then click on the “Siguiente” button" time="14.0280" classname="Click on the &apos;Anadir participante&apos; button and populate all required fields then click on the “Siguiente” button">
    </testcase>
    <testcase name="The user is able to finish council in the &apos;New call with session&apos; type of meeting Click on the “Anadir punto al orden del dia+” button" time="0.9360" classname="Click on the “Anadir punto al orden del dia+” button">
    </testcase>
    <testcase name="The user is able to finish council in the &apos;New call with session&apos; type of meeting Click on the “Punto Si/no abstencion” button and populate “Title” field then choose “Votacio nominal” tipo and click on the “Aceptar” button then click on the “Siguiente” button" time="0.0000" classname="Click on the “Punto Si/no abstencion” button and populate “Title” field then choose “Votacio nominal” tipo and click on the “Aceptar” button then click on the “Siguiente” button">
      <failure message="Timed out retrying: `cy.click()` failed because this element is not visible:

`&lt;button tabindex=&quot;0&quot; class=&quot;jss502 jss505 jss510&quot; type=&quot;button&quot; id=&quot;ordenDelDiaNext&quot; style=&quot;text-transform: none; background-color: rgb(125, 33, 128); outline: 0px; cursor: pointer; color: white; font-weight: 700; font-size: 0.9em;&quot;&gt;...&lt;/button&gt;`

This element `&lt;button#ordenDelDiaNext.jss502.jss505.jss510&gt;` is not visible because it has CSS property: `position: fixed` and it&apos;s being covered by another element:

`&lt;div class=&quot;jss1339&quot; aria-hidden=&quot;true&quot; style=&quot;opacity: 1; will-change: opacity; transition: opacity 225ms cubic-bezier(0.4, 0, 0.2, 1) 0ms;&quot;&gt;&lt;/div&gt;`

Fix this problem, or use `{force: true}` to disable error checking.

https://on.cypress.io/element-cannot-be-interacted-with" type="CypressError"><![CDATA[CypressError: Timed out retrying: `cy.click()` failed because this element is not visible:

`<button tabindex="0" class="jss502 jss505 jss510" type="button" id="ordenDelDiaNext" style="text-transform: none; background-color: rgb(125, 33, 128); outline: 0px; cursor: pointer; color: white; font-weight: 700; font-size: 0.9em;">...</button>`

This element `<button#ordenDelDiaNext.jss502.jss505.jss510>` is not visible because it has CSS property: `position: fixed` and it's being covered by another element:

`<div class="jss1339" aria-hidden="true" style="opacity: 1; will-change: opacity; transition: opacity 225ms cubic-bezier(0.4, 0, 0.2, 1) 0ms;"></div>`

Fix this problem, or use `{force: true}` to disable error checking.

https://on.cypress.io/element-cannot-be-interacted-with
    at cypressErr (https://app.dev.councilbox.com/__cypress/runner/cypress_runner.js:146621:16)
    at cypressErrByPath (https://app.dev.councilbox.com/__cypress/runner/cypress_runner.js:146630:10)
    at Object.throwErrByPath (https://app.dev.councilbox.com/__cypress/runner/cypress_runner.js:146593:11)
    at Object.ensureVisibility (https://app.dev.councilbox.com/__cypress/runner/cypress_runner.js:137599:24)
    at runAllChecks (https://app.dev.councilbox.com/__cypress/runner/cypress_runner.js:127499:14)
    at retryActionability (https://app.dev.councilbox.com/__cypress/runner/cypress_runner.js:127542:16)
    at tryCatcher (https://app.dev.councilbox.com/__cypress/runner/cypress_runner.js:9065:23)
    at Function.Promise.attempt.Promise.try (https://app.dev.councilbox.com/__cypress/runner/cypress_runner.js:6339:29)
    at tryFn (https://app.dev.councilbox.com/__cypress/runner/cypress_runner.js:140680:21)
    at whenStable (https://app.dev.councilbox.com/__cypress/runner/cypress_runner.js:140715:12)
    at https://app.dev.councilbox.com/__cypress/runner/cypress_runner.js:140259:16
    at tryCatcher (https://app.dev.councilbox.com/__cypress/runner/cypress_runner.js:9065:23)
    at Promise._settlePromiseFromHandler (https://app.dev.councilbox.com/__cypress/runner/cypress_runner.js:7000:31)
    at Promise._settlePromise (https://app.dev.councilbox.com/__cypress/runner/cypress_runner.js:7057:18)
    at Promise._settlePromise0 (https://app.dev.councilbox.com/__cypress/runner/cypress_runner.js:7102:10)
    at Promise._settlePromises (https://app.dev.councilbox.com/__cypress/runner/cypress_runner.js:7182:18)]]></failure>
    </testcase>
    <testcase name="The user is able to finish council in the &apos;New call with session&apos; type of meeting Populate all required fields and click on the “Siguiente” button" time="0.0000" classname="Populate all required fields and click on the “Siguiente” button">
      <failure message="Timed out retrying: Expected to find element: `#council-options-contact-email`, but never found it." type="AssertionError"><![CDATA[AssertionError: Timed out retrying: Expected to find element: `#council-options-contact-email`, but never found it.
    at ensureExistence (https://app.dev.councilbox.com/__cypress/runner/cypress_runner.js:137673:32)
    at Object.ensureElExistence (https://app.dev.councilbox.com/__cypress/runner/cypress_runner.js:137691:12)
    at ensureExistence (https://app.dev.councilbox.com/__cypress/runner/cypress_runner.js:127867:23)
    at onFailFn (https://app.dev.councilbox.com/__cypress/runner/cypress_runner.js:127905:9)
    at tryCatcher (https://app.dev.councilbox.com/__cypress/runner/cypress_runner.js:9065:23)
    at Promise._settlePromiseFromHandler (https://app.dev.councilbox.com/__cypress/runner/cypress_runner.js:7000:31)
    at Promise._settlePromise (https://app.dev.councilbox.com/__cypress/runner/cypress_runner.js:7057:18)
    at Promise._settlePromise0 (https://app.dev.councilbox.com/__cypress/runner/cypress_runner.js:7102:10)
    at Promise._settlePromises (https://app.dev.councilbox.com/__cypress/runner/cypress_runner.js:7178:18)
    at _drainQueueStep (https://app.dev.councilbox.com/__cypress/runner/cypress_runner.js:3772:12)
    at _drainQueue (https://app.dev.councilbox.com/__cypress/runner/cypress_runner.js:3765:9)
    at Async.../../node_modules/bluebird/js/release/async.js.Async._drainQueues (https://app.dev.councilbox.com/__cypress/runner/cypress_runner.js:3781:5)
    at Async.drainQueues (https://app.dev.councilbox.com/__cypress/runner/cypress_runner.js:3651:14)]]></failure>
    </testcase>
    <testcase name="The user is able to finish council in the &apos;New call with session&apos; type of meeting Click on the “Convocar y notificar” button" time="0.0000" classname="Click on the “Convocar y notificar” button">
      <failure message="Timed out retrying: Expected to find element: `#council-editor-convene-notify`, but never found it." type="AssertionError"><![CDATA[AssertionError: Timed out retrying: Expected to find element: `#council-editor-convene-notify`, but never found it.
    at ensureExistence (https://app.dev.councilbox.com/__cypress/runner/cypress_runner.js:137673:32)
    at Object.ensureElExistence (https://app.dev.councilbox.com/__cypress/runner/cypress_runner.js:137691:12)
    at ensureExistence (https://app.dev.councilbox.com/__cypress/runner/cypress_runner.js:127867:23)
    at onFailFn (https://app.dev.councilbox.com/__cypress/runner/cypress_runner.js:127905:9)
    at tryCatcher (https://app.dev.councilbox.com/__cypress/runner/cypress_runner.js:9065:23)
    at Promise._settlePromiseFromHandler (https://app.dev.councilbox.com/__cypress/runner/cypress_runner.js:7000:31)
    at Promise._settlePromise (https://app.dev.councilbox.com/__cypress/runner/cypress_runner.js:7057:18)
    at Promise._settlePromise0 (https://app.dev.councilbox.com/__cypress/runner/cypress_runner.js:7102:10)
    at Promise._settlePromises (https://app.dev.councilbox.com/__cypress/runner/cypress_runner.js:7178:18)
    at _drainQueueStep (https://app.dev.councilbox.com/__cypress/runner/cypress_runner.js:3772:12)
    at _drainQueue (https://app.dev.councilbox.com/__cypress/runner/cypress_runner.js:3765:9)
    at Async.../../node_modules/bluebird/js/release/async.js.Async._drainQueues (https://app.dev.councilbox.com/__cypress/runner/cypress_runner.js:3781:5)
    at Async.drainQueues (https://app.dev.councilbox.com/__cypress/runner/cypress_runner.js:3651:14)]]></failure>
    </testcase>
    <testcase name="The user is able to finish council in the &apos;New call with session&apos; type of meeting Click on the “Preparar sala” button" time="0.0000" classname="Click on the “Preparar sala” button">
      <failure message="Timed out retrying: Expected to find element: `#prepararSalaNew`, but never found it." type="AssertionError"><![CDATA[AssertionError: Timed out retrying: Expected to find element: `#prepararSalaNew`, but never found it.
    at ensureExistence (https://app.dev.councilbox.com/__cypress/runner/cypress_runner.js:137673:32)
    at Object.ensureElExistence (https://app.dev.councilbox.com/__cypress/runner/cypress_runner.js:137691:12)
    at ensureExistence (https://app.dev.councilbox.com/__cypress/runner/cypress_runner.js:127867:23)
    at onFailFn (https://app.dev.councilbox.com/__cypress/runner/cypress_runner.js:127905:9)
    at tryCatcher (https://app.dev.councilbox.com/__cypress/runner/cypress_runner.js:9065:23)
    at Promise._settlePromiseFromHandler (https://app.dev.councilbox.com/__cypress/runner/cypress_runner.js:7000:31)
    at Promise._settlePromise (https://app.dev.councilbox.com/__cypress/runner/cypress_runner.js:7057:18)
    at Promise._settlePromise0 (https://app.dev.councilbox.com/__cypress/runner/cypress_runner.js:7102:10)
    at Promise._settlePromises (https://app.dev.councilbox.com/__cypress/runner/cypress_runner.js:7178:18)
    at _drainQueueStep (https://app.dev.councilbox.com/__cypress/runner/cypress_runner.js:3772:12)
    at _drainQueue (https://app.dev.councilbox.com/__cypress/runner/cypress_runner.js:3765:9)
    at Async.../../node_modules/bluebird/js/release/async.js.Async._drainQueues (https://app.dev.councilbox.com/__cypress/runner/cypress_runner.js:3781:5)
    at Async.drainQueues (https://app.dev.councilbox.com/__cypress/runner/cypress_runner.js:3651:14)]]></failure>
    </testcase>
    <testcase name="The user is able to finish council in the &apos;New call with session&apos; type of meeting Navigate to the upper right corner and click on the “Abrir Sala” button" time="0.0000" classname="Navigate to the upper right corner and click on the “Abrir Sala” button">
      <failure message="Timed out retrying: Expected to find element: `#abrirSalaEnReunion`, but never found it." type="AssertionError"><![CDATA[AssertionError: Timed out retrying: Expected to find element: `#abrirSalaEnReunion`, but never found it.
    at ensureExistence (https://app.dev.councilbox.com/__cypress/runner/cypress_runner.js:137673:32)
    at Object.ensureElExistence (https://app.dev.councilbox.com/__cypress/runner/cypress_runner.js:137691:12)
    at ensureExistence (https://app.dev.councilbox.com/__cypress/runner/cypress_runner.js:127867:23)
    at onFailFn (https://app.dev.councilbox.com/__cypress/runner/cypress_runner.js:127905:9)
    at tryCatcher (https://app.dev.councilbox.com/__cypress/runner/cypress_runner.js:9065:23)
    at Promise._settlePromiseFromHandler (https://app.dev.councilbox.com/__cypress/runner/cypress_runner.js:7000:31)
    at Promise._settlePromise (https://app.dev.councilbox.com/__cypress/runner/cypress_runner.js:7057:18)
    at Promise._settlePromise0 (https://app.dev.councilbox.com/__cypress/runner/cypress_runner.js:7102:10)
    at Promise._settlePromises (https://app.dev.councilbox.com/__cypress/runner/cypress_runner.js:7178:18)
    at _drainQueueStep (https://app.dev.councilbox.com/__cypress/runner/cypress_runner.js:3772:12)
    at _drainQueue (https://app.dev.councilbox.com/__cypress/runner/cypress_runner.js:3765:9)
    at Async.../../node_modules/bluebird/js/release/async.js.Async._drainQueues (https://app.dev.councilbox.com/__cypress/runner/cypress_runner.js:3781:5)
    at Async.drainQueues (https://app.dev.councilbox.com/__cypress/runner/cypress_runner.js:3651:14)]]></failure>
    </testcase>
    <testcase name="The user is able to finish council in the &apos;New call with session&apos; type of meeting Populate all required fields and click on the “Aceptar” button" time="10.1890" classname="Populate all required fields and click on the “Aceptar” button">
    </testcase>
    <testcase name="The user is able to finish council in the &apos;New call with session&apos; type of meeting Navigate to the “Camera and microphone” form and click on the “Accept” button" time="0.1280" classname="Navigate to the “Camera and microphone” form and click on the “Accept” button">
    </testcase>
    <testcase name="The user is able to finish council in the &apos;New call with session&apos; type of meeting Navigate to the upper right corner and click on the “Iniciar reunion” button" time="0.0000" classname="Navigate to the upper right corner and click on the “Iniciar reunion” button">
      <failure message="Timed out retrying: Expected to find element: `#start-council-button`, but never found it." type="AssertionError"><![CDATA[AssertionError: Timed out retrying: Expected to find element: `#start-council-button`, but never found it.
    at ensureExistence (https://app.dev.councilbox.com/__cypress/runner/cypress_runner.js:137673:32)
    at Object.ensureElExistence (https://app.dev.councilbox.com/__cypress/runner/cypress_runner.js:137691:12)
    at ensureExistence (https://app.dev.councilbox.com/__cypress/runner/cypress_runner.js:127867:23)
    at onFailFn (https://app.dev.councilbox.com/__cypress/runner/cypress_runner.js:127905:9)
    at tryCatcher (https://app.dev.councilbox.com/__cypress/runner/cypress_runner.js:9065:23)
    at Promise._settlePromiseFromHandler (https://app.dev.councilbox.com/__cypress/runner/cypress_runner.js:7000:31)
    at Promise._settlePromise (https://app.dev.councilbox.com/__cypress/runner/cypress_runner.js:7057:18)
    at Promise._settlePromise0 (https://app.dev.councilbox.com/__cypress/runner/cypress_runner.js:7102:10)
    at Promise._settlePromises (https://app.dev.councilbox.com/__cypress/runner/cypress_runner.js:7178:18)
    at _drainQueueStep (https://app.dev.councilbox.com/__cypress/runner/cypress_runner.js:3772:12)
    at _drainQueue (https://app.dev.councilbox.com/__cypress/runner/cypress_runner.js:3765:9)
    at Async.../../node_modules/bluebird/js/release/async.js.Async._drainQueues (https://app.dev.councilbox.com/__cypress/runner/cypress_runner.js:3781:5)
    at Async.drainQueues (https://app.dev.councilbox.com/__cypress/runner/cypress_runner.js:3651:14)]]></failure>
    </testcase>
    <testcase name="The user is able to finish council in the &apos;New call with session&apos; type of meeting Populate all required fields and click on the “Aceptar” button" time="0.0000" classname="Populate all required fields and click on the “Aceptar” button">
      <failure message="Timed out retrying: Expected to find element: `#council-president-select`, but never found it." type="AssertionError"><![CDATA[AssertionError: Timed out retrying: Expected to find element: `#council-president-select`, but never found it.
    at ensureExistence (https://app.dev.councilbox.com/__cypress/runner/cypress_runner.js:137673:32)
    at Object.ensureElExistence (https://app.dev.councilbox.com/__cypress/runner/cypress_runner.js:137691:12)
    at ensureExistence (https://app.dev.councilbox.com/__cypress/runner/cypress_runner.js:127867:23)
    at onFailFn (https://app.dev.councilbox.com/__cypress/runner/cypress_runner.js:127905:9)
    at tryCatcher (https://app.dev.councilbox.com/__cypress/runner/cypress_runner.js:9065:23)
    at Promise._settlePromiseFromHandler (https://app.dev.councilbox.com/__cypress/runner/cypress_runner.js:7000:31)
    at Promise._settlePromise (https://app.dev.councilbox.com/__cypress/runner/cypress_runner.js:7057:18)
    at Promise._settlePromise0 (https://app.dev.councilbox.com/__cypress/runner/cypress_runner.js:7102:10)
    at Promise._settlePromises (https://app.dev.councilbox.com/__cypress/runner/cypress_runner.js:7178:18)
    at _drainQueueStep (https://app.dev.councilbox.com/__cypress/runner/cypress_runner.js:3772:12)
    at _drainQueue (https://app.dev.councilbox.com/__cypress/runner/cypress_runner.js:3765:9)
    at Async.../../node_modules/bluebird/js/release/async.js.Async._drainQueues (https://app.dev.councilbox.com/__cypress/runner/cypress_runner.js:3781:5)
    at Async.drainQueues (https://app.dev.councilbox.com/__cypress/runner/cypress_runner.js:3651:14)]]></failure>
    </testcase>
    <testcase name="The user is able to finish council in the &apos;New call with session&apos; type of meeting Click on the “Abrir punto” button" time="0.0000" classname="Click on the “Abrir punto” button">
      <failure message="Timed out retrying: Expected to find element: `#council-live-tab-agenda`, but never found it." type="AssertionError"><![CDATA[AssertionError: Timed out retrying: Expected to find element: `#council-live-tab-agenda`, but never found it.
    at ensureExistence (https://app.dev.councilbox.com/__cypress/runner/cypress_runner.js:137673:32)
    at Object.ensureElExistence (https://app.dev.councilbox.com/__cypress/runner/cypress_runner.js:137691:12)
    at ensureExistence (https://app.dev.councilbox.com/__cypress/runner/cypress_runner.js:127867:23)
    at onFailFn (https://app.dev.councilbox.com/__cypress/runner/cypress_runner.js:127905:9)
    at tryCatcher (https://app.dev.councilbox.com/__cypress/runner/cypress_runner.js:9065:23)
    at Promise._settlePromiseFromHandler (https://app.dev.councilbox.com/__cypress/runner/cypress_runner.js:7000:31)
    at Promise._settlePromise (https://app.dev.councilbox.com/__cypress/runner/cypress_runner.js:7057:18)
    at Promise._settlePromise0 (https://app.dev.councilbox.com/__cypress/runner/cypress_runner.js:7102:10)
    at Promise._settlePromises (https://app.dev.councilbox.com/__cypress/runner/cypress_runner.js:7178:18)
    at _drainQueueStep (https://app.dev.councilbox.com/__cypress/runner/cypress_runner.js:3772:12)
    at _drainQueue (https://app.dev.councilbox.com/__cypress/runner/cypress_runner.js:3765:9)
    at Async.../../node_modules/bluebird/js/release/async.js.Async._drainQueues (https://app.dev.councilbox.com/__cypress/runner/cypress_runner.js:3781:5)
    at Async.drainQueues (https://app.dev.councilbox.com/__cypress/runner/cypress_runner.js:3651:14)]]></failure>
    </testcase>
    <testcase name="The user is able to finish council in the &apos;New call with session&apos; type of meeting Click on the “Activar votaciones” button" time="0.0000" classname="Click on the “Activar votaciones” button">
      <failure message="Timed out retrying: Expected to find element: `#council-live-tab-agenda`, but never found it." type="AssertionError"><![CDATA[AssertionError: Timed out retrying: Expected to find element: `#council-live-tab-agenda`, but never found it.
    at ensureExistence (https://app.dev.councilbox.com/__cypress/runner/cypress_runner.js:137673:32)
    at Object.ensureElExistence (https://app.dev.councilbox.com/__cypress/runner/cypress_runner.js:137691:12)
    at ensureExistence (https://app.dev.councilbox.com/__cypress/runner/cypress_runner.js:127867:23)
    at onFailFn (https://app.dev.councilbox.com/__cypress/runner/cypress_runner.js:127905:9)
    at tryCatcher (https://app.dev.councilbox.com/__cypress/runner/cypress_runner.js:9065:23)
    at Promise._settlePromiseFromHandler (https://app.dev.councilbox.com/__cypress/runner/cypress_runner.js:7000:31)
    at Promise._settlePromise (https://app.dev.councilbox.com/__cypress/runner/cypress_runner.js:7057:18)
    at Promise._settlePromise0 (https://app.dev.councilbox.com/__cypress/runner/cypress_runner.js:7102:10)
    at Promise._settlePromises (https://app.dev.councilbox.com/__cypress/runner/cypress_runner.js:7178:18)
    at _drainQueueStep (https://app.dev.councilbox.com/__cypress/runner/cypress_runner.js:3772:12)
    at _drainQueue (https://app.dev.councilbox.com/__cypress/runner/cypress_runner.js:3765:9)
    at Async.../../node_modules/bluebird/js/release/async.js.Async._drainQueues (https://app.dev.councilbox.com/__cypress/runner/cypress_runner.js:3781:5)
    at Async.drainQueues (https://app.dev.councilbox.com/__cypress/runner/cypress_runner.js:3651:14)]]></failure>
    </testcase>
    <testcase name="The user is able to finish council in the &apos;New call with session&apos; type of meeting Click on the “Cerrar las votaciones del punto” button" time="0.0000" classname="Click on the “Cerrar las votaciones del punto” button">
      <failure message="Timed out retrying: Expected to find element: `#close-point-votings-button`, but never found it." type="AssertionError"><![CDATA[AssertionError: Timed out retrying: Expected to find element: `#close-point-votings-button`, but never found it.
    at ensureExistence (https://app.dev.councilbox.com/__cypress/runner/cypress_runner.js:137673:32)
    at Object.ensureElExistence (https://app.dev.councilbox.com/__cypress/runner/cypress_runner.js:137691:12)
    at ensureExistence (https://app.dev.councilbox.com/__cypress/runner/cypress_runner.js:127867:23)
    at onFailFn (https://app.dev.councilbox.com/__cypress/runner/cypress_runner.js:127905:9)
    at tryCatcher (https://app.dev.councilbox.com/__cypress/runner/cypress_runner.js:9065:23)
    at Promise._settlePromiseFromHandler (https://app.dev.councilbox.com/__cypress/runner/cypress_runner.js:7000:31)
    at Promise._settlePromise (https://app.dev.councilbox.com/__cypress/runner/cypress_runner.js:7057:18)
    at Promise._settlePromise0 (https://app.dev.councilbox.com/__cypress/runner/cypress_runner.js:7102:10)
    at Promise._settlePromises (https://app.dev.councilbox.com/__cypress/runner/cypress_runner.js:7178:18)
    at _drainQueueStep (https://app.dev.councilbox.com/__cypress/runner/cypress_runner.js:3772:12)
    at _drainQueue (https://app.dev.councilbox.com/__cypress/runner/cypress_runner.js:3765:9)
    at Async.../../node_modules/bluebird/js/release/async.js.Async._drainQueues (https://app.dev.councilbox.com/__cypress/runner/cypress_runner.js:3781:5)
    at Async.drainQueues (https://app.dev.councilbox.com/__cypress/runner/cypress_runner.js:3651:14)]]></failure>
    </testcase>
    <testcase name="The user is able to finish council in the &apos;New call with session&apos; type of meeting Click on the “Cerrar punto” button" time="0.0000" classname="Click on the “Cerrar punto” button">
      <failure message="Timed out retrying: Expected to find element: `#close-agenda-point-button`, but never found it." type="AssertionError"><![CDATA[AssertionError: Timed out retrying: Expected to find element: `#close-agenda-point-button`, but never found it.
    at ensureExistence (https://app.dev.councilbox.com/__cypress/runner/cypress_runner.js:137673:32)
    at Object.ensureElExistence (https://app.dev.councilbox.com/__cypress/runner/cypress_runner.js:137691:12)
    at ensureExistence (https://app.dev.councilbox.com/__cypress/runner/cypress_runner.js:127867:23)
    at onFailFn (https://app.dev.councilbox.com/__cypress/runner/cypress_runner.js:127905:9)
    at tryCatcher (https://app.dev.councilbox.com/__cypress/runner/cypress_runner.js:9065:23)
    at Promise._settlePromiseFromHandler (https://app.dev.councilbox.com/__cypress/runner/cypress_runner.js:7000:31)
    at Promise._settlePromise (https://app.dev.councilbox.com/__cypress/runner/cypress_runner.js:7057:18)
    at Promise._settlePromise0 (https://app.dev.councilbox.com/__cypress/runner/cypress_runner.js:7102:10)
    at Promise._settlePromises (https://app.dev.councilbox.com/__cypress/runner/cypress_runner.js:7178:18)
    at _drainQueueStep (https://app.dev.councilbox.com/__cypress/runner/cypress_runner.js:3772:12)
    at _drainQueue (https://app.dev.councilbox.com/__cypress/runner/cypress_runner.js:3765:9)
    at Async.../../node_modules/bluebird/js/release/async.js.Async._drainQueues (https://app.dev.councilbox.com/__cypress/runner/cypress_runner.js:3781:5)
    at Async.drainQueues (https://app.dev.councilbox.com/__cypress/runner/cypress_runner.js:3651:14)]]></failure>
    </testcase>
    <testcase name="The user is able to finish council in the &apos;New call with session&apos; type of meeting Click on the “Finalizar reunion” button" time="0.0000" classname="Click on the “Finalizar reunion” button">
      <failure message="Timed out retrying: Expected to find element: `#finalizarReunionEnReunion`, but never found it." type="AssertionError"><![CDATA[AssertionError: Timed out retrying: Expected to find element: `#finalizarReunionEnReunion`, but never found it.
    at ensureExistence (https://app.dev.councilbox.com/__cypress/runner/cypress_runner.js:137673:32)
    at Object.ensureElExistence (https://app.dev.councilbox.com/__cypress/runner/cypress_runner.js:137691:12)
    at ensureExistence (https://app.dev.councilbox.com/__cypress/runner/cypress_runner.js:127867:23)
    at onFailFn (https://app.dev.councilbox.com/__cypress/runner/cypress_runner.js:127905:9)
    at tryCatcher (https://app.dev.councilbox.com/__cypress/runner/cypress_runner.js:9065:23)
    at Promise._settlePromiseFromHandler (https://app.dev.councilbox.com/__cypress/runner/cypress_runner.js:7000:31)
    at Promise._settlePromise (https://app.dev.councilbox.com/__cypress/runner/cypress_runner.js:7057:18)
    at Promise._settlePromise0 (https://app.dev.councilbox.com/__cypress/runner/cypress_runner.js:7102:10)
    at Promise._settlePromises (https://app.dev.councilbox.com/__cypress/runner/cypress_runner.js:7178:18)
    at _drainQueueStep (https://app.dev.councilbox.com/__cypress/runner/cypress_runner.js:3772:12)
    at _drainQueue (https://app.dev.councilbox.com/__cypress/runner/cypress_runner.js:3765:9)
    at Async.../../node_modules/bluebird/js/release/async.js.Async._drainQueues (https://app.dev.councilbox.com/__cypress/runner/cypress_runner.js:3781:5)
    at Async.drainQueues (https://app.dev.councilbox.com/__cypress/runner/cypress_runner.js:3651:14)]]></failure>
    </testcase>
    <testcase name="The user is able to finish council in the &apos;New call with session&apos; type of meeting Click on the “Accept” button" time="1.2700" classname="Click on the “Accept” button">
    </testcase>
    <testcase name="The user is able to finish council in the &apos;New call with session&apos; type of meeting User should be able to exit the meeting" time="6.6610" classname="User should be able to exit the meeting">
    </testcase>
  </testsuite>
  <testsuite name="The user is able to finalize and approve act in the &apos;New call with session&apos; type of meeting" timestamp="2022-01-04T16:14:47" tests="22" time="101.3970" failures="20">
    <testcase name="The user is able to finalize and approve act in the &apos;New call with session&apos; type of meeting Click on the &apos;Nueva reunion&apos; button" time="0.0000" classname="Click on the &apos;Nueva reunion&apos; button">
      <failure message="Timed out retrying: Expected to find element: `#create-council-block`, but never found it." type="AssertionError"><![CDATA[AssertionError: Timed out retrying: Expected to find element: `#create-council-block`, but never found it.
    at ensureExistence (https://app.dev.councilbox.com/__cypress/runner/cypress_runner.js:137673:32)
    at Object.ensureElExistence (https://app.dev.councilbox.com/__cypress/runner/cypress_runner.js:137691:12)
    at ensureExistence (https://app.dev.councilbox.com/__cypress/runner/cypress_runner.js:127867:23)
    at onFailFn (https://app.dev.councilbox.com/__cypress/runner/cypress_runner.js:127905:9)
    at tryCatcher (https://app.dev.councilbox.com/__cypress/runner/cypress_runner.js:9065:23)
    at Promise._settlePromiseFromHandler (https://app.dev.councilbox.com/__cypress/runner/cypress_runner.js:7000:31)
    at Promise._settlePromise (https://app.dev.councilbox.com/__cypress/runner/cypress_runner.js:7057:18)
    at Promise._settlePromise0 (https://app.dev.councilbox.com/__cypress/runner/cypress_runner.js:7102:10)
    at Promise._settlePromises (https://app.dev.councilbox.com/__cypress/runner/cypress_runner.js:7178:18)
    at _drainQueueStep (https://app.dev.councilbox.com/__cypress/runner/cypress_runner.js:3772:12)
    at _drainQueue (https://app.dev.councilbox.com/__cypress/runner/cypress_runner.js:3765:9)
    at Async.../../node_modules/bluebird/js/release/async.js.Async._drainQueues (https://app.dev.councilbox.com/__cypress/runner/cypress_runner.js:3781:5)
    at Async.drainQueues (https://app.dev.councilbox.com/__cypress/runner/cypress_runner.js:3651:14)]]></failure>
    </testcase>
    <testcase name="The user is able to finalize and approve act in the &apos;New call with session&apos; type of meeting Click on the “Con sesion” button" time="0.0000" classname="Click on the “Con sesion” button">
      <failure message="Timed out retrying: Expected to find element: `#create-council-with-session`, but never found it." type="AssertionError"><![CDATA[AssertionError: Timed out retrying: Expected to find element: `#create-council-with-session`, but never found it.
    at ensureExistence (https://app.dev.councilbox.com/__cypress/runner/cypress_runner.js:137673:32)
    at Object.ensureElExistence (https://app.dev.councilbox.com/__cypress/runner/cypress_runner.js:137691:12)
    at ensureExistence (https://app.dev.councilbox.com/__cypress/runner/cypress_runner.js:127867:23)
    at onFailFn (https://app.dev.councilbox.com/__cypress/runner/cypress_runner.js:127905:9)
    at tryCatcher (https://app.dev.councilbox.com/__cypress/runner/cypress_runner.js:9065:23)
    at Promise._settlePromiseFromHandler (https://app.dev.councilbox.com/__cypress/runner/cypress_runner.js:7000:31)
    at Promise._settlePromise (https://app.dev.councilbox.com/__cypress/runner/cypress_runner.js:7057:18)
    at Promise._settlePromise0 (https://app.dev.councilbox.com/__cypress/runner/cypress_runner.js:7102:10)
    at Promise._settlePromises (https://app.dev.councilbox.com/__cypress/runner/cypress_runner.js:7178:18)
    at _drainQueueStep (https://app.dev.councilbox.com/__cypress/runner/cypress_runner.js:3772:12)
    at _drainQueue (https://app.dev.councilbox.com/__cypress/runner/cypress_runner.js:3765:9)
    at Async.../../node_modules/bluebird/js/release/async.js.Async._drainQueues (https://app.dev.councilbox.com/__cypress/runner/cypress_runner.js:3781:5)
    at Async.drainQueues (https://app.dev.councilbox.com/__cypress/runner/cypress_runner.js:3651:14)]]></failure>
    </testcase>
    <testcase name="The user is able to finalize and approve act in the &apos;New call with session&apos; type of meeting Populate all required fields and click on the “Siguiente” button" time="0.0000" classname="Populate all required fields and click on the “Siguiente” button">
      <failure message="Timed out retrying: Expected to find element: `#council-notice-type-select`, but never found it." type="AssertionError"><![CDATA[AssertionError: Timed out retrying: Expected to find element: `#council-notice-type-select`, but never found it.
    at ensureExistence (https://app.dev.councilbox.com/__cypress/runner/cypress_runner.js:137673:32)
    at Object.ensureElExistence (https://app.dev.councilbox.com/__cypress/runner/cypress_runner.js:137691:12)
    at ensureExistence (https://app.dev.councilbox.com/__cypress/runner/cypress_runner.js:127867:23)
    at onFailFn (https://app.dev.councilbox.com/__cypress/runner/cypress_runner.js:127905:9)
    at tryCatcher (https://app.dev.councilbox.com/__cypress/runner/cypress_runner.js:9065:23)
    at Promise._settlePromiseFromHandler (https://app.dev.councilbox.com/__cypress/runner/cypress_runner.js:7000:31)
    at Promise._settlePromise (https://app.dev.councilbox.com/__cypress/runner/cypress_runner.js:7057:18)
    at Promise._settlePromise0 (https://app.dev.councilbox.com/__cypress/runner/cypress_runner.js:7102:10)
    at Promise._settlePromises (https://app.dev.councilbox.com/__cypress/runner/cypress_runner.js:7178:18)
    at _drainQueueStep (https://app.dev.councilbox.com/__cypress/runner/cypress_runner.js:3772:12)
    at _drainQueue (https://app.dev.councilbox.com/__cypress/runner/cypress_runner.js:3765:9)
    at Async.../../node_modules/bluebird/js/release/async.js.Async._drainQueues (https://app.dev.councilbox.com/__cypress/runner/cypress_runner.js:3781:5)
    at Async.drainQueues (https://app.dev.councilbox.com/__cypress/runner/cypress_runner.js:3651:14)]]></failure>
    </testcase>
    <testcase name="The user is able to finalize and approve act in the &apos;New call with session&apos; type of meeting Click on the &apos;Anadir participante&apos; button and populate all required fields then click on the “Siguiente” button" time="0.0000" classname="Click on the &apos;Anadir participante&apos; button and populate all required fields then click on the “Siguiente” button">
      <failure message="Timed out retrying: Expected to find element: `#add-participant-dropdown-trigger`, but never found it." type="AssertionError"><![CDATA[AssertionError: Timed out retrying: Expected to find element: `#add-participant-dropdown-trigger`, but never found it.
    at ensureExistence (https://app.dev.councilbox.com/__cypress/runner/cypress_runner.js:137673:32)
    at Object.ensureElExistence (https://app.dev.councilbox.com/__cypress/runner/cypress_runner.js:137691:12)
    at ensureExistence (https://app.dev.councilbox.com/__cypress/runner/cypress_runner.js:127867:23)
    at onFailFn (https://app.dev.councilbox.com/__cypress/runner/cypress_runner.js:127905:9)
    at tryCatcher (https://app.dev.councilbox.com/__cypress/runner/cypress_runner.js:9065:23)
    at Promise._settlePromiseFromHandler (https://app.dev.councilbox.com/__cypress/runner/cypress_runner.js:7000:31)
    at Promise._settlePromise (https://app.dev.councilbox.com/__cypress/runner/cypress_runner.js:7057:18)
    at Promise._settlePromise0 (https://app.dev.councilbox.com/__cypress/runner/cypress_runner.js:7102:10)
    at Promise._settlePromises (https://app.dev.councilbox.com/__cypress/runner/cypress_runner.js:7178:18)
    at _drainQueueStep (https://app.dev.councilbox.com/__cypress/runner/cypress_runner.js:3772:12)
    at _drainQueue (https://app.dev.councilbox.com/__cypress/runner/cypress_runner.js:3765:9)
    at Async.../../node_modules/bluebird/js/release/async.js.Async._drainQueues (https://app.dev.councilbox.com/__cypress/runner/cypress_runner.js:3781:5)
    at Async.drainQueues (https://app.dev.councilbox.com/__cypress/runner/cypress_runner.js:3651:14)]]></failure>
    </testcase>
    <testcase name="The user is able to finalize and approve act in the &apos;New call with session&apos; type of meeting Click on the “Anadir punto al orden del dia+” button" time="0.0000" classname="Click on the “Anadir punto al orden del dia+” button">
      <failure message="Timed out retrying: Expected to find element: `#newPuntoDelDiaOrdenDelDiaNew`, but never found it." type="AssertionError"><![CDATA[AssertionError: Timed out retrying: Expected to find element: `#newPuntoDelDiaOrdenDelDiaNew`, but never found it.
    at ensureExistence (https://app.dev.councilbox.com/__cypress/runner/cypress_runner.js:137673:32)
    at Object.ensureElExistence (https://app.dev.councilbox.com/__cypress/runner/cypress_runner.js:137691:12)
    at ensureExistence (https://app.dev.councilbox.com/__cypress/runner/cypress_runner.js:127867:23)
    at onFailFn (https://app.dev.councilbox.com/__cypress/runner/cypress_runner.js:127905:9)
    at tryCatcher (https://app.dev.councilbox.com/__cypress/runner/cypress_runner.js:9065:23)
    at Promise._settlePromiseFromHandler (https://app.dev.councilbox.com/__cypress/runner/cypress_runner.js:7000:31)
    at Promise._settlePromise (https://app.dev.councilbox.com/__cypress/runner/cypress_runner.js:7057:18)
    at Promise._settlePromise0 (https://app.dev.councilbox.com/__cypress/runner/cypress_runner.js:7102:10)
    at Promise._settlePromises (https://app.dev.councilbox.com/__cypress/runner/cypress_runner.js:7178:18)
    at _drainQueueStep (https://app.dev.councilbox.com/__cypress/runner/cypress_runner.js:3772:12)
    at _drainQueue (https://app.dev.councilbox.com/__cypress/runner/cypress_runner.js:3765:9)
    at Async.../../node_modules/bluebird/js/release/async.js.Async._drainQueues (https://app.dev.councilbox.com/__cypress/runner/cypress_runner.js:3781:5)
    at Async.drainQueues (https://app.dev.councilbox.com/__cypress/runner/cypress_runner.js:3651:14)]]></failure>
    </testcase>
    <testcase name="The user is able to finalize and approve act in the &apos;New call with session&apos; type of meeting Click on the “Punto Si/no abstencion” button and populate “Title” field then choose “Votacio nominal” tipo and click on the “Aceptar” button then click on the “Siguiente” button" time="0.0000" classname="Click on the “Punto Si/no abstencion” button and populate “Title” field then choose “Votacio nominal” tipo and click on the “Aceptar” button then click on the “Siguiente” button">
      <failure message="Timed out retrying: Expected to find element: `#puntoSiNoAbstencion`, but never found it." type="AssertionError"><![CDATA[AssertionError: Timed out retrying: Expected to find element: `#puntoSiNoAbstencion`, but never found it.
    at ensureExistence (https://app.dev.councilbox.com/__cypress/runner/cypress_runner.js:137673:32)
    at Object.ensureElExistence (https://app.dev.councilbox.com/__cypress/runner/cypress_runner.js:137691:12)
    at ensureExistence (https://app.dev.councilbox.com/__cypress/runner/cypress_runner.js:127867:23)
    at onFailFn (https://app.dev.councilbox.com/__cypress/runner/cypress_runner.js:127905:9)
    at tryCatcher (https://app.dev.councilbox.com/__cypress/runner/cypress_runner.js:9065:23)
    at Promise._settlePromiseFromHandler (https://app.dev.councilbox.com/__cypress/runner/cypress_runner.js:7000:31)
    at Promise._settlePromise (https://app.dev.councilbox.com/__cypress/runner/cypress_runner.js:7057:18)
    at Promise._settlePromise0 (https://app.dev.councilbox.com/__cypress/runner/cypress_runner.js:7102:10)
    at Promise._settlePromises (https://app.dev.councilbox.com/__cypress/runner/cypress_runner.js:7178:18)
    at _drainQueueStep (https://app.dev.councilbox.com/__cypress/runner/cypress_runner.js:3772:12)
    at _drainQueue (https://app.dev.councilbox.com/__cypress/runner/cypress_runner.js:3765:9)
    at Async.../../node_modules/bluebird/js/release/async.js.Async._drainQueues (https://app.dev.councilbox.com/__cypress/runner/cypress_runner.js:3781:5)
    at Async.drainQueues (https://app.dev.councilbox.com/__cypress/runner/cypress_runner.js:3651:14)]]></failure>
    </testcase>
    <testcase name="The user is able to finalize and approve act in the &apos;New call with session&apos; type of meeting Populate all required fields and click on the “Siguiente” button" time="0.0000" classname="Populate all required fields and click on the “Siguiente” button">
      <failure message="Timed out retrying: Expected to find element: `#council-options-contact-email`, but never found it." type="AssertionError"><![CDATA[AssertionError: Timed out retrying: Expected to find element: `#council-options-contact-email`, but never found it.
    at ensureExistence (https://app.dev.councilbox.com/__cypress/runner/cypress_runner.js:137673:32)
    at Object.ensureElExistence (https://app.dev.councilbox.com/__cypress/runner/cypress_runner.js:137691:12)
    at ensureExistence (https://app.dev.councilbox.com/__cypress/runner/cypress_runner.js:127867:23)
    at onFailFn (https://app.dev.councilbox.com/__cypress/runner/cypress_runner.js:127905:9)
    at tryCatcher (https://app.dev.councilbox.com/__cypress/runner/cypress_runner.js:9065:23)
    at Promise._settlePromiseFromHandler (https://app.dev.councilbox.com/__cypress/runner/cypress_runner.js:7000:31)
    at Promise._settlePromise (https://app.dev.councilbox.com/__cypress/runner/cypress_runner.js:7057:18)
    at Promise._settlePromise0 (https://app.dev.councilbox.com/__cypress/runner/cypress_runner.js:7102:10)
    at Promise._settlePromises (https://app.dev.councilbox.com/__cypress/runner/cypress_runner.js:7178:18)
    at _drainQueueStep (https://app.dev.councilbox.com/__cypress/runner/cypress_runner.js:3772:12)
    at _drainQueue (https://app.dev.councilbox.com/__cypress/runner/cypress_runner.js:3765:9)
    at Async.../../node_modules/bluebird/js/release/async.js.Async._drainQueues (https://app.dev.councilbox.com/__cypress/runner/cypress_runner.js:3781:5)
    at Async.drainQueues (https://app.dev.councilbox.com/__cypress/runner/cypress_runner.js:3651:14)]]></failure>
    </testcase>
    <testcase name="The user is able to finalize and approve act in the &apos;New call with session&apos; type of meeting Click on the “Convocar y notificar” button" time="0.0000" classname="Click on the “Convocar y notificar” button">
      <failure message="Timed out retrying: Expected to find element: `#council-editor-convene-notify`, but never found it." type="AssertionError"><![CDATA[AssertionError: Timed out retrying: Expected to find element: `#council-editor-convene-notify`, but never found it.
    at ensureExistence (https://app.dev.councilbox.com/__cypress/runner/cypress_runner.js:137673:32)
    at Object.ensureElExistence (https://app.dev.councilbox.com/__cypress/runner/cypress_runner.js:137691:12)
    at ensureExistence (https://app.dev.councilbox.com/__cypress/runner/cypress_runner.js:127867:23)
    at onFailFn (https://app.dev.councilbox.com/__cypress/runner/cypress_runner.js:127905:9)
    at tryCatcher (https://app.dev.councilbox.com/__cypress/runner/cypress_runner.js:9065:23)
    at Promise._settlePromiseFromHandler (https://app.dev.councilbox.com/__cypress/runner/cypress_runner.js:7000:31)
    at Promise._settlePromise (https://app.dev.councilbox.com/__cypress/runner/cypress_runner.js:7057:18)
    at Promise._settlePromise0 (https://app.dev.councilbox.com/__cypress/runner/cypress_runner.js:7102:10)
    at Promise._settlePromises (https://app.dev.councilbox.com/__cypress/runner/cypress_runner.js:7178:18)
    at _drainQueueStep (https://app.dev.councilbox.com/__cypress/runner/cypress_runner.js:3772:12)
    at _drainQueue (https://app.dev.councilbox.com/__cypress/runner/cypress_runner.js:3765:9)
    at Async.../../node_modules/bluebird/js/release/async.js.Async._drainQueues (https://app.dev.councilbox.com/__cypress/runner/cypress_runner.js:3781:5)
    at Async.drainQueues (https://app.dev.councilbox.com/__cypress/runner/cypress_runner.js:3651:14)]]></failure>
    </testcase>
    <testcase name="The user is able to finalize and approve act in the &apos;New call with session&apos; type of meeting Click on the “Preparar sala” button" time="0.0000" classname="Click on the “Preparar sala” button">
      <failure message="Timed out retrying: Expected to find element: `#prepararSalaNew`, but never found it." type="AssertionError"><![CDATA[AssertionError: Timed out retrying: Expected to find element: `#prepararSalaNew`, but never found it.
    at ensureExistence (https://app.dev.councilbox.com/__cypress/runner/cypress_runner.js:137673:32)
    at Object.ensureElExistence (https://app.dev.councilbox.com/__cypress/runner/cypress_runner.js:137691:12)
    at ensureExistence (https://app.dev.councilbox.com/__cypress/runner/cypress_runner.js:127867:23)
    at onFailFn (https://app.dev.councilbox.com/__cypress/runner/cypress_runner.js:127905:9)
    at tryCatcher (https://app.dev.councilbox.com/__cypress/runner/cypress_runner.js:9065:23)
    at Promise._settlePromiseFromHandler (https://app.dev.councilbox.com/__cypress/runner/cypress_runner.js:7000:31)
    at Promise._settlePromise (https://app.dev.councilbox.com/__cypress/runner/cypress_runner.js:7057:18)
    at Promise._settlePromise0 (https://app.dev.councilbox.com/__cypress/runner/cypress_runner.js:7102:10)
    at Promise._settlePromises (https://app.dev.councilbox.com/__cypress/runner/cypress_runner.js:7178:18)
    at _drainQueueStep (https://app.dev.councilbox.com/__cypress/runner/cypress_runner.js:3772:12)
    at _drainQueue (https://app.dev.councilbox.com/__cypress/runner/cypress_runner.js:3765:9)
    at Async.../../node_modules/bluebird/js/release/async.js.Async._drainQueues (https://app.dev.councilbox.com/__cypress/runner/cypress_runner.js:3781:5)
    at Async.drainQueues (https://app.dev.councilbox.com/__cypress/runner/cypress_runner.js:3651:14)]]></failure>
    </testcase>
    <testcase name="The user is able to finalize and approve act in the &apos;New call with session&apos; type of meeting Navigate to the upper right corner and click on the “Abrir Sala” button" time="0.0000" classname="Navigate to the upper right corner and click on the “Abrir Sala” button">
      <failure message="Timed out retrying: Expected to find element: `#abrirSalaEnReunion`, but never found it." type="AssertionError"><![CDATA[AssertionError: Timed out retrying: Expected to find element: `#abrirSalaEnReunion`, but never found it.
    at ensureExistence (https://app.dev.councilbox.com/__cypress/runner/cypress_runner.js:137673:32)
    at Object.ensureElExistence (https://app.dev.councilbox.com/__cypress/runner/cypress_runner.js:137691:12)
    at ensureExistence (https://app.dev.councilbox.com/__cypress/runner/cypress_runner.js:127867:23)
    at onFailFn (https://app.dev.councilbox.com/__cypress/runner/cypress_runner.js:127905:9)
    at tryCatcher (https://app.dev.councilbox.com/__cypress/runner/cypress_runner.js:9065:23)
    at Promise._settlePromiseFromHandler (https://app.dev.councilbox.com/__cypress/runner/cypress_runner.js:7000:31)
    at Promise._settlePromise (https://app.dev.councilbox.com/__cypress/runner/cypress_runner.js:7057:18)
    at Promise._settlePromise0 (https://app.dev.councilbox.com/__cypress/runner/cypress_runner.js:7102:10)
    at Promise._settlePromises (https://app.dev.councilbox.com/__cypress/runner/cypress_runner.js:7178:18)
    at _drainQueueStep (https://app.dev.councilbox.com/__cypress/runner/cypress_runner.js:3772:12)
    at _drainQueue (https://app.dev.councilbox.com/__cypress/runner/cypress_runner.js:3765:9)
    at Async.../../node_modules/bluebird/js/release/async.js.Async._drainQueues (https://app.dev.councilbox.com/__cypress/runner/cypress_runner.js:3781:5)
    at Async.drainQueues (https://app.dev.councilbox.com/__cypress/runner/cypress_runner.js:3651:14)]]></failure>
    </testcase>
    <testcase name="The user is able to finalize and approve act in the &apos;New call with session&apos; type of meeting Populate all required fields and click on the “Aceptar” button" time="0.0000" classname="Populate all required fields and click on the “Aceptar” button">
      <failure message="Timed out retrying: Expected to find element: `#alert-confirm-button-accept`, but never found it." type="AssertionError"><![CDATA[AssertionError: Timed out retrying: Expected to find element: `#alert-confirm-button-accept`, but never found it.
    at ensureExistence (https://app.dev.councilbox.com/__cypress/runner/cypress_runner.js:137673:32)
    at Object.ensureElExistence (https://app.dev.councilbox.com/__cypress/runner/cypress_runner.js:137691:12)
    at ensureExistence (https://app.dev.councilbox.com/__cypress/runner/cypress_runner.js:127867:23)
    at onFailFn (https://app.dev.councilbox.com/__cypress/runner/cypress_runner.js:127905:9)
    at tryCatcher (https://app.dev.councilbox.com/__cypress/runner/cypress_runner.js:9065:23)
    at Promise._settlePromiseFromHandler (https://app.dev.councilbox.com/__cypress/runner/cypress_runner.js:7000:31)
    at Promise._settlePromise (https://app.dev.councilbox.com/__cypress/runner/cypress_runner.js:7057:18)
    at Promise._settlePromise0 (https://app.dev.councilbox.com/__cypress/runner/cypress_runner.js:7102:10)
    at Promise._settlePromises (https://app.dev.councilbox.com/__cypress/runner/cypress_runner.js:7178:18)
    at _drainQueueStep (https://app.dev.councilbox.com/__cypress/runner/cypress_runner.js:3772:12)
    at _drainQueue (https://app.dev.councilbox.com/__cypress/runner/cypress_runner.js:3765:9)
    at Async.../../node_modules/bluebird/js/release/async.js.Async._drainQueues (https://app.dev.councilbox.com/__cypress/runner/cypress_runner.js:3781:5)
    at Async.drainQueues (https://app.dev.councilbox.com/__cypress/runner/cypress_runner.js:3651:14)]]></failure>
    </testcase>
    <testcase name="The user is able to finalize and approve act in the &apos;New call with session&apos; type of meeting Navigate to the “Camera and microphone” form and click on the “Accept” button" time="0.1060" classname="Navigate to the “Camera and microphone” form and click on the “Accept” button">
    </testcase>
    <testcase name="The user is able to finalize and approve act in the &apos;New call with session&apos; type of meeting Navigate to the upper right corner and click on the “Iniciar reunion” button" time="0.0000" classname="Navigate to the upper right corner and click on the “Iniciar reunion” button">
      <failure message="Timed out retrying: Expected to find element: `#start-council-button`, but never found it." type="AssertionError"><![CDATA[AssertionError: Timed out retrying: Expected to find element: `#start-council-button`, but never found it.
    at ensureExistence (https://app.dev.councilbox.com/__cypress/runner/cypress_runner.js:137673:32)
    at Object.ensureElExistence (https://app.dev.councilbox.com/__cypress/runner/cypress_runner.js:137691:12)
    at ensureExistence (https://app.dev.councilbox.com/__cypress/runner/cypress_runner.js:127867:23)
    at onFailFn (https://app.dev.councilbox.com/__cypress/runner/cypress_runner.js:127905:9)
    at tryCatcher (https://app.dev.councilbox.com/__cypress/runner/cypress_runner.js:9065:23)
    at Promise._settlePromiseFromHandler (https://app.dev.councilbox.com/__cypress/runner/cypress_runner.js:7000:31)
    at Promise._settlePromise (https://app.dev.councilbox.com/__cypress/runner/cypress_runner.js:7057:18)
    at Promise._settlePromise0 (https://app.dev.councilbox.com/__cypress/runner/cypress_runner.js:7102:10)
    at Promise._settlePromises (https://app.dev.councilbox.com/__cypress/runner/cypress_runner.js:7178:18)
    at _drainQueueStep (https://app.dev.councilbox.com/__cypress/runner/cypress_runner.js:3772:12)
    at _drainQueue (https://app.dev.councilbox.com/__cypress/runner/cypress_runner.js:3765:9)
    at Async.../../node_modules/bluebird/js/release/async.js.Async._drainQueues (https://app.dev.councilbox.com/__cypress/runner/cypress_runner.js:3781:5)
    at Async.drainQueues (https://app.dev.councilbox.com/__cypress/runner/cypress_runner.js:3651:14)]]></failure>
    </testcase>
    <testcase name="The user is able to finalize and approve act in the &apos;New call with session&apos; type of meeting Populate all required fields and click on the “Aceptar” button" time="0.0000" classname="Populate all required fields and click on the “Aceptar” button">
      <failure message="Timed out retrying: Expected to find element: `#council-president-select`, but never found it." type="AssertionError"><![CDATA[AssertionError: Timed out retrying: Expected to find element: `#council-president-select`, but never found it.
    at ensureExistence (https://app.dev.councilbox.com/__cypress/runner/cypress_runner.js:137673:32)
    at Object.ensureElExistence (https://app.dev.councilbox.com/__cypress/runner/cypress_runner.js:137691:12)
    at ensureExistence (https://app.dev.councilbox.com/__cypress/runner/cypress_runner.js:127867:23)
    at onFailFn (https://app.dev.councilbox.com/__cypress/runner/cypress_runner.js:127905:9)
    at tryCatcher (https://app.dev.councilbox.com/__cypress/runner/cypress_runner.js:9065:23)
    at Promise._settlePromiseFromHandler (https://app.dev.councilbox.com/__cypress/runner/cypress_runner.js:7000:31)
    at Promise._settlePromise (https://app.dev.councilbox.com/__cypress/runner/cypress_runner.js:7057:18)
    at Promise._settlePromise0 (https://app.dev.councilbox.com/__cypress/runner/cypress_runner.js:7102:10)
    at Promise._settlePromises (https://app.dev.councilbox.com/__cypress/runner/cypress_runner.js:7178:18)
    at _drainQueueStep (https://app.dev.councilbox.com/__cypress/runner/cypress_runner.js:3772:12)
    at _drainQueue (https://app.dev.councilbox.com/__cypress/runner/cypress_runner.js:3765:9)
    at Async.../../node_modules/bluebird/js/release/async.js.Async._drainQueues (https://app.dev.councilbox.com/__cypress/runner/cypress_runner.js:3781:5)
    at Async.drainQueues (https://app.dev.councilbox.com/__cypress/runner/cypress_runner.js:3651:14)]]></failure>
    </testcase>
    <testcase name="The user is able to finalize and approve act in the &apos;New call with session&apos; type of meeting Click on the “Abrir punto” button" time="0.0000" classname="Click on the “Abrir punto” button">
      <failure message="Timed out retrying: Expected to find element: `#council-live-tab-agenda`, but never found it." type="AssertionError"><![CDATA[AssertionError: Timed out retrying: Expected to find element: `#council-live-tab-agenda`, but never found it.
    at ensureExistence (https://app.dev.councilbox.com/__cypress/runner/cypress_runner.js:137673:32)
    at Object.ensureElExistence (https://app.dev.councilbox.com/__cypress/runner/cypress_runner.js:137691:12)
    at ensureExistence (https://app.dev.councilbox.com/__cypress/runner/cypress_runner.js:127867:23)
    at onFailFn (https://app.dev.councilbox.com/__cypress/runner/cypress_runner.js:127905:9)
    at tryCatcher (https://app.dev.councilbox.com/__cypress/runner/cypress_runner.js:9065:23)
    at Promise._settlePromiseFromHandler (https://app.dev.councilbox.com/__cypress/runner/cypress_runner.js:7000:31)
    at Promise._settlePromise (https://app.dev.councilbox.com/__cypress/runner/cypress_runner.js:7057:18)
    at Promise._settlePromise0 (https://app.dev.councilbox.com/__cypress/runner/cypress_runner.js:7102:10)
    at Promise._settlePromises (https://app.dev.councilbox.com/__cypress/runner/cypress_runner.js:7178:18)
    at _drainQueueStep (https://app.dev.councilbox.com/__cypress/runner/cypress_runner.js:3772:12)
    at _drainQueue (https://app.dev.councilbox.com/__cypress/runner/cypress_runner.js:3765:9)
    at Async.../../node_modules/bluebird/js/release/async.js.Async._drainQueues (https://app.dev.councilbox.com/__cypress/runner/cypress_runner.js:3781:5)
    at Async.drainQueues (https://app.dev.councilbox.com/__cypress/runner/cypress_runner.js:3651:14)]]></failure>
    </testcase>
    <testcase name="The user is able to finalize and approve act in the &apos;New call with session&apos; type of meeting Click on the “Activar votaciones” button" time="0.0000" classname="Click on the “Activar votaciones” button">
      <failure message="Timed out retrying: Expected to find element: `#council-live-tab-agenda`, but never found it." type="AssertionError"><![CDATA[AssertionError: Timed out retrying: Expected to find element: `#council-live-tab-agenda`, but never found it.
    at ensureExistence (https://app.dev.councilbox.com/__cypress/runner/cypress_runner.js:137673:32)
    at Object.ensureElExistence (https://app.dev.councilbox.com/__cypress/runner/cypress_runner.js:137691:12)
    at ensureExistence (https://app.dev.councilbox.com/__cypress/runner/cypress_runner.js:127867:23)
    at onFailFn (https://app.dev.councilbox.com/__cypress/runner/cypress_runner.js:127905:9)
    at tryCatcher (https://app.dev.councilbox.com/__cypress/runner/cypress_runner.js:9065:23)
    at Promise._settlePromiseFromHandler (https://app.dev.councilbox.com/__cypress/runner/cypress_runner.js:7000:31)
    at Promise._settlePromise (https://app.dev.councilbox.com/__cypress/runner/cypress_runner.js:7057:18)
    at Promise._settlePromise0 (https://app.dev.councilbox.com/__cypress/runner/cypress_runner.js:7102:10)
    at Promise._settlePromises (https://app.dev.councilbox.com/__cypress/runner/cypress_runner.js:7178:18)
    at _drainQueueStep (https://app.dev.councilbox.com/__cypress/runner/cypress_runner.js:3772:12)
    at _drainQueue (https://app.dev.councilbox.com/__cypress/runner/cypress_runner.js:3765:9)
    at Async.../../node_modules/bluebird/js/release/async.js.Async._drainQueues (https://app.dev.councilbox.com/__cypress/runner/cypress_runner.js:3781:5)
    at Async.drainQueues (https://app.dev.councilbox.com/__cypress/runner/cypress_runner.js:3651:14)]]></failure>
    </testcase>
    <testcase name="The user is able to finalize and approve act in the &apos;New call with session&apos; type of meeting Click on the “Cerrar las votaciones del punto” button" time="0.0000" classname="Click on the “Cerrar las votaciones del punto” button">
      <failure message="Timed out retrying: Expected to find element: `#close-point-votings-button`, but never found it." type="AssertionError"><![CDATA[AssertionError: Timed out retrying: Expected to find element: `#close-point-votings-button`, but never found it.
    at ensureExistence (https://app.dev.councilbox.com/__cypress/runner/cypress_runner.js:137673:32)
    at Object.ensureElExistence (https://app.dev.councilbox.com/__cypress/runner/cypress_runner.js:137691:12)
    at ensureExistence (https://app.dev.councilbox.com/__cypress/runner/cypress_runner.js:127867:23)
    at onFailFn (https://app.dev.councilbox.com/__cypress/runner/cypress_runner.js:127905:9)
    at tryCatcher (https://app.dev.councilbox.com/__cypress/runner/cypress_runner.js:9065:23)
    at Promise._settlePromiseFromHandler (https://app.dev.councilbox.com/__cypress/runner/cypress_runner.js:7000:31)
    at Promise._settlePromise (https://app.dev.councilbox.com/__cypress/runner/cypress_runner.js:7057:18)
    at Promise._settlePromise0 (https://app.dev.councilbox.com/__cypress/runner/cypress_runner.js:7102:10)
    at Promise._settlePromises (https://app.dev.councilbox.com/__cypress/runner/cypress_runner.js:7178:18)
    at _drainQueueStep (https://app.dev.councilbox.com/__cypress/runner/cypress_runner.js:3772:12)
    at _drainQueue (https://app.dev.councilbox.com/__cypress/runner/cypress_runner.js:3765:9)
    at Async.../../node_modules/bluebird/js/release/async.js.Async._drainQueues (https://app.dev.councilbox.com/__cypress/runner/cypress_runner.js:3781:5)
    at Async.drainQueues (https://app.dev.councilbox.com/__cypress/runner/cypress_runner.js:3651:14)]]></failure>
    </testcase>
    <testcase name="The user is able to finalize and approve act in the &apos;New call with session&apos; type of meeting Click on the “Cerrar punto” button" time="0.0000" classname="Click on the “Cerrar punto” button">
      <failure message="Timed out retrying: Expected to find element: `#close-agenda-point-button`, but never found it." type="AssertionError"><![CDATA[AssertionError: Timed out retrying: Expected to find element: `#close-agenda-point-button`, but never found it.
    at ensureExistence (https://app.dev.councilbox.com/__cypress/runner/cypress_runner.js:137673:32)
    at Object.ensureElExistence (https://app.dev.councilbox.com/__cypress/runner/cypress_runner.js:137691:12)
    at ensureExistence (https://app.dev.councilbox.com/__cypress/runner/cypress_runner.js:127867:23)
    at onFailFn (https://app.dev.councilbox.com/__cypress/runner/cypress_runner.js:127905:9)
    at tryCatcher (https://app.dev.councilbox.com/__cypress/runner/cypress_runner.js:9065:23)
    at Promise._settlePromiseFromHandler (https://app.dev.councilbox.com/__cypress/runner/cypress_runner.js:7000:31)
    at Promise._settlePromise (https://app.dev.councilbox.com/__cypress/runner/cypress_runner.js:7057:18)
    at Promise._settlePromise0 (https://app.dev.councilbox.com/__cypress/runner/cypress_runner.js:7102:10)
    at Promise._settlePromises (https://app.dev.councilbox.com/__cypress/runner/cypress_runner.js:7178:18)
    at _drainQueueStep (https://app.dev.councilbox.com/__cypress/runner/cypress_runner.js:3772:12)
    at _drainQueue (https://app.dev.councilbox.com/__cypress/runner/cypress_runner.js:3765:9)
    at Async.../../node_modules/bluebird/js/release/async.js.Async._drainQueues (https://app.dev.councilbox.com/__cypress/runner/cypress_runner.js:3781:5)
    at Async.drainQueues (https://app.dev.councilbox.com/__cypress/runner/cypress_runner.js:3651:14)]]></failure>
    </testcase>
    <testcase name="The user is able to finalize and approve act in the &apos;New call with session&apos; type of meeting Click on the “Finalizar reunion” button" time="0.0000" classname="Click on the “Finalizar reunion” button">
      <failure message="Timed out retrying: Expected to find element: `#finalizarReunionEnReunion`, but never found it." type="AssertionError"><![CDATA[AssertionError: Timed out retrying: Expected to find element: `#finalizarReunionEnReunion`, but never found it.
    at ensureExistence (https://app.dev.councilbox.com/__cypress/runner/cypress_runner.js:137673:32)
    at Object.ensureElExistence (https://app.dev.councilbox.com/__cypress/runner/cypress_runner.js:137691:12)
    at ensureExistence (https://app.dev.councilbox.com/__cypress/runner/cypress_runner.js:127867:23)
    at onFailFn (https://app.dev.councilbox.com/__cypress/runner/cypress_runner.js:127905:9)
    at tryCatcher (https://app.dev.councilbox.com/__cypress/runner/cypress_runner.js:9065:23)
    at Promise._settlePromiseFromHandler (https://app.dev.councilbox.com/__cypress/runner/cypress_runner.js:7000:31)
    at Promise._settlePromise (https://app.dev.councilbox.com/__cypress/runner/cypress_runner.js:7057:18)
    at Promise._settlePromise0 (https://app.dev.councilbox.com/__cypress/runner/cypress_runner.js:7102:10)
    at Promise._settlePromises (https://app.dev.councilbox.com/__cypress/runner/cypress_runner.js:7178:18)
    at _drainQueueStep (https://app.dev.councilbox.com/__cypress/runner/cypress_runner.js:3772:12)
    at _drainQueue (https://app.dev.councilbox.com/__cypress/runner/cypress_runner.js:3765:9)
    at Async.../../node_modules/bluebird/js/release/async.js.Async._drainQueues (https://app.dev.councilbox.com/__cypress/runner/cypress_runner.js:3781:5)
    at Async.drainQueues (https://app.dev.councilbox.com/__cypress/runner/cypress_runner.js:3651:14)]]></failure>
    </testcase>
    <testcase name="The user is able to finalize and approve act in the &apos;New call with session&apos; type of meeting Click on the “Accept” button" time="0.0000" classname="Click on the “Accept” button">
      <failure message="Timed out retrying: Expected to find element: `#alert-confirm-button-accept`, but never found it." type="AssertionError"><![CDATA[AssertionError: Timed out retrying: Expected to find element: `#alert-confirm-button-accept`, but never found it.
    at ensureExistence (https://app.dev.councilbox.com/__cypress/runner/cypress_runner.js:137673:32)
    at Object.ensureElExistence (https://app.dev.councilbox.com/__cypress/runner/cypress_runner.js:137691:12)
    at ensureExistence (https://app.dev.councilbox.com/__cypress/runner/cypress_runner.js:127867:23)
    at onFailFn (https://app.dev.councilbox.com/__cypress/runner/cypress_runner.js:127905:9)
    at tryCatcher (https://app.dev.councilbox.com/__cypress/runner/cypress_runner.js:9065:23)
    at Promise._settlePromiseFromHandler (https://app.dev.councilbox.com/__cypress/runner/cypress_runner.js:7000:31)
    at Promise._settlePromise (https://app.dev.councilbox.com/__cypress/runner/cypress_runner.js:7057:18)
    at Promise._settlePromise0 (https://app.dev.councilbox.com/__cypress/runner/cypress_runner.js:7102:10)
    at Promise._settlePromises (https://app.dev.councilbox.com/__cypress/runner/cypress_runner.js:7178:18)
    at _drainQueueStep (https://app.dev.councilbox.com/__cypress/runner/cypress_runner.js:3772:12)
    at _drainQueue (https://app.dev.councilbox.com/__cypress/runner/cypress_runner.js:3765:9)
    at Async.../../node_modules/bluebird/js/release/async.js.Async._drainQueues (https://app.dev.councilbox.com/__cypress/runner/cypress_runner.js:3781:5)
    at Async.drainQueues (https://app.dev.councilbox.com/__cypress/runner/cypress_runner.js:3651:14)]]></failure>
    </testcase>
    <testcase name="The user is able to finalize and approve act in the &apos;New call with session&apos; type of meeting Click on the “Finalizar y aprobar acta” button and again click on the “Finalizar y aprobar acta” button" time="0.0000" classname="Click on the “Finalizar y aprobar acta” button and again click on the “Finalizar y aprobar acta” button">
      <failure message="Timed out retrying: Expected to find element: `#council-act-approve-button`, but never found it." type="AssertionError"><![CDATA[AssertionError: Timed out retrying: Expected to find element: `#council-act-approve-button`, but never found it.
    at ensureExistence (https://app.dev.councilbox.com/__cypress/runner/cypress_runner.js:137673:32)
    at Object.ensureElExistence (https://app.dev.councilbox.com/__cypress/runner/cypress_runner.js:137691:12)
    at ensureExistence (https://app.dev.councilbox.com/__cypress/runner/cypress_runner.js:127867:23)
    at onFailFn (https://app.dev.councilbox.com/__cypress/runner/cypress_runner.js:127905:9)
    at tryCatcher (https://app.dev.councilbox.com/__cypress/runner/cypress_runner.js:9065:23)
    at Promise._settlePromiseFromHandler (https://app.dev.councilbox.com/__cypress/runner/cypress_runner.js:7000:31)
    at Promise._settlePromise (https://app.dev.councilbox.com/__cypress/runner/cypress_runner.js:7057:18)
    at Promise._settlePromise0 (https://app.dev.councilbox.com/__cypress/runner/cypress_runner.js:7102:10)
    at Promise._settlePromises (https://app.dev.councilbox.com/__cypress/runner/cypress_runner.js:7178:18)
    at _drainQueueStep (https://app.dev.councilbox.com/__cypress/runner/cypress_runner.js:3772:12)
    at _drainQueue (https://app.dev.councilbox.com/__cypress/runner/cypress_runner.js:3765:9)
    at Async.../../node_modules/bluebird/js/release/async.js.Async._drainQueues (https://app.dev.councilbox.com/__cypress/runner/cypress_runner.js:3781:5)
    at Async.drainQueues (https://app.dev.councilbox.com/__cypress/runner/cypress_runner.js:3651:14)]]></failure>
    </testcase>
    <testcase name="The user is able to finalize and approve act in the &apos;New call with session&apos; type of meeting Back to Home page" time="8.6650" classname="Back to Home page">
    </testcase>
  </testsuite>
  <testsuite name="The user is able to send minutes in the &apos;New call with session&apos; type of meeting" timestamp="2022-01-04T16:16:28" tests="25" time="124.6360" failures="16">
    <testcase name="The user is able to send minutes in the &apos;New call with session&apos; type of meeting Click on the &apos;Nueva reunion&apos; button" time="0.5390" classname="Click on the &apos;Nueva reunion&apos; button">
    </testcase>
    <testcase name="The user is able to send minutes in the &apos;New call with session&apos; type of meeting Click on the “Con sesion” button" time="3.2210" classname="Click on the “Con sesion” button">
    </testcase>
    <testcase name="The user is able to send minutes in the &apos;New call with session&apos; type of meeting Populate all required fields and click on the “Siguiente” button" time="2.8370" classname="Populate all required fields and click on the “Siguiente” button">
    </testcase>
    <testcase name="The user is able to send minutes in the &apos;New call with session&apos; type of meeting Click on the &apos;Anadir participante&apos; button and populate all required fields then click on the “Siguiente” button" time="15.0890" classname="Click on the &apos;Anadir participante&apos; button and populate all required fields then click on the “Siguiente” button">
    </testcase>
    <testcase name="The user is able to send minutes in the &apos;New call with session&apos; type of meeting Click on the “Anadir punto al orden del dia+” button" time="0.4270" classname="Click on the “Anadir punto al orden del dia+” button">
    </testcase>
    <testcase name="The user is able to send minutes in the &apos;New call with session&apos; type of meeting Click on the “Punto Si/no abstencion” button and populate “Title” field then choose “Votacio nominal” tipo and click on the “Aceptar” button then click on the “Siguiente” button" time="0.0000" classname="Click on the “Punto Si/no abstencion” button and populate “Title” field then choose “Votacio nominal” tipo and click on the “Aceptar” button then click on the “Siguiente” button">
      <failure message="Timed out retrying: `cy.click()` failed because this element is not visible:

`&lt;button tabindex=&quot;0&quot; class=&quot;jss502 jss505 jss510&quot; type=&quot;button&quot; id=&quot;ordenDelDiaNext&quot; style=&quot;text-transform: none; background-color: rgb(125, 33, 128); outline: 0px; cursor: pointer; color: white; font-weight: 700; font-size: 0.9em;&quot;&gt;...&lt;/button&gt;`

This element `&lt;button#ordenDelDiaNext.jss502.jss505.jss510&gt;` is not visible because it has CSS property: `position: fixed` and it&apos;s being covered by another element:

`&lt;div class=&quot;jss1339&quot; aria-hidden=&quot;true&quot; style=&quot;opacity: 1; will-change: opacity; transition: opacity 225ms cubic-bezier(0.4, 0, 0.2, 1) 0ms;&quot;&gt;&lt;/div&gt;`

Fix this problem, or use `{force: true}` to disable error checking.

https://on.cypress.io/element-cannot-be-interacted-with" type="CypressError"><![CDATA[CypressError: Timed out retrying: `cy.click()` failed because this element is not visible:

`<button tabindex="0" class="jss502 jss505 jss510" type="button" id="ordenDelDiaNext" style="text-transform: none; background-color: rgb(125, 33, 128); outline: 0px; cursor: pointer; color: white; font-weight: 700; font-size: 0.9em;">...</button>`

This element `<button#ordenDelDiaNext.jss502.jss505.jss510>` is not visible because it has CSS property: `position: fixed` and it's being covered by another element:

`<div class="jss1339" aria-hidden="true" style="opacity: 1; will-change: opacity; transition: opacity 225ms cubic-bezier(0.4, 0, 0.2, 1) 0ms;"></div>`

Fix this problem, or use `{force: true}` to disable error checking.

https://on.cypress.io/element-cannot-be-interacted-with
    at cypressErr (https://app.dev.councilbox.com/__cypress/runner/cypress_runner.js:146621:16)
    at cypressErrByPath (https://app.dev.councilbox.com/__cypress/runner/cypress_runner.js:146630:10)
    at Object.throwErrByPath (https://app.dev.councilbox.com/__cypress/runner/cypress_runner.js:146593:11)
    at Object.ensureVisibility (https://app.dev.councilbox.com/__cypress/runner/cypress_runner.js:137599:24)
    at runAllChecks (https://app.dev.councilbox.com/__cypress/runner/cypress_runner.js:127499:14)
    at retryActionability (https://app.dev.councilbox.com/__cypress/runner/cypress_runner.js:127542:16)
    at tryCatcher (https://app.dev.councilbox.com/__cypress/runner/cypress_runner.js:9065:23)
    at Function.Promise.attempt.Promise.try (https://app.dev.councilbox.com/__cypress/runner/cypress_runner.js:6339:29)
    at tryFn (https://app.dev.councilbox.com/__cypress/runner/cypress_runner.js:140680:21)
    at whenStable (https://app.dev.councilbox.com/__cypress/runner/cypress_runner.js:140715:12)
    at https://app.dev.councilbox.com/__cypress/runner/cypress_runner.js:140259:16
    at tryCatcher (https://app.dev.councilbox.com/__cypress/runner/cypress_runner.js:9065:23)
    at Promise._settlePromiseFromHandler (https://app.dev.councilbox.com/__cypress/runner/cypress_runner.js:7000:31)
    at Promise._settlePromise (https://app.dev.councilbox.com/__cypress/runner/cypress_runner.js:7057:18)
    at Promise._settlePromise0 (https://app.dev.councilbox.com/__cypress/runner/cypress_runner.js:7102:10)
    at Promise._settlePromises (https://app.dev.councilbox.com/__cypress/runner/cypress_runner.js:7182:18)]]></failure>
    </testcase>
    <testcase name="The user is able to send minutes in the &apos;New call with session&apos; type of meeting Populate all required fields and click on the “Siguiente” button" time="0.0000" classname="Populate all required fields and click on the “Siguiente” button">
      <failure message="Timed out retrying: Expected to find element: `#council-options-contact-email`, but never found it." type="AssertionError"><![CDATA[AssertionError: Timed out retrying: Expected to find element: `#council-options-contact-email`, but never found it.
    at ensureExistence (https://app.dev.councilbox.com/__cypress/runner/cypress_runner.js:137673:32)
    at Object.ensureElExistence (https://app.dev.councilbox.com/__cypress/runner/cypress_runner.js:137691:12)
    at ensureExistence (https://app.dev.councilbox.com/__cypress/runner/cypress_runner.js:127867:23)
    at onFailFn (https://app.dev.councilbox.com/__cypress/runner/cypress_runner.js:127905:9)
    at tryCatcher (https://app.dev.councilbox.com/__cypress/runner/cypress_runner.js:9065:23)
    at Promise._settlePromiseFromHandler (https://app.dev.councilbox.com/__cypress/runner/cypress_runner.js:7000:31)
    at Promise._settlePromise (https://app.dev.councilbox.com/__cypress/runner/cypress_runner.js:7057:18)
    at Promise._settlePromise0 (https://app.dev.councilbox.com/__cypress/runner/cypress_runner.js:7102:10)
    at Promise._settlePromises (https://app.dev.councilbox.com/__cypress/runner/cypress_runner.js:7178:18)
    at _drainQueueStep (https://app.dev.councilbox.com/__cypress/runner/cypress_runner.js:3772:12)
    at _drainQueue (https://app.dev.councilbox.com/__cypress/runner/cypress_runner.js:3765:9)
    at Async.../../node_modules/bluebird/js/release/async.js.Async._drainQueues (https://app.dev.councilbox.com/__cypress/runner/cypress_runner.js:3781:5)
    at Async.drainQueues (https://app.dev.councilbox.com/__cypress/runner/cypress_runner.js:3651:14)]]></failure>
    </testcase>
    <testcase name="The user is able to send minutes in the &apos;New call with session&apos; type of meeting Click on the “Convocar y notificar” button" time="0.0000" classname="Click on the “Convocar y notificar” button">
      <failure message="Timed out retrying: Expected to find element: `#council-editor-convene-notify`, but never found it." type="AssertionError"><![CDATA[AssertionError: Timed out retrying: Expected to find element: `#council-editor-convene-notify`, but never found it.
    at ensureExistence (https://app.dev.councilbox.com/__cypress/runner/cypress_runner.js:137673:32)
    at Object.ensureElExistence (https://app.dev.councilbox.com/__cypress/runner/cypress_runner.js:137691:12)
    at ensureExistence (https://app.dev.councilbox.com/__cypress/runner/cypress_runner.js:127867:23)
    at onFailFn (https://app.dev.councilbox.com/__cypress/runner/cypress_runner.js:127905:9)
    at tryCatcher (https://app.dev.councilbox.com/__cypress/runner/cypress_runner.js:9065:23)
    at Promise._settlePromiseFromHandler (https://app.dev.councilbox.com/__cypress/runner/cypress_runner.js:7000:31)
    at Promise._settlePromise (https://app.dev.councilbox.com/__cypress/runner/cypress_runner.js:7057:18)
    at Promise._settlePromise0 (https://app.dev.councilbox.com/__cypress/runner/cypress_runner.js:7102:10)
    at Promise._settlePromises (https://app.dev.councilbox.com/__cypress/runner/cypress_runner.js:7178:18)
    at _drainQueueStep (https://app.dev.councilbox.com/__cypress/runner/cypress_runner.js:3772:12)
    at _drainQueue (https://app.dev.councilbox.com/__cypress/runner/cypress_runner.js:3765:9)
    at Async.../../node_modules/bluebird/js/release/async.js.Async._drainQueues (https://app.dev.councilbox.com/__cypress/runner/cypress_runner.js:3781:5)
    at Async.drainQueues (https://app.dev.councilbox.com/__cypress/runner/cypress_runner.js:3651:14)]]></failure>
    </testcase>
    <testcase name="The user is able to send minutes in the &apos;New call with session&apos; type of meeting Click on the “Preparar sala” button" time="0.0000" classname="Click on the “Preparar sala” button">
      <failure message="Timed out retrying: Expected to find element: `#prepararSalaNew`, but never found it." type="AssertionError"><![CDATA[AssertionError: Timed out retrying: Expected to find element: `#prepararSalaNew`, but never found it.
    at ensureExistence (https://app.dev.councilbox.com/__cypress/runner/cypress_runner.js:137673:32)
    at Object.ensureElExistence (https://app.dev.councilbox.com/__cypress/runner/cypress_runner.js:137691:12)
    at ensureExistence (https://app.dev.councilbox.com/__cypress/runner/cypress_runner.js:127867:23)
    at onFailFn (https://app.dev.councilbox.com/__cypress/runner/cypress_runner.js:127905:9)
    at tryCatcher (https://app.dev.councilbox.com/__cypress/runner/cypress_runner.js:9065:23)
    at Promise._settlePromiseFromHandler (https://app.dev.councilbox.com/__cypress/runner/cypress_runner.js:7000:31)
    at Promise._settlePromise (https://app.dev.councilbox.com/__cypress/runner/cypress_runner.js:7057:18)
    at Promise._settlePromise0 (https://app.dev.councilbox.com/__cypress/runner/cypress_runner.js:7102:10)
    at Promise._settlePromises (https://app.dev.councilbox.com/__cypress/runner/cypress_runner.js:7178:18)
    at _drainQueueStep (https://app.dev.councilbox.com/__cypress/runner/cypress_runner.js:3772:12)
    at _drainQueue (https://app.dev.councilbox.com/__cypress/runner/cypress_runner.js:3765:9)
    at Async.../../node_modules/bluebird/js/release/async.js.Async._drainQueues (https://app.dev.councilbox.com/__cypress/runner/cypress_runner.js:3781:5)
    at Async.drainQueues (https://app.dev.councilbox.com/__cypress/runner/cypress_runner.js:3651:14)]]></failure>
    </testcase>
    <testcase name="The user is able to send minutes in the &apos;New call with session&apos; type of meeting Navigate to the upper right corner and click on the “Abrir Sala” button" time="0.0000" classname="Navigate to the upper right corner and click on the “Abrir Sala” button">
      <failure message="Timed out retrying: Expected to find element: `#abrirSalaEnReunion`, but never found it." type="AssertionError"><![CDATA[AssertionError: Timed out retrying: Expected to find element: `#abrirSalaEnReunion`, but never found it.
    at ensureExistence (https://app.dev.councilbox.com/__cypress/runner/cypress_runner.js:137673:32)
    at Object.ensureElExistence (https://app.dev.councilbox.com/__cypress/runner/cypress_runner.js:137691:12)
    at ensureExistence (https://app.dev.councilbox.com/__cypress/runner/cypress_runner.js:127867:23)
    at onFailFn (https://app.dev.councilbox.com/__cypress/runner/cypress_runner.js:127905:9)
    at tryCatcher (https://app.dev.councilbox.com/__cypress/runner/cypress_runner.js:9065:23)
    at Promise._settlePromiseFromHandler (https://app.dev.councilbox.com/__cypress/runner/cypress_runner.js:7000:31)
    at Promise._settlePromise (https://app.dev.councilbox.com/__cypress/runner/cypress_runner.js:7057:18)
    at Promise._settlePromise0 (https://app.dev.councilbox.com/__cypress/runner/cypress_runner.js:7102:10)
    at Promise._settlePromises (https://app.dev.councilbox.com/__cypress/runner/cypress_runner.js:7178:18)
    at _drainQueueStep (https://app.dev.councilbox.com/__cypress/runner/cypress_runner.js:3772:12)
    at _drainQueue (https://app.dev.councilbox.com/__cypress/runner/cypress_runner.js:3765:9)
    at Async.../../node_modules/bluebird/js/release/async.js.Async._drainQueues (https://app.dev.councilbox.com/__cypress/runner/cypress_runner.js:3781:5)
    at Async.drainQueues (https://app.dev.councilbox.com/__cypress/runner/cypress_runner.js:3651:14)]]></failure>
    </testcase>
    <testcase name="The user is able to send minutes in the &apos;New call with session&apos; type of meeting Populate all required fields and click on the “Aceptar” button" time="10.2170" classname="Populate all required fields and click on the “Aceptar” button">
    </testcase>
    <testcase name="The user is able to send minutes in the &apos;New call with session&apos; type of meeting Navigate to the “Camera and microphone” form and click on the “Accept” button" time="0.1130" classname="Navigate to the “Camera and microphone” form and click on the “Accept” button">
    </testcase>
    <testcase name="The user is able to send minutes in the &apos;New call with session&apos; type of meeting Navigate to the upper right corner and click on the “Iniciar reunion” button" time="0.0000" classname="Navigate to the upper right corner and click on the “Iniciar reunion” button">
      <failure message="Timed out retrying: Expected to find element: `#start-council-button`, but never found it." type="AssertionError"><![CDATA[AssertionError: Timed out retrying: Expected to find element: `#start-council-button`, but never found it.
    at ensureExistence (https://app.dev.councilbox.com/__cypress/runner/cypress_runner.js:137673:32)
    at Object.ensureElExistence (https://app.dev.councilbox.com/__cypress/runner/cypress_runner.js:137691:12)
    at ensureExistence (https://app.dev.councilbox.com/__cypress/runner/cypress_runner.js:127867:23)
    at onFailFn (https://app.dev.councilbox.com/__cypress/runner/cypress_runner.js:127905:9)
    at tryCatcher (https://app.dev.councilbox.com/__cypress/runner/cypress_runner.js:9065:23)
    at Promise._settlePromiseFromHandler (https://app.dev.councilbox.com/__cypress/runner/cypress_runner.js:7000:31)
    at Promise._settlePromise (https://app.dev.councilbox.com/__cypress/runner/cypress_runner.js:7057:18)
    at Promise._settlePromise0 (https://app.dev.councilbox.com/__cypress/runner/cypress_runner.js:7102:10)
    at Promise._settlePromises (https://app.dev.councilbox.com/__cypress/runner/cypress_runner.js:7178:18)
    at _drainQueueStep (https://app.dev.councilbox.com/__cypress/runner/cypress_runner.js:3772:12)
    at _drainQueue (https://app.dev.councilbox.com/__cypress/runner/cypress_runner.js:3765:9)
    at Async.../../node_modules/bluebird/js/release/async.js.Async._drainQueues (https://app.dev.councilbox.com/__cypress/runner/cypress_runner.js:3781:5)
    at Async.drainQueues (https://app.dev.councilbox.com/__cypress/runner/cypress_runner.js:3651:14)]]></failure>
    </testcase>
    <testcase name="The user is able to send minutes in the &apos;New call with session&apos; type of meeting Populate all required fields and click on the “Aceptar” button" time="0.0000" classname="Populate all required fields and click on the “Aceptar” button">
      <failure message="Timed out retrying: Expected to find element: `#council-president-select`, but never found it." type="AssertionError"><![CDATA[AssertionError: Timed out retrying: Expected to find element: `#council-president-select`, but never found it.
    at ensureExistence (https://app.dev.councilbox.com/__cypress/runner/cypress_runner.js:137673:32)
    at Object.ensureElExistence (https://app.dev.councilbox.com/__cypress/runner/cypress_runner.js:137691:12)
    at ensureExistence (https://app.dev.councilbox.com/__cypress/runner/cypress_runner.js:127867:23)
    at onFailFn (https://app.dev.councilbox.com/__cypress/runner/cypress_runner.js:127905:9)
    at tryCatcher (https://app.dev.councilbox.com/__cypress/runner/cypress_runner.js:9065:23)
    at Promise._settlePromiseFromHandler (https://app.dev.councilbox.com/__cypress/runner/cypress_runner.js:7000:31)
    at Promise._settlePromise (https://app.dev.councilbox.com/__cypress/runner/cypress_runner.js:7057:18)
    at Promise._settlePromise0 (https://app.dev.councilbox.com/__cypress/runner/cypress_runner.js:7102:10)
    at Promise._settlePromises (https://app.dev.councilbox.com/__cypress/runner/cypress_runner.js:7178:18)
    at _drainQueueStep (https://app.dev.councilbox.com/__cypress/runner/cypress_runner.js:3772:12)
    at _drainQueue (https://app.dev.councilbox.com/__cypress/runner/cypress_runner.js:3765:9)
    at Async.../../node_modules/bluebird/js/release/async.js.Async._drainQueues (https://app.dev.councilbox.com/__cypress/runner/cypress_runner.js:3781:5)
    at Async.drainQueues (https://app.dev.councilbox.com/__cypress/runner/cypress_runner.js:3651:14)]]></failure>
    </testcase>
    <testcase name="The user is able to send minutes in the &apos;New call with session&apos; type of meeting Click on the “Abrir punto” button" time="0.0000" classname="Click on the “Abrir punto” button">
      <failure message="Timed out retrying: Expected to find element: `#council-live-tab-agenda`, but never found it." type="AssertionError"><![CDATA[AssertionError: Timed out retrying: Expected to find element: `#council-live-tab-agenda`, but never found it.
    at ensureExistence (https://app.dev.councilbox.com/__cypress/runner/cypress_runner.js:137673:32)
    at Object.ensureElExistence (https://app.dev.councilbox.com/__cypress/runner/cypress_runner.js:137691:12)
    at ensureExistence (https://app.dev.councilbox.com/__cypress/runner/cypress_runner.js:127867:23)
    at onFailFn (https://app.dev.councilbox.com/__cypress/runner/cypress_runner.js:127905:9)
    at tryCatcher (https://app.dev.councilbox.com/__cypress/runner/cypress_runner.js:9065:23)
    at Promise._settlePromiseFromHandler (https://app.dev.councilbox.com/__cypress/runner/cypress_runner.js:7000:31)
    at Promise._settlePromise (https://app.dev.councilbox.com/__cypress/runner/cypress_runner.js:7057:18)
    at Promise._settlePromise0 (https://app.dev.councilbox.com/__cypress/runner/cypress_runner.js:7102:10)
    at Promise._settlePromises (https://app.dev.councilbox.com/__cypress/runner/cypress_runner.js:7178:18)
    at _drainQueueStep (https://app.dev.councilbox.com/__cypress/runner/cypress_runner.js:3772:12)
    at _drainQueue (https://app.dev.councilbox.com/__cypress/runner/cypress_runner.js:3765:9)
    at Async.../../node_modules/bluebird/js/release/async.js.Async._drainQueues (https://app.dev.councilbox.com/__cypress/runner/cypress_runner.js:3781:5)
    at Async.drainQueues (https://app.dev.councilbox.com/__cypress/runner/cypress_runner.js:3651:14)]]></failure>
    </testcase>
    <testcase name="The user is able to send minutes in the &apos;New call with session&apos; type of meeting Click on the “Activar votaciones” button" time="0.0000" classname="Click on the “Activar votaciones” button">
      <failure message="Timed out retrying: Expected to find element: `#council-live-tab-agenda`, but never found it." type="AssertionError"><![CDATA[AssertionError: Timed out retrying: Expected to find element: `#council-live-tab-agenda`, but never found it.
    at ensureExistence (https://app.dev.councilbox.com/__cypress/runner/cypress_runner.js:137673:32)
    at Object.ensureElExistence (https://app.dev.councilbox.com/__cypress/runner/cypress_runner.js:137691:12)
    at ensureExistence (https://app.dev.councilbox.com/__cypress/runner/cypress_runner.js:127867:23)
    at onFailFn (https://app.dev.councilbox.com/__cypress/runner/cypress_runner.js:127905:9)
    at tryCatcher (https://app.dev.councilbox.com/__cypress/runner/cypress_runner.js:9065:23)
    at Promise._settlePromiseFromHandler (https://app.dev.councilbox.com/__cypress/runner/cypress_runner.js:7000:31)
    at Promise._settlePromise (https://app.dev.councilbox.com/__cypress/runner/cypress_runner.js:7057:18)
    at Promise._settlePromise0 (https://app.dev.councilbox.com/__cypress/runner/cypress_runner.js:7102:10)
    at Promise._settlePromises (https://app.dev.councilbox.com/__cypress/runner/cypress_runner.js:7178:18)
    at _drainQueueStep (https://app.dev.councilbox.com/__cypress/runner/cypress_runner.js:3772:12)
    at _drainQueue (https://app.dev.councilbox.com/__cypress/runner/cypress_runner.js:3765:9)
    at Async.../../node_modules/bluebird/js/release/async.js.Async._drainQueues (https://app.dev.councilbox.com/__cypress/runner/cypress_runner.js:3781:5)
    at Async.drainQueues (https://app.dev.councilbox.com/__cypress/runner/cypress_runner.js:3651:14)]]></failure>
    </testcase>
    <testcase name="The user is able to send minutes in the &apos;New call with session&apos; type of meeting Click on the “Cerrar las votaciones del punto” button" time="0.0000" classname="Click on the “Cerrar las votaciones del punto” button">
      <failure message="Timed out retrying: Expected to find element: `#close-point-votings-button`, but never found it." type="AssertionError"><![CDATA[AssertionError: Timed out retrying: Expected to find element: `#close-point-votings-button`, but never found it.
    at ensureExistence (https://app.dev.councilbox.com/__cypress/runner/cypress_runner.js:137673:32)
    at Object.ensureElExistence (https://app.dev.councilbox.com/__cypress/runner/cypress_runner.js:137691:12)
    at ensureExistence (https://app.dev.councilbox.com/__cypress/runner/cypress_runner.js:127867:23)
    at onFailFn (https://app.dev.councilbox.com/__cypress/runner/cypress_runner.js:127905:9)
    at tryCatcher (https://app.dev.councilbox.com/__cypress/runner/cypress_runner.js:9065:23)
    at Promise._settlePromiseFromHandler (https://app.dev.councilbox.com/__cypress/runner/cypress_runner.js:7000:31)
    at Promise._settlePromise (https://app.dev.councilbox.com/__cypress/runner/cypress_runner.js:7057:18)
    at Promise._settlePromise0 (https://app.dev.councilbox.com/__cypress/runner/cypress_runner.js:7102:10)
    at Promise._settlePromises (https://app.dev.councilbox.com/__cypress/runner/cypress_runner.js:7178:18)
    at _drainQueueStep (https://app.dev.councilbox.com/__cypress/runner/cypress_runner.js:3772:12)
    at _drainQueue (https://app.dev.councilbox.com/__cypress/runner/cypress_runner.js:3765:9)
    at Async.../../node_modules/bluebird/js/release/async.js.Async._drainQueues (https://app.dev.councilbox.com/__cypress/runner/cypress_runner.js:3781:5)
    at Async.drainQueues (https://app.dev.councilbox.com/__cypress/runner/cypress_runner.js:3651:14)]]></failure>
    </testcase>
    <testcase name="The user is able to send minutes in the &apos;New call with session&apos; type of meeting Click on the “Cerrar punto” button" time="0.0000" classname="Click on the “Cerrar punto” button">
      <failure message="Timed out retrying: Expected to find element: `#close-agenda-point-button`, but never found it." type="AssertionError"><![CDATA[AssertionError: Timed out retrying: Expected to find element: `#close-agenda-point-button`, but never found it.
    at ensureExistence (https://app.dev.councilbox.com/__cypress/runner/cypress_runner.js:137673:32)
    at Object.ensureElExistence (https://app.dev.councilbox.com/__cypress/runner/cypress_runner.js:137691:12)
    at ensureExistence (https://app.dev.councilbox.com/__cypress/runner/cypress_runner.js:127867:23)
    at onFailFn (https://app.dev.councilbox.com/__cypress/runner/cypress_runner.js:127905:9)
    at tryCatcher (https://app.dev.councilbox.com/__cypress/runner/cypress_runner.js:9065:23)
    at Promise._settlePromiseFromHandler (https://app.dev.councilbox.com/__cypress/runner/cypress_runner.js:7000:31)
    at Promise._settlePromise (https://app.dev.councilbox.com/__cypress/runner/cypress_runner.js:7057:18)
    at Promise._settlePromise0 (https://app.dev.councilbox.com/__cypress/runner/cypress_runner.js:7102:10)
    at Promise._settlePromises (https://app.dev.councilbox.com/__cypress/runner/cypress_runner.js:7178:18)
    at _drainQueueStep (https://app.dev.councilbox.com/__cypress/runner/cypress_runner.js:3772:12)
    at _drainQueue (https://app.dev.councilbox.com/__cypress/runner/cypress_runner.js:3765:9)
    at Async.../../node_modules/bluebird/js/release/async.js.Async._drainQueues (https://app.dev.councilbox.com/__cypress/runner/cypress_runner.js:3781:5)
    at Async.drainQueues (https://app.dev.councilbox.com/__cypress/runner/cypress_runner.js:3651:14)]]></failure>
    </testcase>
    <testcase name="The user is able to send minutes in the &apos;New call with session&apos; type of meeting Click on the “Finalizar reunion” button" time="0.0000" classname="Click on the “Finalizar reunion” button">
      <failure message="Timed out retrying: Expected to find element: `#finalizarReunionEnReunion`, but never found it." type="AssertionError"><![CDATA[AssertionError: Timed out retrying: Expected to find element: `#finalizarReunionEnReunion`, but never found it.
    at ensureExistence (https://app.dev.councilbox.com/__cypress/runner/cypress_runner.js:137673:32)
    at Object.ensureElExistence (https://app.dev.councilbox.com/__cypress/runner/cypress_runner.js:137691:12)
    at ensureExistence (https://app.dev.councilbox.com/__cypress/runner/cypress_runner.js:127867:23)
    at onFailFn (https://app.dev.councilbox.com/__cypress/runner/cypress_runner.js:127905:9)
    at tryCatcher (https://app.dev.councilbox.com/__cypress/runner/cypress_runner.js:9065:23)
    at Promise._settlePromiseFromHandler (https://app.dev.councilbox.com/__cypress/runner/cypress_runner.js:7000:31)
    at Promise._settlePromise (https://app.dev.councilbox.com/__cypress/runner/cypress_runner.js:7057:18)
    at Promise._settlePromise0 (https://app.dev.councilbox.com/__cypress/runner/cypress_runner.js:7102:10)
    at Promise._settlePromises (https://app.dev.councilbox.com/__cypress/runner/cypress_runner.js:7178:18)
    at _drainQueueStep (https://app.dev.councilbox.com/__cypress/runner/cypress_runner.js:3772:12)
    at _drainQueue (https://app.dev.councilbox.com/__cypress/runner/cypress_runner.js:3765:9)
    at Async.../../node_modules/bluebird/js/release/async.js.Async._drainQueues (https://app.dev.councilbox.com/__cypress/runner/cypress_runner.js:3781:5)
    at Async.drainQueues (https://app.dev.councilbox.com/__cypress/runner/cypress_runner.js:3651:14)]]></failure>
    </testcase>
    <testcase name="The user is able to send minutes in the &apos;New call with session&apos; type of meeting Click on the “Accept” button" time="2.2200" classname="Click on the “Accept” button">
    </testcase>
    <testcase name="The user is able to send minutes in the &apos;New call with session&apos; type of meeting Click on the “Finalizar y aprobar acta” button and again click on the “Finalizar y aprobar acta” button" time="0.0000" classname="Click on the “Finalizar y aprobar acta” button and again click on the “Finalizar y aprobar acta” button">
      <failure message="Timed out retrying: Expected to find element: `#council-act-approve-button`, but never found it." type="AssertionError"><![CDATA[AssertionError: Timed out retrying: Expected to find element: `#council-act-approve-button`, but never found it.
    at ensureExistence (https://app.dev.councilbox.com/__cypress/runner/cypress_runner.js:137673:32)
    at Object.ensureElExistence (https://app.dev.councilbox.com/__cypress/runner/cypress_runner.js:137691:12)
    at ensureExistence (https://app.dev.councilbox.com/__cypress/runner/cypress_runner.js:127867:23)
    at onFailFn (https://app.dev.councilbox.com/__cypress/runner/cypress_runner.js:127905:9)
    at tryCatcher (https://app.dev.councilbox.com/__cypress/runner/cypress_runner.js:9065:23)
    at Promise._settlePromiseFromHandler (https://app.dev.councilbox.com/__cypress/runner/cypress_runner.js:7000:31)
    at Promise._settlePromise (https://app.dev.councilbox.com/__cypress/runner/cypress_runner.js:7057:18)
    at Promise._settlePromise0 (https://app.dev.councilbox.com/__cypress/runner/cypress_runner.js:7102:10)
    at Promise._settlePromises (https://app.dev.councilbox.com/__cypress/runner/cypress_runner.js:7178:18)
    at _drainQueueStep (https://app.dev.councilbox.com/__cypress/runner/cypress_runner.js:3772:12)
    at _drainQueue (https://app.dev.councilbox.com/__cypress/runner/cypress_runner.js:3765:9)
    at Async.../../node_modules/bluebird/js/release/async.js.Async._drainQueues (https://app.dev.councilbox.com/__cypress/runner/cypress_runner.js:3781:5)
    at Async.drainQueues (https://app.dev.councilbox.com/__cypress/runner/cypress_runner.js:3651:14)]]></failure>
    </testcase>
    <testcase name="The user is able to send minutes in the &apos;New call with session&apos; type of meeting Click on the “Envio del acta” button" time="0.0000" classname="Click on the “Envio del acta” button">
      <failure message="Timed out retrying: Expected to find element: `#tab-sendAct`, but never found it." type="AssertionError"><![CDATA[AssertionError: Timed out retrying: Expected to find element: `#tab-sendAct`, but never found it.
    at ensureExistence (https://app.dev.councilbox.com/__cypress/runner/cypress_runner.js:137673:32)
    at Object.ensureElExistence (https://app.dev.councilbox.com/__cypress/runner/cypress_runner.js:137691:12)
    at ensureExistence (https://app.dev.councilbox.com/__cypress/runner/cypress_runner.js:127867:23)
    at onFailFn (https://app.dev.councilbox.com/__cypress/runner/cypress_runner.js:127905:9)
    at tryCatcher (https://app.dev.councilbox.com/__cypress/runner/cypress_runner.js:9065:23)
    at Promise._settlePromiseFromHandler (https://app.dev.councilbox.com/__cypress/runner/cypress_runner.js:7000:31)
    at Promise._settlePromise (https://app.dev.councilbox.com/__cypress/runner/cypress_runner.js:7057:18)
    at Promise._settlePromise0 (https://app.dev.councilbox.com/__cypress/runner/cypress_runner.js:7102:10)
    at Promise._settlePromises (https://app.dev.councilbox.com/__cypress/runner/cypress_runner.js:7178:18)
    at _drainQueueStep (https://app.dev.councilbox.com/__cypress/runner/cypress_runner.js:3772:12)
    at _drainQueue (https://app.dev.councilbox.com/__cypress/runner/cypress_runner.js:3765:9)
    at Async.../../node_modules/bluebird/js/release/async.js.Async._drainQueues (https://app.dev.councilbox.com/__cypress/runner/cypress_runner.js:3781:5)
    at Async.drainQueues (https://app.dev.councilbox.com/__cypress/runner/cypress_runner.js:3651:14)]]></failure>
    </testcase>
    <testcase name="The user is able to send minutes in the &apos;New call with session&apos; type of meeting Click on the “Enviar acta” button" time="0.0000" classname="Click on the “Enviar acta” button">
      <failure message="Timed out retrying: Expected to find element: `#send-act-button`, but never found it." type="AssertionError"><![CDATA[AssertionError: Timed out retrying: Expected to find element: `#send-act-button`, but never found it.
    at ensureExistence (https://app.dev.councilbox.com/__cypress/runner/cypress_runner.js:137673:32)
    at Object.ensureElExistence (https://app.dev.councilbox.com/__cypress/runner/cypress_runner.js:137691:12)
    at ensureExistence (https://app.dev.councilbox.com/__cypress/runner/cypress_runner.js:127867:23)
    at onFailFn (https://app.dev.councilbox.com/__cypress/runner/cypress_runner.js:127905:9)
    at tryCatcher (https://app.dev.councilbox.com/__cypress/runner/cypress_runner.js:9065:23)
    at Promise._settlePromiseFromHandler (https://app.dev.councilbox.com/__cypress/runner/cypress_runner.js:7000:31)
    at Promise._settlePromise (https://app.dev.councilbox.com/__cypress/runner/cypress_runner.js:7057:18)
    at Promise._settlePromise0 (https://app.dev.councilbox.com/__cypress/runner/cypress_runner.js:7102:10)
    at Promise._settlePromises (https://app.dev.councilbox.com/__cypress/runner/cypress_runner.js:7178:18)
    at _drainQueueStep (https://app.dev.councilbox.com/__cypress/runner/cypress_runner.js:3772:12)
    at _drainQueue (https://app.dev.councilbox.com/__cypress/runner/cypress_runner.js:3765:9)
    at Async.../../node_modules/bluebird/js/release/async.js.Async._drainQueues (https://app.dev.councilbox.com/__cypress/runner/cypress_runner.js:3781:5)
    at Async.drainQueues (https://app.dev.councilbox.com/__cypress/runner/cypress_runner.js:3651:14)]]></failure>
    </testcase>
    <testcase name="The user is able to send minutes in the &apos;New call with session&apos; type of meeting Click on the “Enviar a todos los convocados then click on the “Enviar” button" time="0.0000" classname="Click on the “Enviar a todos los convocados then click on the “Enviar” button">
      <failure message="Timed out retrying: Expected to find element: `#send-act-all-convened-option`, but never found it." type="AssertionError"><![CDATA[AssertionError: Timed out retrying: Expected to find element: `#send-act-all-convened-option`, but never found it.
    at ensureExistence (https://app.dev.councilbox.com/__cypress/runner/cypress_runner.js:137673:32)
    at Object.ensureElExistence (https://app.dev.councilbox.com/__cypress/runner/cypress_runner.js:137691:12)
    at ensureExistence (https://app.dev.councilbox.com/__cypress/runner/cypress_runner.js:127867:23)
    at onFailFn (https://app.dev.councilbox.com/__cypress/runner/cypress_runner.js:127905:9)
    at tryCatcher (https://app.dev.councilbox.com/__cypress/runner/cypress_runner.js:9065:23)
    at Promise._settlePromiseFromHandler (https://app.dev.councilbox.com/__cypress/runner/cypress_runner.js:7000:31)
    at Promise._settlePromise (https://app.dev.councilbox.com/__cypress/runner/cypress_runner.js:7057:18)
    at Promise._settlePromise0 (https://app.dev.councilbox.com/__cypress/runner/cypress_runner.js:7102:10)
    at Promise._settlePromises (https://app.dev.councilbox.com/__cypress/runner/cypress_runner.js:7178:18)
    at _drainQueueStep (https://app.dev.councilbox.com/__cypress/runner/cypress_runner.js:3772:12)
    at _drainQueue (https://app.dev.councilbox.com/__cypress/runner/cypress_runner.js:3765:9)
    at Async.../../node_modules/bluebird/js/release/async.js.Async._drainQueues (https://app.dev.councilbox.com/__cypress/runner/cypress_runner.js:3781:5)
    at Async.drainQueues (https://app.dev.councilbox.com/__cypress/runner/cypress_runner.js:3651:14)]]></failure>
    </testcase>
    <testcase name="The user is able to send minutes in the &apos;New call with session&apos; type of meeting Back to Home page" time="9.2180" classname="Back to Home page">
    </testcase>
  </testsuite>
</testsuites>