<?xml version="1.0" encoding="UTF-8"?>
<testsuites name="Mocha Tests" time="43.5970" tests="14" failures="3">
  <testsuite name="Root Suite" timestamp="2021-12-01T13:23:02" tests="0" file="cypress\integration\1.Smoke\6.New_Meeting(Adming Side)_section.js" time="0.0000" failures="0">
  </testsuite>
  <testsuite name="Councilbox login - valid username and password" timestamp="2021-12-01T13:23:02" tests="5" time="11.9240" failures="0">
    <testcase name="Councilbox login - valid username and password Visits the Councilbox web page" time="5.8760" classname="Visits the Councilbox web page">
    </testcase>
    <testcase name="Councilbox login - valid username and password Change language to Spanish" time="0.3620" classname="Change language to Spanish">
    </testcase>
    <testcase name="Councilbox login - valid username and password Enters email address" time="1.0200" classname="Enters email address">
    </testcase>
    <testcase name="Councilbox login - valid username and password Enters password" time="0.4740" classname="Enters password">
    </testcase>
    <testcase name="Councilbox login - valid username and password Clicks login button" time="2.6160" classname="Clicks login button">
    </testcase>
  </testsuite>
  <testsuite name="The user is able to create a new call with session in the &apos;Nueva reunion&apos; section" timestamp="2021-12-01T13:23:14" tests="9" time="0.0000" failures="3">
    <testcase name="The user is able to create a new call with session in the &apos;Nueva reunion&apos; section Click on the &apos;Nueva reunion&apos; button" time="3.3630" classname="Click on the &apos;Nueva reunion&apos; button">
    </testcase>
    <testcase name="The user is able to create a new call with session in the &apos;Nueva reunion&apos; section Click on the &apos;Con sesion&apos; button" time="1.2130" classname="Click on the &apos;Con sesion&apos; button">
    </testcase>
    <testcase name="The user is able to create a new call with session in the &apos;Nueva reunion&apos; section Populate all required fields and click on the &apos;Siguiente&apos; button" time="1.9000" classname="Populate all required fields and click on the &apos;Siguiente&apos; button">
    </testcase>
    <testcase name="The user is able to create a new call with session in the &apos;Nueva reunion&apos; section Click on the &apos;Anadir participante&apos; button and populate all required fields then click on the &apos;Siguiente&apos; button" time="8.0160" classname="Click on the &apos;Anadir participante&apos; button and populate all required fields then click on the &apos;Siguiente&apos; button">
    </testcase>
    <testcase name="The user is able to create a new call with session in the &apos;Nueva reunion&apos; section Click on the &apos;Aceptar&apos; button" time="1.3940" classname="Click on the &apos;Aceptar&apos; button">
    </testcase>
    <testcase name="The user is able to create a new call with session in the &apos;Nueva reunion&apos; section Click on the &apos;Anadir punto al orden del dia+&apos;&apos; button" time="0.0000" classname="Click on the &apos;Anadir punto al orden del dia+&apos;&apos; button">
      <failure message="Timed out retrying: Expected to find element: `#newPuntoDelDiaOrdenDelDiaNew`, but never found it." type="AssertionError"><![CDATA[AssertionError: Timed out retrying: Expected to find element: `#newPuntoDelDiaOrdenDelDiaNew`, but never found it.
    at ensureExistence (https://app.dev.councilbox.com/__cypress/runner/cypress_runner.js:137673:32)
    at Object.ensureElExistence (https://app.dev.councilbox.com/__cypress/runner/cypress_runner.js:137691:12)
    at ensureExistence (https://app.dev.councilbox.com/__cypress/runner/cypress_runner.js:127867:23)
    at onFailFn (https://app.dev.councilbox.com/__cypress/runner/cypress_runner.js:127905:9)
    at tryCatcher (https://app.dev.councilbox.com/__cypress/runner/cypress_runner.js:9065:23)
    at Promise._settlePromiseFromHandler (https://app.dev.councilbox.com/__cypress/runner/cypress_runner.js:7000:31)
    at Promise._settlePromise (https://app.dev.councilbox.com/__cypress/runner/cypress_runner.js:7057:18)
    at Promise._settlePromise0 (https://app.dev.councilbox.com/__cypress/runner/cypress_runner.js:7102:10)
    at Promise._settlePromises (https://app.dev.councilbox.com/__cypress/runner/cypress_runner.js:7178:18)
    at _drainQueueStep (https://app.dev.councilbox.com/__cypress/runner/cypress_runner.js:3772:12)
    at _drainQueue (https://app.dev.councilbox.com/__cypress/runner/cypress_runner.js:3765:9)
    at Async.../../node_modules/bluebird/js/release/async.js.Async._drainQueues (https://app.dev.councilbox.com/__cypress/runner/cypress_runner.js:3781:5)
    at Async.drainQueues (https://app.dev.councilbox.com/__cypress/runner/cypress_runner.js:3651:14)]]></failure>
    </testcase>
    <testcase name="The user is able to create a new call with session in the &apos;Nueva reunion&apos; section Click on the &apos;Punto Si/no/ abstencion&apos; button and populate all required fields and click on the &apos;Aceptar&apos; button then click on the &apos;Siguiente&apos; button" time="0.0000" classname="Click on the &apos;Punto Si/no/ abstencion&apos; button and populate all required fields and click on the &apos;Aceptar&apos; button then click on the &apos;Siguiente&apos; button">
      <failure message="Timed out retrying: Expected to find element: `#puntoSiNoAbstencion`, but never found it." type="AssertionError"><![CDATA[AssertionError: Timed out retrying: Expected to find element: `#puntoSiNoAbstencion`, but never found it.
    at ensureExistence (https://app.dev.councilbox.com/__cypress/runner/cypress_runner.js:137673:32)
    at Object.ensureElExistence (https://app.dev.councilbox.com/__cypress/runner/cypress_runner.js:137691:12)
    at ensureExistence (https://app.dev.councilbox.com/__cypress/runner/cypress_runner.js:127867:23)
    at onFailFn (https://app.dev.councilbox.com/__cypress/runner/cypress_runner.js:127905:9)
    at tryCatcher (https://app.dev.councilbox.com/__cypress/runner/cypress_runner.js:9065:23)
    at Promise._settlePromiseFromHandler (https://app.dev.councilbox.com/__cypress/runner/cypress_runner.js:7000:31)
    at Promise._settlePromise (https://app.dev.councilbox.com/__cypress/runner/cypress_runner.js:7057:18)
    at Promise._settlePromise0 (https://app.dev.councilbox.com/__cypress/runner/cypress_runner.js:7102:10)
    at Promise._settlePromises (https://app.dev.councilbox.com/__cypress/runner/cypress_runner.js:7178:18)
    at _drainQueueStep (https://app.dev.councilbox.com/__cypress/runner/cypress_runner.js:3772:12)
    at _drainQueue (https://app.dev.councilbox.com/__cypress/runner/cypress_runner.js:3765:9)
    at Async.../../node_modules/bluebird/js/release/async.js.Async._drainQueues (https://app.dev.councilbox.com/__cypress/runner/cypress_runner.js:3781:5)
    at Async.drainQueues (https://app.dev.councilbox.com/__cypress/runner/cypress_runner.js:3651:14)]]></failure>
    </testcase>
    <testcase name="The user is able to create a new call with session in the &apos;Nueva reunion&apos; section Click on the &apos;Convocar y notificar&apos; button" time="0.0000" classname="Click on the &apos;Convocar y notificar&apos; button">
      <failure message="Timed out retrying: Expected to find element: `#council-editor-convene-notify`, but never found it." type="AssertionError"><![CDATA[AssertionError: Timed out retrying: Expected to find element: `#council-editor-convene-notify`, but never found it.
    at ensureExistence (https://app.dev.councilbox.com/__cypress/runner/cypress_runner.js:137673:32)
    at Object.ensureElExistence (https://app.dev.councilbox.com/__cypress/runner/cypress_runner.js:137691:12)
    at ensureExistence (https://app.dev.councilbox.com/__cypress/runner/cypress_runner.js:127867:23)
    at onFailFn (https://app.dev.councilbox.com/__cypress/runner/cypress_runner.js:127905:9)
    at tryCatcher (https://app.dev.councilbox.com/__cypress/runner/cypress_runner.js:9065:23)
    at Promise._settlePromiseFromHandler (https://app.dev.councilbox.com/__cypress/runner/cypress_runner.js:7000:31)
    at Promise._settlePromise (https://app.dev.councilbox.com/__cypress/runner/cypress_runner.js:7057:18)
    at Promise._settlePromise0 (https://app.dev.councilbox.com/__cypress/runner/cypress_runner.js:7102:10)
    at Promise._settlePromises (https://app.dev.councilbox.com/__cypress/runner/cypress_runner.js:7178:18)
    at _drainQueueStep (https://app.dev.councilbox.com/__cypress/runner/cypress_runner.js:3772:12)
    at _drainQueue (https://app.dev.councilbox.com/__cypress/runner/cypress_runner.js:3765:9)
    at Async.../../node_modules/bluebird/js/release/async.js.Async._drainQueues (https://app.dev.councilbox.com/__cypress/runner/cypress_runner.js:3781:5)
    at Async.drainQueues (https://app.dev.councilbox.com/__cypress/runner/cypress_runner.js:3651:14)]]></failure>
    </testcase>
  </testsuite>
</testsuites>