<?xml version="1.0" encoding="UTF-8"?>
<testsuites name="Mocha Tests" time="183.6190" tests="44" failures="5">
  <testsuite name="Root Suite" timestamp="2021-12-01T13:43:28" tests="0" file="cypress\integration\1.Smoke\71.Quorum scenarios - 100 votes 100 shares.js" time="0.0000" failures="0">
  </testsuite>
  <testsuite name="Councilbox login - valid username and password" timestamp="2021-12-01T13:43:28" tests="5" time="10.7890" failures="0">
    <testcase name="Councilbox login - valid username and password Visits the Councilbox web page" time="3.9660" classname="Visits the Councilbox web page">
    </testcase>
    <testcase name="Councilbox login - valid username and password Change language to Spanish" time="1.4570" classname="Change language to Spanish">
    </testcase>
    <testcase name="Councilbox login - valid username and password Enters email address" time="0.9430" classname="Enters email address">
    </testcase>
    <testcase name="Councilbox login - valid username and password Enters password" time="0.4450" classname="Enters password">
    </testcase>
    <testcase name="Councilbox login - valid username and password Clicks login button" time="2.4950" classname="Clicks login button">
    </testcase>
  </testsuite>
  <testsuite name="Quorum numbers (current/initial) scenario (test case 1) - current quorum 80/initial quorum 70 - 100 votes - 100 shares" timestamp="2021-12-01T13:43:38" tests="39" time="172.8050" failures="5">
    <testcase name="Quorum numbers (current/initial) scenario (test case 1) - current quorum 80/initial quorum 70 - 100 votes - 100 shares Click on the “Censuses” button" time="0.1570" classname="Click on the “Censuses” button">
    </testcase>
    <testcase name="Quorum numbers (current/initial) scenario (test case 1) - current quorum 80/initial quorum 70 - 100 votes - 100 shares Click on the “Add census” button and populate all required fields then click on the “OK” button" time="3.0270" classname="Click on the “Add census” button and populate all required fields then click on the “OK” button">
    </testcase>
    <testcase name="Quorum numbers (current/initial) scenario (test case 1) - current quorum 80/initial quorum 70 - 100 votes - 100 shares Navigate to the already added census and hover it then click on the “Manage participants” icon" time="4.3600" classname="Navigate to the already added census and hover it then click on the “Manage participants” icon">
    </testcase>
    <testcase name="Quorum numbers (current/initial) scenario (test case 1) - current quorum 80/initial quorum 70 - 100 votes - 100 shares Add participant A with 20 votes and 20 shares" time="4.9260" classname="Add participant A with 20 votes and 20 shares">
    </testcase>
    <testcase name="Quorum numbers (current/initial) scenario (test case 1) - current quorum 80/initial quorum 70 - 100 votes - 100 shares Add participant B with 10 votes and 10 shares" time="4.6090" classname="Add participant B with 10 votes and 10 shares">
    </testcase>
    <testcase name="Quorum numbers (current/initial) scenario (test case 1) - current quorum 80/initial quorum 70 - 100 votes - 100 shares Add participant C with 10 votes and 10 shares" time="4.4440" classname="Add participant C with 10 votes and 10 shares">
    </testcase>
    <testcase name="Quorum numbers (current/initial) scenario (test case 1) - current quorum 80/initial quorum 70 - 100 votes - 100 shares Add participant D with 20 votes and 20 shares" time="4.5270" classname="Add participant D with 20 votes and 20 shares">
    </testcase>
    <testcase name="Quorum numbers (current/initial) scenario (test case 1) - current quorum 80/initial quorum 70 - 100 votes - 100 shares Add participant E with 10 votes and 10 shares" time="4.5200" classname="Add participant E with 10 votes and 10 shares">
    </testcase>
    <testcase name="Quorum numbers (current/initial) scenario (test case 1) - current quorum 80/initial quorum 70 - 100 votes - 100 shares Add participant F with 10 votes and 10 shares”" time="4.5180" classname="Add participant F with 10 votes and 10 shares”">
    </testcase>
    <testcase name="Quorum numbers (current/initial) scenario (test case 1) - current quorum 80/initial quorum 70 - 100 votes - 100 shares Add participant G with 5 votes and 5 shares" time="4.3180" classname="Add participant G with 5 votes and 5 shares">
    </testcase>
    <testcase name="Quorum numbers (current/initial) scenario (test case 1) - current quorum 80/initial quorum 70 - 100 votes - 100 shares Add participant H with 5 votes and 5 shares" time="4.2280" classname="Add participant H with 5 votes and 5 shares">
    </testcase>
    <testcase name="Quorum numbers (current/initial) scenario (test case 1) - current quorum 80/initial quorum 70 - 100 votes - 100 shares Add participant I with 10 votes and 10 shares" time="4.3110" classname="Add participant I with 10 votes and 10 shares">
    </testcase>
    <testcase name="Quorum numbers (current/initial) scenario (test case 1) - current quorum 80/initial quorum 70 - 100 votes - 100 shares Observe the total number of votes and shares" time="0.5380" classname="Observe the total number of votes and shares">
    </testcase>
    <testcase name="Quorum numbers (current/initial) scenario (test case 1) - current quorum 80/initial quorum 70 - 100 votes - 100 shares Close the “Census” section and navigate to the landing page" time="2.7920" classname="Close the “Census” section and navigate to the landing page">
    </testcase>
    <testcase name="Quorum numbers (current/initial) scenario (test case 1) - current quorum 80/initial quorum 70 - 100 votes - 100 shares Click on the “New meeting” button the select the “With session” type of meeting" time="11.3790" classname="Click on the “New meeting” button the select the “With session” type of meeting">
    </testcase>
    <testcase name="Quorum numbers (current/initial) scenario (test case 1) - current quorum 80/initial quorum 70 - 100 votes - 100 shares Populate all required fields and click on the “Next” button" time="1.4440" classname="Populate all required fields and click on the “Next” button">
    </testcase>
    <testcase name="Quorum numbers (current/initial) scenario (test case 1) - current quorum 80/initial quorum 70 - 100 votes - 100 shares Navigate to the “Current census” on the top left corner and click on the field to select the census" time="0.2150" classname="Navigate to the “Current census” on the top left corner and click on the field to select the census">
    </testcase>
    <testcase name="Quorum numbers (current/initial) scenario (test case 1) - current quorum 80/initial quorum 70 - 100 votes - 100 shares Select the census you added before (with 9 participants - 100 votes and 100 shares)" time="0.4430" classname="Select the census you added before (with 9 participants - 100 votes and 100 shares)">
    </testcase>
    <testcase name="Quorum numbers (current/initial) scenario (test case 1) - current quorum 80/initial quorum 70 - 100 votes - 100 shares Click on the “Yes, I want to change the census” button" time="0.3800" classname="Click on the “Yes, I want to change the census” button">
    </testcase>
    <testcase name="Quorum numbers (current/initial) scenario (test case 1) - current quorum 80/initial quorum 70 - 100 votes - 100 shares Click on the “Next” button" time="1.8870" classname="Click on the “Next” button">
    </testcase>
    <testcase name="Quorum numbers (current/initial) scenario (test case 1) - current quorum 80/initial quorum 70 - 100 votes - 100 shares Add item to agenda" time="1.7550" classname="Add item to agenda">
    </testcase>
    <testcase name="Quorum numbers (current/initial) scenario (test case 1) - current quorum 80/initial quorum 70 - 100 votes - 100 shares Click on the “Next” button" time="1.1510" classname="Click on the “Next” button">
    </testcase>
    <testcase name="Quorum numbers (current/initial) scenario (test case 1) - current quorum 80/initial quorum 70 - 100 votes - 100 shares Click on the “Next” button" time="1.1590" classname="Click on the “Next” button">
    </testcase>
    <testcase name="Quorum numbers (current/initial) scenario (test case 1) - current quorum 80/initial quorum 70 - 100 votes - 100 shares Click on the “Next” button" time="4.6970" classname="Click on the “Next” button">
    </testcase>
    <testcase name="Quorum numbers (current/initial) scenario (test case 1) - current quorum 80/initial quorum 70 - 100 votes - 100 shares Click on the “Invite and notify” button then click on the “Prepare room” button" time="1.1390" classname="Click on the “Invite and notify” button then click on the “Prepare room” button">
    </testcase>
    <testcase name="Quorum numbers (current/initial) scenario (test case 1) - current quorum 80/initial quorum 70 - 100 votes - 100 shares Click on the “Open room” button then click on the “Open room” button" time="11.7700" classname="Click on the “Open room” button then click on the “Open room” button">
    </testcase>
    <testcase name="Quorum numbers (current/initial) scenario (test case 1) - current quorum 80/initial quorum 70 - 100 votes - 100 shares Click on the “Participants” button" time="1.2320" classname="Click on the “Participants” button">
    </testcase>
    <testcase name="Quorum numbers (current/initial) scenario (test case 1) - current quorum 80/initial quorum 70 - 100 votes - 100 shares Click to the “Participant E”" time="3.1510" classname="Click to the “Participant E”">
    </testcase>
    <testcase name="Quorum numbers (current/initial) scenario (test case 1) - current quorum 80/initial quorum 70 - 100 votes - 100 shares Click on the “Delegate vote” button then choose the “Participant B” and click on it”" time="11.1380" classname="Click on the “Delegate vote” button then choose the “Participant B” and click on it”">
    </testcase>
    <testcase name="Quorum numbers (current/initial) scenario (test case 1) - current quorum 80/initial quorum 70 - 100 votes - 100 shares Click on the “Participant B” and observe the total votes”" time="5.8760" classname="Click on the “Participant B” and observe the total votes”">
    </testcase>
    <testcase name="Quorum numbers (current/initial) scenario (test case 1) - current quorum 80/initial quorum 70 - 100 votes - 100 shares Click on the “Participant B” and select the “Attending in person” status" time="2.3860" classname="Click on the “Participant B” and select the “Attending in person” status">
    </testcase>
    <testcase name="Quorum numbers (current/initial) scenario (test case 1) - current quorum 80/initial quorum 70 - 100 votes - 100 shares Observe the current quorum number on the top right side of the page”" time="11.1020" classname="Observe the current quorum number on the top right side of the page”">
    </testcase>
    <testcase name="Quorum numbers (current/initial) scenario (test case 1) - current quorum 80/initial quorum 70 - 100 votes - 100 shares Click on the “Participant D” button" time="1.1710" classname="Click on the “Participant D” button">
    </testcase>
    <testcase name="Quorum numbers (current/initial) scenario (test case 1) - current quorum 80/initial quorum 70 - 100 votes - 100 shares Click on the “Vote early” button and select the option you want" time="0.0000" classname="Click on the “Vote early” button and select the option you want">
      <failure message="Timed out retrying: Expected to find element: `#early-vote-option-1-point-0`, but never found it." type="AssertionError"><![CDATA[AssertionError: Timed out retrying: Expected to find element: `#early-vote-option-1-point-0`, but never found it.
    at ensureExistence (https://app.dev.councilbox.com/__cypress/runner/cypress_runner.js:137673:32)
    at Object.ensureElExistence (https://app.dev.councilbox.com/__cypress/runner/cypress_runner.js:137691:12)
    at ensureExistence (https://app.dev.councilbox.com/__cypress/runner/cypress_runner.js:127867:23)
    at onFailFn (https://app.dev.councilbox.com/__cypress/runner/cypress_runner.js:127905:9)
    at tryCatcher (https://app.dev.councilbox.com/__cypress/runner/cypress_runner.js:9065:23)
    at Promise._settlePromiseFromHandler (https://app.dev.councilbox.com/__cypress/runner/cypress_runner.js:7000:31)
    at Promise._settlePromise (https://app.dev.councilbox.com/__cypress/runner/cypress_runner.js:7057:18)
    at Promise._settlePromise0 (https://app.dev.councilbox.com/__cypress/runner/cypress_runner.js:7102:10)
    at Promise._settlePromises (https://app.dev.councilbox.com/__cypress/runner/cypress_runner.js:7178:18)
    at _drainQueueStep (https://app.dev.councilbox.com/__cypress/runner/cypress_runner.js:3772:12)
    at _drainQueue (https://app.dev.councilbox.com/__cypress/runner/cypress_runner.js:3765:9)
    at Async.../../node_modules/bluebird/js/release/async.js.Async._drainQueues (https://app.dev.councilbox.com/__cypress/runner/cypress_runner.js:3781:5)
    at Async.drainQueues (https://app.dev.councilbox.com/__cypress/runner/cypress_runner.js:3651:14)]]></failure>
    </testcase>
    <testcase name="Quorum numbers (current/initial) scenario (test case 1) - current quorum 80/initial quorum 70 - 100 votes - 100 shares Observe the current quorum number on the top right side of the page”" time="0.0000" classname="Observe the current quorum number on the top right side of the page”">
      <failure message="Timed out retrying: expected &apos;&lt;span#live-current-quorum&gt;&apos; to have text &apos;40&apos;, but the text was &apos;20&apos;" type="AssertionError"><![CDATA[AssertionError: Timed out retrying: expected '<span#live-current-quorum>' to have text '40', but the text was '20'
    at applyChainer (https://app.dev.councilbox.com/__cypress/runner/cypress_runner.js:131898:32)
    at https://app.dev.councilbox.com/__cypress/runner/cypress_runner.js:131940:16
    at arrayReduce (https://app.dev.councilbox.com/__cypress/runner/cypress_runner.js:18578:21)
    at Function.reduce (https://app.dev.councilbox.com/__cypress/runner/cypress_runner.js:27576:14)
    at applyChainers (https://app.dev.councilbox.com/__cypress/runner/cypress_runner.js:131929:22)
    at tryCatcher (https://app.dev.councilbox.com/__cypress/runner/cypress_runner.js:9065:23)
    at Function.Promise.attempt.Promise.try (https://app.dev.councilbox.com/__cypress/runner/cypress_runner.js:6339:29)
    at Context.shouldFn (https://app.dev.councilbox.com/__cypress/runner/cypress_runner.js:131946:26)
    at Context.should (https://app.dev.councilbox.com/__cypress/runner/cypress_runner.js:131964:23)
    at https://app.dev.councilbox.com/__cypress/runner/cypress_runner.js:127819:39
    at assertions (https://app.dev.councilbox.com/__cypress/runner/cypress_runner.js:128079:14)
    at tryCatcher (https://app.dev.councilbox.com/__cypress/runner/cypress_runner.js:9065:23)
    at Object.gotValue (https://app.dev.councilbox.com/__cypress/runner/cypress_runner.js:8209:18)
    at Object.gotAccum (https://app.dev.councilbox.com/__cypress/runner/cypress_runner.js:8196:25)
    at Object.tryCatcher (https://app.dev.councilbox.com/__cypress/runner/cypress_runner.js:9065:23)
    at Promise._settlePromiseFromHandler (https://app.dev.councilbox.com/__cypress/runner/cypress_runner.js:7000:31)]]></failure>
    </testcase>
    <testcase name="Quorum numbers (current/initial) scenario (test case 1) - current quorum 80/initial quorum 70 - 100 votes - 100 shares Click to the “Participant C”" time="0.0000" classname="Click to the “Participant C”">
      <failure message="Timed out retrying: `cy.click()` failed because this element is not visible:

`&lt;p class=&quot;jss2181 jss2190 truncate&quot; style=&quot;font-weight: 600; width: calc(100% - 2.2em);&quot;&gt;Partici...&lt;/p&gt;`

This element `&lt;p.jss2181.jss2190.truncate&gt;` is not visible because it has CSS property: `position: fixed` and it&apos;s being covered by another element:

`&lt;div class=&quot;jss2277&quot; aria-hidden=&quot;true&quot; style=&quot;opacity: 1; will-change: opacity; transition: opacity 225ms cubic-bezier(0.4, 0, 0.2, 1) 0ms;&quot;&gt;&lt;/div&gt;`

Fix this problem, or use `{force: true}` to disable error checking.

https://on.cypress.io/element-cannot-be-interacted-with" type="CypressError"><![CDATA[CypressError: Timed out retrying: `cy.click()` failed because this element is not visible:

`<p class="jss2181 jss2190 truncate" style="font-weight: 600; width: calc(100% - 2.2em);">Partici...</p>`

This element `<p.jss2181.jss2190.truncate>` is not visible because it has CSS property: `position: fixed` and it's being covered by another element:

`<div class="jss2277" aria-hidden="true" style="opacity: 1; will-change: opacity; transition: opacity 225ms cubic-bezier(0.4, 0, 0.2, 1) 0ms;"></div>`

Fix this problem, or use `{force: true}` to disable error checking.

https://on.cypress.io/element-cannot-be-interacted-with
    at cypressErr (https://app.dev.councilbox.com/__cypress/runner/cypress_runner.js:146621:16)
    at cypressErrByPath (https://app.dev.councilbox.com/__cypress/runner/cypress_runner.js:146630:10)
    at Object.throwErrByPath (https://app.dev.councilbox.com/__cypress/runner/cypress_runner.js:146593:11)
    at Object.ensureVisibility (https://app.dev.councilbox.com/__cypress/runner/cypress_runner.js:137599:24)
    at runAllChecks (https://app.dev.councilbox.com/__cypress/runner/cypress_runner.js:127499:14)
    at retryActionability (https://app.dev.councilbox.com/__cypress/runner/cypress_runner.js:127542:16)
    at tryCatcher (https://app.dev.councilbox.com/__cypress/runner/cypress_runner.js:9065:23)
    at Function.Promise.attempt.Promise.try (https://app.dev.councilbox.com/__cypress/runner/cypress_runner.js:6339:29)
    at tryFn (https://app.dev.councilbox.com/__cypress/runner/cypress_runner.js:140680:21)
    at whenStable (https://app.dev.councilbox.com/__cypress/runner/cypress_runner.js:140715:12)
    at https://app.dev.councilbox.com/__cypress/runner/cypress_runner.js:140259:16
    at tryCatcher (https://app.dev.councilbox.com/__cypress/runner/cypress_runner.js:9065:23)
    at Promise._settlePromiseFromHandler (https://app.dev.councilbox.com/__cypress/runner/cypress_runner.js:7000:31)
    at Promise._settlePromise (https://app.dev.councilbox.com/__cypress/runner/cypress_runner.js:7057:18)
    at Promise._settlePromise0 (https://app.dev.councilbox.com/__cypress/runner/cypress_runner.js:7102:10)
    at Promise._settlePromises (https://app.dev.councilbox.com/__cypress/runner/cypress_runner.js:7182:18)]]></failure>
    </testcase>
    <testcase name="Quorum numbers (current/initial) scenario (test case 1) - current quorum 80/initial quorum 70 - 100 votes - 100 shares Click on the “Delegate vote” button then choose the “Participant A” and click on it”" time="0.0000" classname="Click on the “Delegate vote” button then choose the “Participant A” and click on it”">
      <failure message="Timed out retrying: `cy.click()` failed because this element is not visible:

`&lt;button tabindex=&quot;0&quot; class=&quot;jss1991 jss2163&quot; type=&quot;button&quot; id=&quot;participant-editor-delegate-vote-button&quot; style=&quot;display: flex; align-items: center; border-radius: 4px; border: 1px solid rgb(160, 154, 160); color: black; padding: 1em; cursor: pointer; margin-right: 0.5em; outline: 0px; background-color: transparent;&quot;&gt;...&lt;/button&gt;`

This element `&lt;button#participant-editor-delegate-vote-button.jss1991.jss2163&gt;` is not visible because it has CSS property: `position: fixed` and it&apos;s being covered by another element:

`&lt;div class=&quot;jss2277&quot; aria-hidden=&quot;true&quot; style=&quot;opacity: 1; will-change: opacity; transition: opacity 225ms cubic-bezier(0.4, 0, 0.2, 1) 0ms;&quot;&gt;&lt;/div&gt;`

Fix this problem, or use `{force: true}` to disable error checking.

https://on.cypress.io/element-cannot-be-interacted-with" type="CypressError"><![CDATA[CypressError: Timed out retrying: `cy.click()` failed because this element is not visible:

`<button tabindex="0" class="jss1991 jss2163" type="button" id="participant-editor-delegate-vote-button" style="display: flex; align-items: center; border-radius: 4px; border: 1px solid rgb(160, 154, 160); color: black; padding: 1em; cursor: pointer; margin-right: 0.5em; outline: 0px; background-color: transparent;">...</button>`

This element `<button#participant-editor-delegate-vote-button.jss1991.jss2163>` is not visible because it has CSS property: `position: fixed` and it's being covered by another element:

`<div class="jss2277" aria-hidden="true" style="opacity: 1; will-change: opacity; transition: opacity 225ms cubic-bezier(0.4, 0, 0.2, 1) 0ms;"></div>`

Fix this problem, or use `{force: true}` to disable error checking.

https://on.cypress.io/element-cannot-be-interacted-with
    at cypressErr (https://app.dev.councilbox.com/__cypress/runner/cypress_runner.js:146621:16)
    at cypressErrByPath (https://app.dev.councilbox.com/__cypress/runner/cypress_runner.js:146630:10)
    at Object.throwErrByPath (https://app.dev.councilbox.com/__cypress/runner/cypress_runner.js:146593:11)
    at Object.ensureVisibility (https://app.dev.councilbox.com/__cypress/runner/cypress_runner.js:137599:24)
    at runAllChecks (https://app.dev.councilbox.com/__cypress/runner/cypress_runner.js:127499:14)
    at retryActionability (https://app.dev.councilbox.com/__cypress/runner/cypress_runner.js:127542:16)
    at tryCatcher (https://app.dev.councilbox.com/__cypress/runner/cypress_runner.js:9065:23)
    at Function.Promise.attempt.Promise.try (https://app.dev.councilbox.com/__cypress/runner/cypress_runner.js:6339:29)
    at tryFn (https://app.dev.councilbox.com/__cypress/runner/cypress_runner.js:140680:21)
    at whenStable (https://app.dev.councilbox.com/__cypress/runner/cypress_runner.js:140715:12)
    at https://app.dev.councilbox.com/__cypress/runner/cypress_runner.js:140259:16
    at tryCatcher (https://app.dev.councilbox.com/__cypress/runner/cypress_runner.js:9065:23)
    at Promise._settlePromiseFromHandler (https://app.dev.councilbox.com/__cypress/runner/cypress_runner.js:7000:31)
    at Promise._settlePromise (https://app.dev.councilbox.com/__cypress/runner/cypress_runner.js:7057:18)
    at Promise._settlePromise0 (https://app.dev.councilbox.com/__cypress/runner/cypress_runner.js:7102:10)
    at Promise._settlePromises (https://app.dev.councilbox.com/__cypress/runner/cypress_runner.js:7182:18)]]></failure>
    </testcase>
    <testcase name="Quorum numbers (current/initial) scenario (test case 1) - current quorum 80/initial quorum 70 - 100 votes - 100 shares Click on the “Participant A” and observe the total votes”" time="0.0000" classname="Click on the “Participant A” and observe the total votes”">
      <failure message="Timed out retrying: `cy.click()` failed because this element is not visible:

`&lt;p class=&quot;jss2181 jss2190 truncate&quot; style=&quot;font-weight: 600; width: calc(100% - 2.2em);&quot;&gt;Partici...&lt;/p&gt;`

This element `&lt;p.jss2181.jss2190.truncate&gt;` is not visible because it has CSS property: `position: fixed` and it&apos;s being covered by another element:

`&lt;div class=&quot;jss2277&quot; aria-hidden=&quot;true&quot; style=&quot;opacity: 1; will-change: opacity; transition: opacity 225ms cubic-bezier(0.4, 0, 0.2, 1) 0ms;&quot;&gt;&lt;/div&gt;`

Fix this problem, or use `{force: true}` to disable error checking.

https://on.cypress.io/element-cannot-be-interacted-with" type="CypressError"><![CDATA[CypressError: Timed out retrying: `cy.click()` failed because this element is not visible:

`<p class="jss2181 jss2190 truncate" style="font-weight: 600; width: calc(100% - 2.2em);">Partici...</p>`

This element `<p.jss2181.jss2190.truncate>` is not visible because it has CSS property: `position: fixed` and it's being covered by another element:

`<div class="jss2277" aria-hidden="true" style="opacity: 1; will-change: opacity; transition: opacity 225ms cubic-bezier(0.4, 0, 0.2, 1) 0ms;"></div>`

Fix this problem, or use `{force: true}` to disable error checking.

https://on.cypress.io/element-cannot-be-interacted-with
    at cypressErr (https://app.dev.councilbox.com/__cypress/runner/cypress_runner.js:146621:16)
    at cypressErrByPath (https://app.dev.councilbox.com/__cypress/runner/cypress_runner.js:146630:10)
    at Object.throwErrByPath (https://app.dev.councilbox.com/__cypress/runner/cypress_runner.js:146593:11)
    at Object.ensureVisibility (https://app.dev.councilbox.com/__cypress/runner/cypress_runner.js:137599:24)
    at runAllChecks (https://app.dev.councilbox.com/__cypress/runner/cypress_runner.js:127499:14)
    at retryActionability (https://app.dev.councilbox.com/__cypress/runner/cypress_runner.js:127542:16)
    at tryCatcher (https://app.dev.councilbox.com/__cypress/runner/cypress_runner.js:9065:23)
    at Function.Promise.attempt.Promise.try (https://app.dev.councilbox.com/__cypress/runner/cypress_runner.js:6339:29)
    at tryFn (https://app.dev.councilbox.com/__cypress/runner/cypress_runner.js:140680:21)
    at whenStable (https://app.dev.councilbox.com/__cypress/runner/cypress_runner.js:140715:12)
    at https://app.dev.councilbox.com/__cypress/runner/cypress_runner.js:140259:16
    at tryCatcher (https://app.dev.councilbox.com/__cypress/runner/cypress_runner.js:9065:23)
    at Promise._settlePromiseFromHandler (https://app.dev.councilbox.com/__cypress/runner/cypress_runner.js:7000:31)
    at Promise._settlePromise (https://app.dev.councilbox.com/__cypress/runner/cypress_runner.js:7057:18)
    at Promise._settlePromise0 (https://app.dev.councilbox.com/__cypress/runner/cypress_runner.js:7102:10)
    at Promise._settlePromises (https://app.dev.councilbox.com/__cypress/runner/cypress_runner.js:7182:18)]]></failure>
    </testcase>
    <testcase name="Quorum numbers (current/initial) scenario (test case 1) - current quorum 80/initial quorum 70 - 100 votes - 100 shares Back to Home page" time="8.7110" classname="Back to Home page">
    </testcase>
  </testsuite>
</testsuites>