<?xml version="1.0" encoding="UTF-8"?>
<testsuites name="Mocha Tests" time="141.1420" tests="42" failures="9">
  <testsuite name="Root Suite" timestamp="2021-11-25T12:09:40" tests="0" file="cypress\integration\1.Smoke\72.Quorum scenarios - 100 votes 100 shares.js" time="0.0000" failures="0">
  </testsuite>
  <testsuite name="Councilbox login - valid username and password" timestamp="2021-11-25T12:09:40" tests="5" time="10.7000" failures="0">
    <testcase name="Councilbox login - valid username and password Visits the Councilbox web page" time="4.2960" classname="Visits the Councilbox web page">
    </testcase>
    <testcase name="Councilbox login - valid username and password Change language to Spanish" time="1.5120" classname="Change language to Spanish">
    </testcase>
    <testcase name="Councilbox login - valid username and password Enters email address" time="1.0560" classname="Enters email address">
    </testcase>
    <testcase name="Councilbox login - valid username and password Enters password" time="0.4290" classname="Enters password">
    </testcase>
    <testcase name="Councilbox login - valid username and password Clicks login button" time="2.1330" classname="Clicks login button">
    </testcase>
  </testsuite>
  <testsuite name="Quorum numbers (current/initial) scenario (test case 1) - current quorum 80/initial quorum 70 - 100 votes - 100 shares" timestamp="2021-11-25T12:09:51" tests="37" time="130.4100" failures="9">
    <testcase name="Quorum numbers (current/initial) scenario (test case 1) - current quorum 80/initial quorum 70 - 100 votes - 100 shares Click on the “Censuses” button" time="0.8910" classname="Click on the “Censuses” button">
    </testcase>
    <testcase name="Quorum numbers (current/initial) scenario (test case 1) - current quorum 80/initial quorum 70 - 100 votes - 100 shares Click on the “Add census” button and populate all required fields then click on the “OK” button" time="2.3210" classname="Click on the “Add census” button and populate all required fields then click on the “OK” button">
    </testcase>
    <testcase name="Quorum numbers (current/initial) scenario (test case 1) - current quorum 80/initial quorum 70 - 100 votes - 100 shares Navigate to the already added census and hover it then click on the “Manage participants” icon" time="4.1200" classname="Navigate to the already added census and hover it then click on the “Manage participants” icon">
    </testcase>
    <testcase name="Quorum numbers (current/initial) scenario (test case 1) - current quorum 80/initial quorum 70 - 100 votes - 100 shares Add participant A with 20 votes and 20 shares" time="4.6080" classname="Add participant A with 20 votes and 20 shares">
    </testcase>
    <testcase name="Quorum numbers (current/initial) scenario (test case 1) - current quorum 80/initial quorum 70 - 100 votes - 100 shares Add participant B with 10 votes and 10 shares" time="4.3270" classname="Add participant B with 10 votes and 10 shares">
    </testcase>
    <testcase name="Quorum numbers (current/initial) scenario (test case 1) - current quorum 80/initial quorum 70 - 100 votes - 100 shares Add participant C with 10 votes and 10 shares" time="4.2970" classname="Add participant C with 10 votes and 10 shares">
    </testcase>
    <testcase name="Quorum numbers (current/initial) scenario (test case 1) - current quorum 80/initial quorum 70 - 100 votes - 100 shares Add participant D with 20 votes and 20 shares" time="4.2990" classname="Add participant D with 20 votes and 20 shares">
    </testcase>
    <testcase name="Quorum numbers (current/initial) scenario (test case 1) - current quorum 80/initial quorum 70 - 100 votes - 100 shares Add participant E with 10 votes and 10 shares" time="4.2670" classname="Add participant E with 10 votes and 10 shares">
    </testcase>
    <testcase name="Quorum numbers (current/initial) scenario (test case 1) - current quorum 80/initial quorum 70 - 100 votes - 100 shares Add participant F with 10 votes and 10 shares”" time="4.2620" classname="Add participant F with 10 votes and 10 shares”">
    </testcase>
    <testcase name="Quorum numbers (current/initial) scenario (test case 1) - current quorum 80/initial quorum 70 - 100 votes - 100 shares Add participant G with 5 votes and 5 shares" time="4.1730" classname="Add participant G with 5 votes and 5 shares">
    </testcase>
    <testcase name="Quorum numbers (current/initial) scenario (test case 1) - current quorum 80/initial quorum 70 - 100 votes - 100 shares Add participant H with 5 votes and 5 shares" time="4.1960" classname="Add participant H with 5 votes and 5 shares">
    </testcase>
    <testcase name="Quorum numbers (current/initial) scenario (test case 1) - current quorum 80/initial quorum 70 - 100 votes - 100 shares Add participant I with 10 votes and 10 shares" time="4.2540" classname="Add participant I with 10 votes and 10 shares">
    </testcase>
    <testcase name="Quorum numbers (current/initial) scenario (test case 1) - current quorum 80/initial quorum 70 - 100 votes - 100 shares Observe the total number of votes and shares" time="0.5370" classname="Observe the total number of votes and shares">
    </testcase>
    <testcase name="Quorum numbers (current/initial) scenario (test case 1) - current quorum 80/initial quorum 70 - 100 votes - 100 shares Close the “Census” section and navigate to the landing page" time="4.7440" classname="Close the “Census” section and navigate to the landing page">
    </testcase>
    <testcase name="Quorum numbers (current/initial) scenario (test case 1) - current quorum 80/initial quorum 70 - 100 votes - 100 shares Click on the “New meeting” button the select the “With session” type of meeting" time="11.3450" classname="Click on the “New meeting” button the select the “With session” type of meeting">
    </testcase>
    <testcase name="Quorum numbers (current/initial) scenario (test case 1) - current quorum 80/initial quorum 70 - 100 votes - 100 shares Populate all required fields and click on the “Next” button" time="1.4300" classname="Populate all required fields and click on the “Next” button">
    </testcase>
    <testcase name="Quorum numbers (current/initial) scenario (test case 1) - current quorum 80/initial quorum 70 - 100 votes - 100 shares Navigate to the “Current census” on the top left corner and click on the field to select the census" time="0.2190" classname="Navigate to the “Current census” on the top left corner and click on the field to select the census">
    </testcase>
    <testcase name="Quorum numbers (current/initial) scenario (test case 1) - current quorum 80/initial quorum 70 - 100 votes - 100 shares Select the census you added before (with 9 participants - 100 votes and 100 shares)" time="0.3860" classname="Select the census you added before (with 9 participants - 100 votes and 100 shares)">
    </testcase>
    <testcase name="Quorum numbers (current/initial) scenario (test case 1) - current quorum 80/initial quorum 70 - 100 votes - 100 shares Click on the “Yes, I want to change the census” button" time="0.4120" classname="Click on the “Yes, I want to change the census” button">
    </testcase>
    <testcase name="Quorum numbers (current/initial) scenario (test case 1) - current quorum 80/initial quorum 70 - 100 votes - 100 shares Click on the “Next” button" time="1.9230" classname="Click on the “Next” button">
    </testcase>
    <testcase name="Quorum numbers (current/initial) scenario (test case 1) - current quorum 80/initial quorum 70 - 100 votes - 100 shares Add item to agenda" time="1.7860" classname="Add item to agenda">
    </testcase>
    <testcase name="Quorum numbers (current/initial) scenario (test case 1) - current quorum 80/initial quorum 70 - 100 votes - 100 shares Click on the “Next” button" time="1.1220" classname="Click on the “Next” button">
    </testcase>
    <testcase name="Quorum numbers (current/initial) scenario (test case 1) - current quorum 80/initial quorum 70 - 100 votes - 100 shares Click on the “Next” button" time="1.1250" classname="Click on the “Next” button">
    </testcase>
    <testcase name="Quorum numbers (current/initial) scenario (test case 1) - current quorum 80/initial quorum 70 - 100 votes - 100 shares Click on the “Next” button" time="4.6520" classname="Click on the “Next” button">
    </testcase>
    <testcase name="Quorum numbers (current/initial) scenario (test case 1) - current quorum 80/initial quorum 70 - 100 votes - 100 shares Click on the “Invite and notify” button then click on the “Prepare room” button" time="1.1400" classname="Click on the “Invite and notify” button then click on the “Prepare room” button">
    </testcase>
    <testcase name="Quorum numbers (current/initial) scenario (test case 1) - current quorum 80/initial quorum 70 - 100 votes - 100 shares Click on the “Open room” button then click on the “Open room” button" time="10.1240" classname="Click on the “Open room” button then click on the “Open room” button">
    </testcase>
    <testcase name="Quorum numbers (current/initial) scenario (test case 1) - current quorum 80/initial quorum 70 - 100 votes - 100 shares Click on the “Participants” button" time="1.1720" classname="Click on the “Participants” button">
    </testcase>
    <testcase name="Quorum numbers (current/initial) scenario (test case 1) - current quorum 80/initial quorum 70 - 100 votes - 100 shares Click on the “Add guest+” button and populate all required fields and click on the “Send” button" time="0.0000" classname="Click on the “Add guest+” button and populate all required fields and click on the “Send” button">
      <failure message="Timed out retrying: Expected to find element: `#MISSING_ID`, but never found it." type="AssertionError"><![CDATA[AssertionError: Timed out retrying: Expected to find element: `#MISSING_ID`, but never found it.
    at ensureExistence (https://app.dev.councilbox.com/__cypress/runner/cypress_runner.js:137673:32)
    at Object.ensureElExistence (https://app.dev.councilbox.com/__cypress/runner/cypress_runner.js:137691:12)
    at ensureExistence (https://app.dev.councilbox.com/__cypress/runner/cypress_runner.js:127867:23)
    at onFailFn (https://app.dev.councilbox.com/__cypress/runner/cypress_runner.js:127905:9)
    at tryCatcher (https://app.dev.councilbox.com/__cypress/runner/cypress_runner.js:9065:23)
    at Promise._settlePromiseFromHandler (https://app.dev.councilbox.com/__cypress/runner/cypress_runner.js:7000:31)
    at Promise._settlePromise (https://app.dev.councilbox.com/__cypress/runner/cypress_runner.js:7057:18)
    at Promise._settlePromise0 (https://app.dev.councilbox.com/__cypress/runner/cypress_runner.js:7102:10)
    at Promise._settlePromises (https://app.dev.councilbox.com/__cypress/runner/cypress_runner.js:7178:18)
    at _drainQueueStep (https://app.dev.councilbox.com/__cypress/runner/cypress_runner.js:3772:12)
    at _drainQueue (https://app.dev.councilbox.com/__cypress/runner/cypress_runner.js:3765:9)
    at Async.../../node_modules/bluebird/js/release/async.js.Async._drainQueues (https://app.dev.councilbox.com/__cypress/runner/cypress_runner.js:3781:5)
    at Async.drainQueues (https://app.dev.councilbox.com/__cypress/runner/cypress_runner.js:3651:14)]]></failure>
    </testcase>
    <testcase name="Quorum numbers (current/initial) scenario (test case 1) - current quorum 80/initial quorum 70 - 100 votes - 100 shares Click on the “Add guest+” button and populate all required fields and click on the “Send” button" time="0.0000" classname="Click on the “Add guest+” button and populate all required fields and click on the “Send” button">
      <failure message="Timed out retrying: `cy.click()` failed because this element is not visible:

`&lt;div id=&quot;add-participant-dropdown-trigger&quot; style=&quot;width: 10em; max-width: 100%; border: 2px solid rgb(160, 154, 160); border-radius: 4px; padding: 0.2rem; margin: 0px 0.5rem;&quot;&gt;...&lt;/div&gt;`

This element `&lt;div#add-participant-dropdown-trigger&gt;` is not visible because it has CSS property: `position: fixed` and it&apos;s being covered by another element:

`&lt;div class=&quot;jss2257&quot; aria-hidden=&quot;true&quot; style=&quot;opacity: 1; will-change: opacity; transition: opacity 225ms cubic-bezier(0.4, 0, 0.2, 1) 0ms;&quot;&gt;&lt;/div&gt;`

Fix this problem, or use `{force: true}` to disable error checking.

https://on.cypress.io/element-cannot-be-interacted-with" type="CypressError"><![CDATA[CypressError: Timed out retrying: `cy.click()` failed because this element is not visible:

`<div id="add-participant-dropdown-trigger" style="width: 10em; max-width: 100%; border: 2px solid rgb(160, 154, 160); border-radius: 4px; padding: 0.2rem; margin: 0px 0.5rem;">...</div>`

This element `<div#add-participant-dropdown-trigger>` is not visible because it has CSS property: `position: fixed` and it's being covered by another element:

`<div class="jss2257" aria-hidden="true" style="opacity: 1; will-change: opacity; transition: opacity 225ms cubic-bezier(0.4, 0, 0.2, 1) 0ms;"></div>`

Fix this problem, or use `{force: true}` to disable error checking.

https://on.cypress.io/element-cannot-be-interacted-with
    at cypressErr (https://app.dev.councilbox.com/__cypress/runner/cypress_runner.js:146621:16)
    at cypressErrByPath (https://app.dev.councilbox.com/__cypress/runner/cypress_runner.js:146630:10)
    at Object.throwErrByPath (https://app.dev.councilbox.com/__cypress/runner/cypress_runner.js:146593:11)
    at Object.ensureVisibility (https://app.dev.councilbox.com/__cypress/runner/cypress_runner.js:137599:24)
    at runAllChecks (https://app.dev.councilbox.com/__cypress/runner/cypress_runner.js:127499:14)
    at retryActionability (https://app.dev.councilbox.com/__cypress/runner/cypress_runner.js:127542:16)
    at tryCatcher (https://app.dev.councilbox.com/__cypress/runner/cypress_runner.js:9065:23)
    at Function.Promise.attempt.Promise.try (https://app.dev.councilbox.com/__cypress/runner/cypress_runner.js:6339:29)
    at tryFn (https://app.dev.councilbox.com/__cypress/runner/cypress_runner.js:140680:21)
    at whenStable (https://app.dev.councilbox.com/__cypress/runner/cypress_runner.js:140715:12)
    at https://app.dev.councilbox.com/__cypress/runner/cypress_runner.js:140259:16
    at tryCatcher (https://app.dev.councilbox.com/__cypress/runner/cypress_runner.js:9065:23)
    at Promise._settlePromiseFromHandler (https://app.dev.councilbox.com/__cypress/runner/cypress_runner.js:7000:31)
    at Promise._settlePromise (https://app.dev.councilbox.com/__cypress/runner/cypress_runner.js:7057:18)
    at Promise._settlePromise0 (https://app.dev.councilbox.com/__cypress/runner/cypress_runner.js:7102:10)
    at Promise._settlePromises (https://app.dev.councilbox.com/__cypress/runner/cypress_runner.js:7182:18)]]></failure>
    </testcase>
    <testcase name="Quorum numbers (current/initial) scenario (test case 1) - current quorum 80/initial quorum 70 - 100 votes - 100 shares Navigate to the “Guest 1” and select the “Attending in person” status" time="0.0000" classname="Navigate to the “Guest 1” and select the “Attending in person” status">
      <failure message="Timed out retrying: `cy.click()` failed because this element is not visible:

`&lt;button tabindex=&quot;0&quot; class=&quot;jss2043 jss2215 jss2220 classHover &quot; type=&quot;button&quot; id=&quot;state-selector-participant-item-1&quot; style=&quot;text-transform: none; background-color: transparent; outline: 0px; cursor: pointer; box-shadow: none; height: 100%; min-width: 15px;&quot;&gt;...&lt;/button&gt;`

This element `&lt;button#state-selector-participant-item-1.jss2043.jss2215.jss2220.classHover.&gt;` is not visible because it has CSS property: `position: fixed` and it&apos;s being covered by another element:

`&lt;div class=&quot;jss2257&quot; aria-hidden=&quot;true&quot; style=&quot;opacity: 1; will-change: opacity; transition: opacity 225ms cubic-bezier(0.4, 0, 0.2, 1) 0ms;&quot;&gt;&lt;/div&gt;`

Fix this problem, or use `{force: true}` to disable error checking.

https://on.cypress.io/element-cannot-be-interacted-with" type="CypressError"><![CDATA[CypressError: Timed out retrying: `cy.click()` failed because this element is not visible:

`<button tabindex="0" class="jss2043 jss2215 jss2220 classHover " type="button" id="state-selector-participant-item-1" style="text-transform: none; background-color: transparent; outline: 0px; cursor: pointer; box-shadow: none; height: 100%; min-width: 15px;">...</button>`

This element `<button#state-selector-participant-item-1.jss2043.jss2215.jss2220.classHover.>` is not visible because it has CSS property: `position: fixed` and it's being covered by another element:

`<div class="jss2257" aria-hidden="true" style="opacity: 1; will-change: opacity; transition: opacity 225ms cubic-bezier(0.4, 0, 0.2, 1) 0ms;"></div>`

Fix this problem, or use `{force: true}` to disable error checking.

https://on.cypress.io/element-cannot-be-interacted-with
    at cypressErr (https://app.dev.councilbox.com/__cypress/runner/cypress_runner.js:146621:16)
    at cypressErrByPath (https://app.dev.councilbox.com/__cypress/runner/cypress_runner.js:146630:10)
    at Object.throwErrByPath (https://app.dev.councilbox.com/__cypress/runner/cypress_runner.js:146593:11)
    at Object.ensureVisibility (https://app.dev.councilbox.com/__cypress/runner/cypress_runner.js:137599:24)
    at runAllChecks (https://app.dev.councilbox.com/__cypress/runner/cypress_runner.js:127499:14)
    at retryActionability (https://app.dev.councilbox.com/__cypress/runner/cypress_runner.js:127542:16)
    at tryCatcher (https://app.dev.councilbox.com/__cypress/runner/cypress_runner.js:9065:23)
    at Function.Promise.attempt.Promise.try (https://app.dev.councilbox.com/__cypress/runner/cypress_runner.js:6339:29)
    at tryFn (https://app.dev.councilbox.com/__cypress/runner/cypress_runner.js:140680:21)
    at whenStable (https://app.dev.councilbox.com/__cypress/runner/cypress_runner.js:140715:12)
    at https://app.dev.councilbox.com/__cypress/runner/cypress_runner.js:140259:16
    at tryCatcher (https://app.dev.councilbox.com/__cypress/runner/cypress_runner.js:9065:23)
    at Promise._settlePromiseFromHandler (https://app.dev.councilbox.com/__cypress/runner/cypress_runner.js:7000:31)
    at Promise._settlePromise (https://app.dev.councilbox.com/__cypress/runner/cypress_runner.js:7057:18)
    at Promise._settlePromise0 (https://app.dev.councilbox.com/__cypress/runner/cypress_runner.js:7102:10)
    at Promise._settlePromises (https://app.dev.councilbox.com/__cypress/runner/cypress_runner.js:7182:18)]]></failure>
    </testcase>
    <testcase name="Quorum numbers (current/initial) scenario (test case 1) - current quorum 80/initial quorum 70 - 100 votes - 100 shares Navigate to the “Guest 1” and select the “Attending in person” status" time="0.0000" classname="Navigate to the “Guest 1” and select the “Attending in person” status">
      <failure message="Timed out retrying: `cy.click()` failed because this element is not visible:

`&lt;button tabindex=&quot;0&quot; class=&quot;jss2043 jss2215 jss2220 classHover &quot; type=&quot;button&quot; id=&quot;state-selector-participant-item-1&quot; style=&quot;text-transform: none; background-color: transparent; outline: 0px; cursor: pointer; box-shadow: none; height: 100%; min-width: 15px;&quot;&gt;...&lt;/button&gt;`

This element `&lt;button#state-selector-participant-item-1.jss2043.jss2215.jss2220.classHover.&gt;` is not visible because it has CSS property: `position: fixed` and it&apos;s being covered by another element:

`&lt;div class=&quot;jss2257&quot; aria-hidden=&quot;true&quot; style=&quot;opacity: 1; will-change: opacity; transition: opacity 225ms cubic-bezier(0.4, 0, 0.2, 1) 0ms;&quot;&gt;&lt;/div&gt;`

Fix this problem, or use `{force: true}` to disable error checking.

https://on.cypress.io/element-cannot-be-interacted-with" type="CypressError"><![CDATA[CypressError: Timed out retrying: `cy.click()` failed because this element is not visible:

`<button tabindex="0" class="jss2043 jss2215 jss2220 classHover " type="button" id="state-selector-participant-item-1" style="text-transform: none; background-color: transparent; outline: 0px; cursor: pointer; box-shadow: none; height: 100%; min-width: 15px;">...</button>`

This element `<button#state-selector-participant-item-1.jss2043.jss2215.jss2220.classHover.>` is not visible because it has CSS property: `position: fixed` and it's being covered by another element:

`<div class="jss2257" aria-hidden="true" style="opacity: 1; will-change: opacity; transition: opacity 225ms cubic-bezier(0.4, 0, 0.2, 1) 0ms;"></div>`

Fix this problem, or use `{force: true}` to disable error checking.

https://on.cypress.io/element-cannot-be-interacted-with
    at cypressErr (https://app.dev.councilbox.com/__cypress/runner/cypress_runner.js:146621:16)
    at cypressErrByPath (https://app.dev.councilbox.com/__cypress/runner/cypress_runner.js:146630:10)
    at Object.throwErrByPath (https://app.dev.councilbox.com/__cypress/runner/cypress_runner.js:146593:11)
    at Object.ensureVisibility (https://app.dev.councilbox.com/__cypress/runner/cypress_runner.js:137599:24)
    at runAllChecks (https://app.dev.councilbox.com/__cypress/runner/cypress_runner.js:127499:14)
    at retryActionability (https://app.dev.councilbox.com/__cypress/runner/cypress_runner.js:127542:16)
    at tryCatcher (https://app.dev.councilbox.com/__cypress/runner/cypress_runner.js:9065:23)
    at Function.Promise.attempt.Promise.try (https://app.dev.councilbox.com/__cypress/runner/cypress_runner.js:6339:29)
    at tryFn (https://app.dev.councilbox.com/__cypress/runner/cypress_runner.js:140680:21)
    at whenStable (https://app.dev.councilbox.com/__cypress/runner/cypress_runner.js:140715:12)
    at https://app.dev.councilbox.com/__cypress/runner/cypress_runner.js:140259:16
    at tryCatcher (https://app.dev.councilbox.com/__cypress/runner/cypress_runner.js:9065:23)
    at Promise._settlePromiseFromHandler (https://app.dev.councilbox.com/__cypress/runner/cypress_runner.js:7000:31)
    at Promise._settlePromise (https://app.dev.councilbox.com/__cypress/runner/cypress_runner.js:7057:18)
    at Promise._settlePromise0 (https://app.dev.councilbox.com/__cypress/runner/cypress_runner.js:7102:10)
    at Promise._settlePromises (https://app.dev.councilbox.com/__cypress/runner/cypress_runner.js:7182:18)]]></failure>
    </testcase>
    <testcase name="Quorum numbers (current/initial) scenario (test case 1) - current quorum 80/initial quorum 70 - 100 votes - 100 shares Observe the current quorum number" time="0.5360" classname="Observe the current quorum number">
    </testcase>
    <testcase name="Quorum numbers (current/initial) scenario (test case 1) - current quorum 80/initial quorum 70 - 100 votes - 100 shares Click to the “Participant D”" time="0.0000" classname="Click to the “Participant D”">
      <failure message="Timed out retrying: `cy.click()` failed because this element is not visible:

`&lt;p class=&quot;jss2233 jss2242 truncate&quot; style=&quot;font-weight: 600; width: calc(100% - 2.2em);&quot;&gt;Partici...&lt;/p&gt;`

This element `&lt;p.jss2233.jss2242.truncate&gt;` is not visible because it has CSS property: `position: fixed` and it&apos;s being covered by another element:

`&lt;h2 class=&quot;jss2233 jss2239&quot;&gt;Add guest&lt;/h2&gt;`

Fix this problem, or use `{force: true}` to disable error checking.

https://on.cypress.io/element-cannot-be-interacted-with" type="CypressError"><![CDATA[CypressError: Timed out retrying: `cy.click()` failed because this element is not visible:

`<p class="jss2233 jss2242 truncate" style="font-weight: 600; width: calc(100% - 2.2em);">Partici...</p>`

This element `<p.jss2233.jss2242.truncate>` is not visible because it has CSS property: `position: fixed` and it's being covered by another element:

`<h2 class="jss2233 jss2239">Add guest</h2>`

Fix this problem, or use `{force: true}` to disable error checking.

https://on.cypress.io/element-cannot-be-interacted-with
    at cypressErr (https://app.dev.councilbox.com/__cypress/runner/cypress_runner.js:146621:16)
    at cypressErrByPath (https://app.dev.councilbox.com/__cypress/runner/cypress_runner.js:146630:10)
    at Object.throwErrByPath (https://app.dev.councilbox.com/__cypress/runner/cypress_runner.js:146593:11)
    at Object.ensureVisibility (https://app.dev.councilbox.com/__cypress/runner/cypress_runner.js:137599:24)
    at runAllChecks (https://app.dev.councilbox.com/__cypress/runner/cypress_runner.js:127499:14)
    at retryActionability (https://app.dev.councilbox.com/__cypress/runner/cypress_runner.js:127542:16)
    at tryCatcher (https://app.dev.councilbox.com/__cypress/runner/cypress_runner.js:9065:23)
    at Function.Promise.attempt.Promise.try (https://app.dev.councilbox.com/__cypress/runner/cypress_runner.js:6339:29)
    at tryFn (https://app.dev.councilbox.com/__cypress/runner/cypress_runner.js:140680:21)
    at whenStable (https://app.dev.councilbox.com/__cypress/runner/cypress_runner.js:140715:12)
    at https://app.dev.councilbox.com/__cypress/runner/cypress_runner.js:140259:16
    at tryCatcher (https://app.dev.councilbox.com/__cypress/runner/cypress_runner.js:9065:23)
    at Promise._settlePromiseFromHandler (https://app.dev.councilbox.com/__cypress/runner/cypress_runner.js:7000:31)
    at Promise._settlePromise (https://app.dev.councilbox.com/__cypress/runner/cypress_runner.js:7057:18)
    at Promise._settlePromise0 (https://app.dev.councilbox.com/__cypress/runner/cypress_runner.js:7102:10)
    at Promise._settlePromises (https://app.dev.councilbox.com/__cypress/runner/cypress_runner.js:7182:18)]]></failure>
    </testcase>
    <testcase name="Quorum numbers (current/initial) scenario (test case 1) - current quorum 80/initial quorum 70 - 100 votes - 100 shares Click on the “Delegate vote” button then choose the “Participant B” and click on it" time="0.0000" classname="Click on the “Delegate vote” button then choose the “Participant B” and click on it">
      <failure message="Timed out retrying: Expected to find element: `participant-editor-delegate-vote-button`, but never found it." type="AssertionError"><![CDATA[AssertionError: Timed out retrying: Expected to find element: `participant-editor-delegate-vote-button`, but never found it.
    at ensureExistence (https://app.dev.councilbox.com/__cypress/runner/cypress_runner.js:137673:32)
    at Object.ensureElExistence (https://app.dev.councilbox.com/__cypress/runner/cypress_runner.js:137691:12)
    at ensureExistence (https://app.dev.councilbox.com/__cypress/runner/cypress_runner.js:127867:23)
    at onFailFn (https://app.dev.councilbox.com/__cypress/runner/cypress_runner.js:127905:9)
    at tryCatcher (https://app.dev.councilbox.com/__cypress/runner/cypress_runner.js:9065:23)
    at Promise._settlePromiseFromHandler (https://app.dev.councilbox.com/__cypress/runner/cypress_runner.js:7000:31)
    at Promise._settlePromise (https://app.dev.councilbox.com/__cypress/runner/cypress_runner.js:7057:18)
    at Promise._settlePromise0 (https://app.dev.councilbox.com/__cypress/runner/cypress_runner.js:7102:10)
    at Promise._settlePromises (https://app.dev.councilbox.com/__cypress/runner/cypress_runner.js:7178:18)
    at _drainQueueStep (https://app.dev.councilbox.com/__cypress/runner/cypress_runner.js:3772:12)
    at _drainQueue (https://app.dev.councilbox.com/__cypress/runner/cypress_runner.js:3765:9)
    at Async.../../node_modules/bluebird/js/release/async.js.Async._drainQueues (https://app.dev.councilbox.com/__cypress/runner/cypress_runner.js:3781:5)
    at Async.drainQueues (https://app.dev.councilbox.com/__cypress/runner/cypress_runner.js:3651:14)]]></failure>
    </testcase>
    <testcase name="Quorum numbers (current/initial) scenario (test case 1) - current quorum 80/initial quorum 70 - 100 votes - 100 shares Click on the “Participant B” and observe the total votes" time="0.0000" classname="Click on the “Participant B” and observe the total votes">
      <failure message="Timed out retrying: `cy.click()` failed because this element is not visible:

`&lt;p class=&quot;jss2233 jss2242 truncate&quot; style=&quot;font-weight: 600; width: calc(100% - 2.2em);&quot;&gt;Partici...&lt;/p&gt;`

This element `&lt;p.jss2233.jss2242.truncate&gt;` is not visible because it has CSS property: `position: fixed` and it&apos;s being covered by another element:

`&lt;div class=&quot;jss2086 jss2116 jss2140 jss2153&quot;&gt;...&lt;/div&gt;`

Fix this problem, or use `{force: true}` to disable error checking.

https://on.cypress.io/element-cannot-be-interacted-with" type="CypressError"><![CDATA[CypressError: Timed out retrying: `cy.click()` failed because this element is not visible:

`<p class="jss2233 jss2242 truncate" style="font-weight: 600; width: calc(100% - 2.2em);">Partici...</p>`

This element `<p.jss2233.jss2242.truncate>` is not visible because it has CSS property: `position: fixed` and it's being covered by another element:

`<div class="jss2086 jss2116 jss2140 jss2153">...</div>`

Fix this problem, or use `{force: true}` to disable error checking.

https://on.cypress.io/element-cannot-be-interacted-with
    at cypressErr (https://app.dev.councilbox.com/__cypress/runner/cypress_runner.js:146621:16)
    at cypressErrByPath (https://app.dev.councilbox.com/__cypress/runner/cypress_runner.js:146630:10)
    at Object.throwErrByPath (https://app.dev.councilbox.com/__cypress/runner/cypress_runner.js:146593:11)
    at Object.ensureVisibility (https://app.dev.councilbox.com/__cypress/runner/cypress_runner.js:137599:24)
    at runAllChecks (https://app.dev.councilbox.com/__cypress/runner/cypress_runner.js:127499:14)
    at retryActionability (https://app.dev.councilbox.com/__cypress/runner/cypress_runner.js:127542:16)
    at tryCatcher (https://app.dev.councilbox.com/__cypress/runner/cypress_runner.js:9065:23)
    at Function.Promise.attempt.Promise.try (https://app.dev.councilbox.com/__cypress/runner/cypress_runner.js:6339:29)
    at tryFn (https://app.dev.councilbox.com/__cypress/runner/cypress_runner.js:140680:21)
    at whenStable (https://app.dev.councilbox.com/__cypress/runner/cypress_runner.js:140715:12)
    at https://app.dev.councilbox.com/__cypress/runner/cypress_runner.js:140259:16
    at tryCatcher (https://app.dev.councilbox.com/__cypress/runner/cypress_runner.js:9065:23)
    at Promise._settlePromiseFromHandler (https://app.dev.councilbox.com/__cypress/runner/cypress_runner.js:7000:31)
    at Promise._settlePromise (https://app.dev.councilbox.com/__cypress/runner/cypress_runner.js:7057:18)
    at Promise._settlePromise0 (https://app.dev.councilbox.com/__cypress/runner/cypress_runner.js:7102:10)
    at Promise._settlePromises (https://app.dev.councilbox.com/__cypress/runner/cypress_runner.js:7182:18)]]></failure>
    </testcase>
    <testcase name="Quorum numbers (current/initial) scenario (test case 1) - current quorum 80/initial quorum 70 - 100 votes - 100 shares Click on the “Participant B” and select the “Attending in person” status" time="0.0000" classname="Click on the “Participant B” and select the “Attending in person” status">
      <failure message="Timed out retrying: `cy.click()` failed because this element is not visible:

`&lt;button tabindex=&quot;0&quot; class=&quot;jss2043 jss2215 jss2220 classHover &quot; type=&quot;button&quot; id=&quot;state-selector-participant-item-2&quot; style=&quot;text-transform: none; background-color: transparent; outline: 0px; cursor: pointer; box-shadow: none; height: 100%; min-width: 15px;&quot;&gt;...&lt;/button&gt;`

This element `&lt;button#state-selector-participant-item-2.jss2043.jss2215.jss2220.classHover.&gt;` is not visible because it has CSS property: `position: fixed` and it&apos;s being covered by another element:

`&lt;div class=&quot;jss2257&quot; aria-hidden=&quot;true&quot; style=&quot;opacity: 1; will-change: opacity; transition: opacity 225ms cubic-bezier(0.4, 0, 0.2, 1) 0ms;&quot;&gt;&lt;/div&gt;`

Fix this problem, or use `{force: true}` to disable error checking.

https://on.cypress.io/element-cannot-be-interacted-with" type="CypressError"><![CDATA[CypressError: Timed out retrying: `cy.click()` failed because this element is not visible:

`<button tabindex="0" class="jss2043 jss2215 jss2220 classHover " type="button" id="state-selector-participant-item-2" style="text-transform: none; background-color: transparent; outline: 0px; cursor: pointer; box-shadow: none; height: 100%; min-width: 15px;">...</button>`

This element `<button#state-selector-participant-item-2.jss2043.jss2215.jss2220.classHover.>` is not visible because it has CSS property: `position: fixed` and it's being covered by another element:

`<div class="jss2257" aria-hidden="true" style="opacity: 1; will-change: opacity; transition: opacity 225ms cubic-bezier(0.4, 0, 0.2, 1) 0ms;"></div>`

Fix this problem, or use `{force: true}` to disable error checking.

https://on.cypress.io/element-cannot-be-interacted-with
    at cypressErr (https://app.dev.councilbox.com/__cypress/runner/cypress_runner.js:146621:16)
    at cypressErrByPath (https://app.dev.councilbox.com/__cypress/runner/cypress_runner.js:146630:10)
    at Object.throwErrByPath (https://app.dev.councilbox.com/__cypress/runner/cypress_runner.js:146593:11)
    at Object.ensureVisibility (https://app.dev.councilbox.com/__cypress/runner/cypress_runner.js:137599:24)
    at runAllChecks (https://app.dev.councilbox.com/__cypress/runner/cypress_runner.js:127499:14)
    at retryActionability (https://app.dev.councilbox.com/__cypress/runner/cypress_runner.js:127542:16)
    at tryCatcher (https://app.dev.councilbox.com/__cypress/runner/cypress_runner.js:9065:23)
    at Function.Promise.attempt.Promise.try (https://app.dev.councilbox.com/__cypress/runner/cypress_runner.js:6339:29)
    at tryFn (https://app.dev.councilbox.com/__cypress/runner/cypress_runner.js:140680:21)
    at whenStable (https://app.dev.councilbox.com/__cypress/runner/cypress_runner.js:140715:12)
    at https://app.dev.councilbox.com/__cypress/runner/cypress_runner.js:140259:16
    at tryCatcher (https://app.dev.councilbox.com/__cypress/runner/cypress_runner.js:9065:23)
    at Promise._settlePromiseFromHandler (https://app.dev.councilbox.com/__cypress/runner/cypress_runner.js:7000:31)
    at Promise._settlePromise (https://app.dev.councilbox.com/__cypress/runner/cypress_runner.js:7057:18)
    at Promise._settlePromise0 (https://app.dev.councilbox.com/__cypress/runner/cypress_runner.js:7102:10)
    at Promise._settlePromises (https://app.dev.councilbox.com/__cypress/runner/cypress_runner.js:7182:18)]]></failure>
    </testcase>
    <testcase name="Quorum numbers (current/initial) scenario (test case 1) - current quorum 80/initial quorum 70 - 100 votes - 100 shares Observe the current quorum number on the top right side of the page" time="0.0000" classname="Observe the current quorum number on the top right side of the page">
      <failure message="Timed out retrying: expected &apos;&lt;span#live-current-quorum&gt;&apos; to have text &apos;30&apos;, but the text was &apos;0&apos;" type="AssertionError"><![CDATA[AssertionError: Timed out retrying: expected '<span#live-current-quorum>' to have text '30', but the text was '0'
    at applyChainer (https://app.dev.councilbox.com/__cypress/runner/cypress_runner.js:131898:32)
    at https://app.dev.councilbox.com/__cypress/runner/cypress_runner.js:131940:16
    at arrayReduce (https://app.dev.councilbox.com/__cypress/runner/cypress_runner.js:18578:21)
    at Function.reduce (https://app.dev.councilbox.com/__cypress/runner/cypress_runner.js:27576:14)
    at applyChainers (https://app.dev.councilbox.com/__cypress/runner/cypress_runner.js:131929:22)
    at tryCatcher (https://app.dev.councilbox.com/__cypress/runner/cypress_runner.js:9065:23)
    at Function.Promise.attempt.Promise.try (https://app.dev.councilbox.com/__cypress/runner/cypress_runner.js:6339:29)
    at Context.shouldFn (https://app.dev.councilbox.com/__cypress/runner/cypress_runner.js:131946:26)
    at Context.should (https://app.dev.councilbox.com/__cypress/runner/cypress_runner.js:131964:23)
    at https://app.dev.councilbox.com/__cypress/runner/cypress_runner.js:127819:39
    at assertions (https://app.dev.councilbox.com/__cypress/runner/cypress_runner.js:128079:14)
    at tryCatcher (https://app.dev.councilbox.com/__cypress/runner/cypress_runner.js:9065:23)
    at Object.gotValue (https://app.dev.councilbox.com/__cypress/runner/cypress_runner.js:8209:18)
    at Object.gotAccum (https://app.dev.councilbox.com/__cypress/runner/cypress_runner.js:8196:25)
    at Object.tryCatcher (https://app.dev.councilbox.com/__cypress/runner/cypress_runner.js:9065:23)
    at Promise._settlePromiseFromHandler (https://app.dev.councilbox.com/__cypress/runner/cypress_runner.js:7000:31)]]></failure>
    </testcase>
  </testsuite>
</testsuites>