<?xml version="1.0" encoding="UTF-8"?>
<testsuites name="Mocha Tests" time="169.1650" tests="44" failures="4">
  <testsuite name="Root Suite" timestamp="2022-01-04T16:18:48" tests="0" file="cypress\integration\1.Smoke\71.Quorum scenarios - 100 votes 100 shares.js" time="0.0000" failures="0">
  </testsuite>
  <testsuite name="Councilbox login - valid username and password" timestamp="2022-01-04T16:18:48" tests="5" time="8.6310" failures="0">
    <testcase name="Councilbox login - valid username and password Visits the Councilbox web page" time="2.6660" classname="Visits the Councilbox web page">
    </testcase>
    <testcase name="Councilbox login - valid username and password Change language to Spanish" time="1.1200" classname="Change language to Spanish">
    </testcase>
    <testcase name="Councilbox login - valid username and password Enters email address" time="0.9980" classname="Enters email address">
    </testcase>
    <testcase name="Councilbox login - valid username and password Enters password" time="0.4200" classname="Enters password">
    </testcase>
    <testcase name="Councilbox login - valid username and password Clicks login button" time="2.1300" classname="Clicks login button">
    </testcase>
  </testsuite>
  <testsuite name="Quorum numbers (current/initial) scenario (test case 1) - current quorum 80/initial quorum 70 - 100 votes - 100 shares" timestamp="2022-01-04T16:18:56" tests="39" time="160.5040" failures="4">
    <testcase name="Quorum numbers (current/initial) scenario (test case 1) - current quorum 80/initial quorum 70 - 100 votes - 100 shares Click on the “Censuses” button" time="0.5960" classname="Click on the “Censuses” button">
    </testcase>
    <testcase name="Quorum numbers (current/initial) scenario (test case 1) - current quorum 80/initial quorum 70 - 100 votes - 100 shares Click on the “Add census” button and populate all required fields then click on the “OK” button" time="2.5240" classname="Click on the “Add census” button and populate all required fields then click on the “OK” button">
    </testcase>
    <testcase name="Quorum numbers (current/initial) scenario (test case 1) - current quorum 80/initial quorum 70 - 100 votes - 100 shares Navigate to the already added census and hover it then click on the “Manage participants” icon" time="4.1280" classname="Navigate to the already added census and hover it then click on the “Manage participants” icon">
    </testcase>
    <testcase name="Quorum numbers (current/initial) scenario (test case 1) - current quorum 80/initial quorum 70 - 100 votes - 100 shares Add participant A with 20 votes and 20 shares" time="4.5410" classname="Add participant A with 20 votes and 20 shares">
    </testcase>
    <testcase name="Quorum numbers (current/initial) scenario (test case 1) - current quorum 80/initial quorum 70 - 100 votes - 100 shares Add participant B with 10 votes and 10 shares" time="4.3520" classname="Add participant B with 10 votes and 10 shares">
    </testcase>
    <testcase name="Quorum numbers (current/initial) scenario (test case 1) - current quorum 80/initial quorum 70 - 100 votes - 100 shares Add participant C with 10 votes and 10 shares" time="4.2980" classname="Add participant C with 10 votes and 10 shares">
    </testcase>
    <testcase name="Quorum numbers (current/initial) scenario (test case 1) - current quorum 80/initial quorum 70 - 100 votes - 100 shares Add participant D with 20 votes and 20 shares" time="4.2670" classname="Add participant D with 20 votes and 20 shares">
    </testcase>
    <testcase name="Quorum numbers (current/initial) scenario (test case 1) - current quorum 80/initial quorum 70 - 100 votes - 100 shares Add participant E with 10 votes and 10 shares" time="4.2950" classname="Add participant E with 10 votes and 10 shares">
    </testcase>
    <testcase name="Quorum numbers (current/initial) scenario (test case 1) - current quorum 80/initial quorum 70 - 100 votes - 100 shares Add participant F with 10 votes and 10 shares”" time="4.2540" classname="Add participant F with 10 votes and 10 shares”">
    </testcase>
    <testcase name="Quorum numbers (current/initial) scenario (test case 1) - current quorum 80/initial quorum 70 - 100 votes - 100 shares Add participant G with 5 votes and 5 shares" time="4.2730" classname="Add participant G with 5 votes and 5 shares">
    </testcase>
    <testcase name="Quorum numbers (current/initial) scenario (test case 1) - current quorum 80/initial quorum 70 - 100 votes - 100 shares Add participant H with 5 votes and 5 shares" time="4.2420" classname="Add participant H with 5 votes and 5 shares">
    </testcase>
    <testcase name="Quorum numbers (current/initial) scenario (test case 1) - current quorum 80/initial quorum 70 - 100 votes - 100 shares Add participant I with 10 votes and 10 shares" time="4.2700" classname="Add participant I with 10 votes and 10 shares">
    </testcase>
    <testcase name="Quorum numbers (current/initial) scenario (test case 1) - current quorum 80/initial quorum 70 - 100 votes - 100 shares Observe the total number of votes and shares" time="0.5340" classname="Observe the total number of votes and shares">
    </testcase>
    <testcase name="Quorum numbers (current/initial) scenario (test case 1) - current quorum 80/initial quorum 70 - 100 votes - 100 shares Close the “Census” section and navigate to the landing page" time="6.4160" classname="Close the “Census” section and navigate to the landing page">
    </testcase>
    <testcase name="Quorum numbers (current/initial) scenario (test case 1) - current quorum 80/initial quorum 70 - 100 votes - 100 shares Click on the “New meeting” button the select the “With session” type of meeting" time="11.3920" classname="Click on the “New meeting” button the select the “With session” type of meeting">
    </testcase>
    <testcase name="Quorum numbers (current/initial) scenario (test case 1) - current quorum 80/initial quorum 70 - 100 votes - 100 shares Populate all required fields and click on the “Next” button" time="1.4250" classname="Populate all required fields and click on the “Next” button">
    </testcase>
    <testcase name="Quorum numbers (current/initial) scenario (test case 1) - current quorum 80/initial quorum 70 - 100 votes - 100 shares Navigate to the “Current census” on the top left corner and click on the field to select the census" time="0.2320" classname="Navigate to the “Current census” on the top left corner and click on the field to select the census">
    </testcase>
    <testcase name="Quorum numbers (current/initial) scenario (test case 1) - current quorum 80/initial quorum 70 - 100 votes - 100 shares Select the census you added before (with 9 participants - 100 votes and 100 shares)" time="0.3870" classname="Select the census you added before (with 9 participants - 100 votes and 100 shares)">
    </testcase>
    <testcase name="Quorum numbers (current/initial) scenario (test case 1) - current quorum 80/initial quorum 70 - 100 votes - 100 shares Click on the “Yes, I want to change the census” button" time="0.4410" classname="Click on the “Yes, I want to change the census” button">
    </testcase>
    <testcase name="Quorum numbers (current/initial) scenario (test case 1) - current quorum 80/initial quorum 70 - 100 votes - 100 shares Click on the “Next” button" time="1.6800" classname="Click on the “Next” button">
    </testcase>
    <testcase name="Quorum numbers (current/initial) scenario (test case 1) - current quorum 80/initial quorum 70 - 100 votes - 100 shares Add item to agenda" time="1.8180" classname="Add item to agenda">
    </testcase>
    <testcase name="Quorum numbers (current/initial) scenario (test case 1) - current quorum 80/initial quorum 70 - 100 votes - 100 shares Click on the “Next” button" time="1.1440" classname="Click on the “Next” button">
    </testcase>
    <testcase name="Quorum numbers (current/initial) scenario (test case 1) - current quorum 80/initial quorum 70 - 100 votes - 100 shares Click on the “Next” button" time="1.1310" classname="Click on the “Next” button">
    </testcase>
    <testcase name="Quorum numbers (current/initial) scenario (test case 1) - current quorum 80/initial quorum 70 - 100 votes - 100 shares Click on the “Next” button" time="4.6810" classname="Click on the “Next” button">
    </testcase>
    <testcase name="Quorum numbers (current/initial) scenario (test case 1) - current quorum 80/initial quorum 70 - 100 votes - 100 shares Click on the “Invite and notify” button then click on the “Prepare room” button" time="1.1630" classname="Click on the “Invite and notify” button then click on the “Prepare room” button">
    </testcase>
    <testcase name="Quorum numbers (current/initial) scenario (test case 1) - current quorum 80/initial quorum 70 - 100 votes - 100 shares Click on the “Open room” button then click on the “Open room” button" time="10.1220" classname="Click on the “Open room” button then click on the “Open room” button">
    </testcase>
    <testcase name="Quorum numbers (current/initial) scenario (test case 1) - current quorum 80/initial quorum 70 - 100 votes - 100 shares Click on the “Participants” button" time="1.2300" classname="Click on the “Participants” button">
    </testcase>
    <testcase name="Quorum numbers (current/initial) scenario (test case 1) - current quorum 80/initial quorum 70 - 100 votes - 100 shares Click to the “Participant E”" time="3.1520" classname="Click to the “Participant E”">
    </testcase>
    <testcase name="Quorum numbers (current/initial) scenario (test case 1) - current quorum 80/initial quorum 70 - 100 votes - 100 shares Click on the “Delegate vote” button then choose the “Participant B” and click on it”" time="5.5760" classname="Click on the “Delegate vote” button then choose the “Participant B” and click on it”">
    </testcase>
    <testcase name="Quorum numbers (current/initial) scenario (test case 1) - current quorum 80/initial quorum 70 - 100 votes - 100 shares Click on the “Participant B” and observe the total votes”" time="4.7120" classname="Click on the “Participant B” and observe the total votes”">
    </testcase>
    <testcase name="Quorum numbers (current/initial) scenario (test case 1) - current quorum 80/initial quorum 70 - 100 votes - 100 shares Click on the “Participant B” and select the “Attending in person” status" time="2.3700" classname="Click on the “Participant B” and select the “Attending in person” status">
    </testcase>
    <testcase name="Quorum numbers (current/initial) scenario (test case 1) - current quorum 80/initial quorum 70 - 100 votes - 100 shares Observe the current quorum number on the top right side of the page”" time="0.0000" classname="Observe the current quorum number on the top right side of the page”">
      <failure message="Timed out retrying: expected &apos;&lt;span#live-current-quorum&gt;&apos; to have text &apos;20&apos;, but the text was &apos;5&apos;" type="AssertionError"><![CDATA[AssertionError: Timed out retrying: expected '<span#live-current-quorum>' to have text '20', but the text was '5'
    at applyChainer (https://app.dev.councilbox.com/__cypress/runner/cypress_runner.js:131898:32)
    at https://app.dev.councilbox.com/__cypress/runner/cypress_runner.js:131940:16
    at arrayReduce (https://app.dev.councilbox.com/__cypress/runner/cypress_runner.js:18578:21)
    at Function.reduce (https://app.dev.councilbox.com/__cypress/runner/cypress_runner.js:27576:14)
    at applyChainers (https://app.dev.councilbox.com/__cypress/runner/cypress_runner.js:131929:22)
    at tryCatcher (https://app.dev.councilbox.com/__cypress/runner/cypress_runner.js:9065:23)
    at Function.Promise.attempt.Promise.try (https://app.dev.councilbox.com/__cypress/runner/cypress_runner.js:6339:29)
    at Context.shouldFn (https://app.dev.councilbox.com/__cypress/runner/cypress_runner.js:131946:26)
    at Context.should (https://app.dev.councilbox.com/__cypress/runner/cypress_runner.js:131964:23)
    at https://app.dev.councilbox.com/__cypress/runner/cypress_runner.js:127819:39
    at assertions (https://app.dev.councilbox.com/__cypress/runner/cypress_runner.js:128079:14)
    at tryCatcher (https://app.dev.councilbox.com/__cypress/runner/cypress_runner.js:9065:23)
    at Object.gotValue (https://app.dev.councilbox.com/__cypress/runner/cypress_runner.js:8209:18)
    at Object.gotAccum (https://app.dev.councilbox.com/__cypress/runner/cypress_runner.js:8196:25)
    at Object.tryCatcher (https://app.dev.councilbox.com/__cypress/runner/cypress_runner.js:9065:23)
    at Promise._settlePromiseFromHandler (https://app.dev.councilbox.com/__cypress/runner/cypress_runner.js:7000:31)]]></failure>
    </testcase>
    <testcase name="Quorum numbers (current/initial) scenario (test case 1) - current quorum 80/initial quorum 70 - 100 votes - 100 shares Click on the “Participant D” button" time="1.1530" classname="Click on the “Participant D” button">
    </testcase>
    <testcase name="Quorum numbers (current/initial) scenario (test case 1) - current quorum 80/initial quorum 70 - 100 votes - 100 shares Click on the “Vote early” button and select the option you want" time="0.0190" classname="Click on the “Vote early” button and select the option you want">
    </testcase>
    <testcase name="Quorum numbers (current/initial) scenario (test case 1) - current quorum 80/initial quorum 70 - 100 votes - 100 shares Observe the current quorum number on the top right side of the page”" time="0.0000" classname="Observe the current quorum number on the top right side of the page”">
      <failure message="Timed out retrying: expected &apos;&lt;span#live-current-quorum&gt;&apos; to have text &apos;40&apos;, but the text was &apos;5&apos;" type="AssertionError"><![CDATA[AssertionError: Timed out retrying: expected '<span#live-current-quorum>' to have text '40', but the text was '5'
    at applyChainer (https://app.dev.councilbox.com/__cypress/runner/cypress_runner.js:131898:32)
    at https://app.dev.councilbox.com/__cypress/runner/cypress_runner.js:131940:16
    at arrayReduce (https://app.dev.councilbox.com/__cypress/runner/cypress_runner.js:18578:21)
    at Function.reduce (https://app.dev.councilbox.com/__cypress/runner/cypress_runner.js:27576:14)
    at applyChainers (https://app.dev.councilbox.com/__cypress/runner/cypress_runner.js:131929:22)
    at tryCatcher (https://app.dev.councilbox.com/__cypress/runner/cypress_runner.js:9065:23)
    at Function.Promise.attempt.Promise.try (https://app.dev.councilbox.com/__cypress/runner/cypress_runner.js:6339:29)
    at Context.shouldFn (https://app.dev.councilbox.com/__cypress/runner/cypress_runner.js:131946:26)
    at Context.should (https://app.dev.councilbox.com/__cypress/runner/cypress_runner.js:131964:23)
    at https://app.dev.councilbox.com/__cypress/runner/cypress_runner.js:127819:39
    at assertions (https://app.dev.councilbox.com/__cypress/runner/cypress_runner.js:128079:14)
    at tryCatcher (https://app.dev.councilbox.com/__cypress/runner/cypress_runner.js:9065:23)
    at Object.gotValue (https://app.dev.councilbox.com/__cypress/runner/cypress_runner.js:8209:18)
    at Object.gotAccum (https://app.dev.councilbox.com/__cypress/runner/cypress_runner.js:8196:25)
    at Object.tryCatcher (https://app.dev.councilbox.com/__cypress/runner/cypress_runner.js:9065:23)
    at Promise._settlePromiseFromHandler (https://app.dev.councilbox.com/__cypress/runner/cypress_runner.js:7000:31)]]></failure>
    </testcase>
    <testcase name="Quorum numbers (current/initial) scenario (test case 1) - current quorum 80/initial quorum 70 - 100 votes - 100 shares Click to the “Participant C”" time="0.0000" classname="Click to the “Participant C”">
      <failure message="Timed out retrying: `cy.click()` failed because this element is not visible:

`&lt;p class=&quot;jss2227 jss2236 truncate&quot; style=&quot;font-weight: 600; width: calc(100% - 2.2em);&quot;&gt;Partici...&lt;/p&gt;`

This element `&lt;p.jss2227.jss2236.truncate&gt;` is not visible because it has CSS property: `position: fixed` and it&apos;s being covered by another element:

`&lt;div class=&quot;jss2079 jss2100&quot; style=&quot;box-shadow: rgba(0, 0, 0, 0.5) 0px 2px 4px 0px; border: 1px solid rgb(97, 171, 183); border-radius: 4px; padding: 1em;&quot;&gt;...&lt;/div&gt;`

Fix this problem, or use `{force: true}` to disable error checking.

https://on.cypress.io/element-cannot-be-interacted-with" type="CypressError"><![CDATA[CypressError: Timed out retrying: `cy.click()` failed because this element is not visible:

`<p class="jss2227 jss2236 truncate" style="font-weight: 600; width: calc(100% - 2.2em);">Partici...</p>`

This element `<p.jss2227.jss2236.truncate>` is not visible because it has CSS property: `position: fixed` and it's being covered by another element:

`<div class="jss2079 jss2100" style="box-shadow: rgba(0, 0, 0, 0.5) 0px 2px 4px 0px; border: 1px solid rgb(97, 171, 183); border-radius: 4px; padding: 1em;">...</div>`

Fix this problem, or use `{force: true}` to disable error checking.

https://on.cypress.io/element-cannot-be-interacted-with
    at cypressErr (https://app.dev.councilbox.com/__cypress/runner/cypress_runner.js:146621:16)
    at cypressErrByPath (https://app.dev.councilbox.com/__cypress/runner/cypress_runner.js:146630:10)
    at Object.throwErrByPath (https://app.dev.councilbox.com/__cypress/runner/cypress_runner.js:146593:11)
    at Object.ensureVisibility (https://app.dev.councilbox.com/__cypress/runner/cypress_runner.js:137599:24)
    at runAllChecks (https://app.dev.councilbox.com/__cypress/runner/cypress_runner.js:127499:14)
    at retryActionability (https://app.dev.councilbox.com/__cypress/runner/cypress_runner.js:127542:16)
    at tryCatcher (https://app.dev.councilbox.com/__cypress/runner/cypress_runner.js:9065:23)
    at Function.Promise.attempt.Promise.try (https://app.dev.councilbox.com/__cypress/runner/cypress_runner.js:6339:29)
    at tryFn (https://app.dev.councilbox.com/__cypress/runner/cypress_runner.js:140680:21)
    at whenStable (https://app.dev.councilbox.com/__cypress/runner/cypress_runner.js:140715:12)
    at https://app.dev.councilbox.com/__cypress/runner/cypress_runner.js:140259:16
    at tryCatcher (https://app.dev.councilbox.com/__cypress/runner/cypress_runner.js:9065:23)
    at Promise._settlePromiseFromHandler (https://app.dev.councilbox.com/__cypress/runner/cypress_runner.js:7000:31)
    at Promise._settlePromise (https://app.dev.councilbox.com/__cypress/runner/cypress_runner.js:7057:18)
    at Promise._settlePromise0 (https://app.dev.councilbox.com/__cypress/runner/cypress_runner.js:7102:10)
    at Promise._settlePromises (https://app.dev.councilbox.com/__cypress/runner/cypress_runner.js:7182:18)]]></failure>
    </testcase>
    <testcase name="Quorum numbers (current/initial) scenario (test case 1) - current quorum 80/initial quorum 70 - 100 votes - 100 shares Click on the “Delegate vote” button then choose the “Participant A” and click on it”" time="5.4770" classname="Click on the “Delegate vote” button then choose the “Participant A” and click on it”">
    </testcase>
    <testcase name="Quorum numbers (current/initial) scenario (test case 1) - current quorum 80/initial quorum 70 - 100 votes - 100 shares Click on the “Participant A” and observe the total votes”" time="0.0000" classname="Click on the “Participant A” and observe the total votes”">
      <failure message="Timed out retrying: expected &apos;&lt;span#owned-votes-total&gt;&apos; to have text &apos;20&apos;, but the text was &apos; 20&apos;" type="AssertionError"><![CDATA[AssertionError: Timed out retrying: expected '<span#owned-votes-total>' to have text '20', but the text was ' 20'
    at applyChainer (https://app.dev.councilbox.com/__cypress/runner/cypress_runner.js:131898:32)
    at https://app.dev.councilbox.com/__cypress/runner/cypress_runner.js:131940:16
    at arrayReduce (https://app.dev.councilbox.com/__cypress/runner/cypress_runner.js:18578:21)
    at Function.reduce (https://app.dev.councilbox.com/__cypress/runner/cypress_runner.js:27576:14)
    at applyChainers (https://app.dev.councilbox.com/__cypress/runner/cypress_runner.js:131929:22)
    at tryCatcher (https://app.dev.councilbox.com/__cypress/runner/cypress_runner.js:9065:23)
    at Function.Promise.attempt.Promise.try (https://app.dev.councilbox.com/__cypress/runner/cypress_runner.js:6339:29)
    at Context.shouldFn (https://app.dev.councilbox.com/__cypress/runner/cypress_runner.js:131946:26)
    at Context.should (https://app.dev.councilbox.com/__cypress/runner/cypress_runner.js:131964:23)
    at https://app.dev.councilbox.com/__cypress/runner/cypress_runner.js:127819:39
    at assertions (https://app.dev.councilbox.com/__cypress/runner/cypress_runner.js:128079:14)
    at tryCatcher (https://app.dev.councilbox.com/__cypress/runner/cypress_runner.js:9065:23)
    at Object.gotValue (https://app.dev.councilbox.com/__cypress/runner/cypress_runner.js:8209:18)
    at Object.gotAccum (https://app.dev.councilbox.com/__cypress/runner/cypress_runner.js:8196:25)
    at Object.tryCatcher (https://app.dev.councilbox.com/__cypress/runner/cypress_runner.js:9065:23)
    at Promise._settlePromiseFromHandler (https://app.dev.councilbox.com/__cypress/runner/cypress_runner.js:7000:31)]]></failure>
    </testcase>
    <testcase name="Quorum numbers (current/initial) scenario (test case 1) - current quorum 80/initial quorum 70 - 100 votes - 100 shares Back to Home page" time="8.5250" classname="Back to Home page">
    </testcase>
  </testsuite>
</testsuites>