<?xml version="1.0" encoding="UTF-8"?>
<testsuites name="Mocha Tests" time="136.4130" tests="35" failures="33">
  <testsuite name="Root Suite" timestamp="2022-01-04T15:56:47" tests="0" file="cypress\integration\1.Smoke\6.New_Meeting(Adming Side)_section_pt2.js" time="0.0000" failures="0">
  </testsuite>
  <testsuite name="The user is able to activate ratings in the &apos;New call with session&apos;" timestamp="2022-01-04T15:56:47" tests="17" time="65.7880" failures="16">
    <testcase name="The user is able to activate ratings in the &apos;New call with session&apos; Click on the &apos;Nueva reunion&apos; button" time="0.0000" classname="Click on the &apos;Nueva reunion&apos; button">
      <failure message="Timed out retrying: Expected to find element: `#create-council-block`, but never found it." type="AssertionError"><![CDATA[AssertionError: Timed out retrying: Expected to find element: `#create-council-block`, but never found it.
    at ensureExistence (http://localhost:55943/__cypress/runner/cypress_runner.js:137673:32)
    at Object.ensureElExistence (http://localhost:55943/__cypress/runner/cypress_runner.js:137691:12)
    at ensureExistence (http://localhost:55943/__cypress/runner/cypress_runner.js:127867:23)
    at onFailFn (http://localhost:55943/__cypress/runner/cypress_runner.js:127905:9)
    at tryCatcher (http://localhost:55943/__cypress/runner/cypress_runner.js:9065:23)
    at Promise._settlePromiseFromHandler (http://localhost:55943/__cypress/runner/cypress_runner.js:7000:31)
    at Promise._settlePromise (http://localhost:55943/__cypress/runner/cypress_runner.js:7057:18)
    at Promise._settlePromise0 (http://localhost:55943/__cypress/runner/cypress_runner.js:7102:10)
    at Promise._settlePromises (http://localhost:55943/__cypress/runner/cypress_runner.js:7178:18)
    at _drainQueueStep (http://localhost:55943/__cypress/runner/cypress_runner.js:3772:12)
    at _drainQueue (http://localhost:55943/__cypress/runner/cypress_runner.js:3765:9)
    at Async.../../node_modules/bluebird/js/release/async.js.Async._drainQueues (http://localhost:55943/__cypress/runner/cypress_runner.js:3781:5)
    at Async.drainQueues (http://localhost:55943/__cypress/runner/cypress_runner.js:3651:14)]]></failure>
    </testcase>
    <testcase name="The user is able to activate ratings in the &apos;New call with session&apos; Click on the “Con sesion” button" time="0.0000" classname="Click on the “Con sesion” button">
      <failure message="Timed out retrying: Expected to find element: `#create-council-with-session`, but never found it." type="AssertionError"><![CDATA[AssertionError: Timed out retrying: Expected to find element: `#create-council-with-session`, but never found it.
    at ensureExistence (http://localhost:55943/__cypress/runner/cypress_runner.js:137673:32)
    at Object.ensureElExistence (http://localhost:55943/__cypress/runner/cypress_runner.js:137691:12)
    at ensureExistence (http://localhost:55943/__cypress/runner/cypress_runner.js:127867:23)
    at onFailFn (http://localhost:55943/__cypress/runner/cypress_runner.js:127905:9)
    at tryCatcher (http://localhost:55943/__cypress/runner/cypress_runner.js:9065:23)
    at Promise._settlePromiseFromHandler (http://localhost:55943/__cypress/runner/cypress_runner.js:7000:31)
    at Promise._settlePromise (http://localhost:55943/__cypress/runner/cypress_runner.js:7057:18)
    at Promise._settlePromise0 (http://localhost:55943/__cypress/runner/cypress_runner.js:7102:10)
    at Promise._settlePromises (http://localhost:55943/__cypress/runner/cypress_runner.js:7178:18)
    at _drainQueueStep (http://localhost:55943/__cypress/runner/cypress_runner.js:3772:12)
    at _drainQueue (http://localhost:55943/__cypress/runner/cypress_runner.js:3765:9)
    at Async.../../node_modules/bluebird/js/release/async.js.Async._drainQueues (http://localhost:55943/__cypress/runner/cypress_runner.js:3781:5)
    at Async.drainQueues (http://localhost:55943/__cypress/runner/cypress_runner.js:3651:14)]]></failure>
    </testcase>
    <testcase name="The user is able to activate ratings in the &apos;New call with session&apos; Populate all required fields and click on the “Siguiente” button" time="0.0000" classname="Populate all required fields and click on the “Siguiente” button">
      <failure message="Timed out retrying: Expected to find element: `#council-notice-type-select`, but never found it." type="AssertionError"><![CDATA[AssertionError: Timed out retrying: Expected to find element: `#council-notice-type-select`, but never found it.
    at ensureExistence (http://localhost:55943/__cypress/runner/cypress_runner.js:137673:32)
    at Object.ensureElExistence (http://localhost:55943/__cypress/runner/cypress_runner.js:137691:12)
    at ensureExistence (http://localhost:55943/__cypress/runner/cypress_runner.js:127867:23)
    at onFailFn (http://localhost:55943/__cypress/runner/cypress_runner.js:127905:9)
    at tryCatcher (http://localhost:55943/__cypress/runner/cypress_runner.js:9065:23)
    at Promise._settlePromiseFromHandler (http://localhost:55943/__cypress/runner/cypress_runner.js:7000:31)
    at Promise._settlePromise (http://localhost:55943/__cypress/runner/cypress_runner.js:7057:18)
    at Promise._settlePromise0 (http://localhost:55943/__cypress/runner/cypress_runner.js:7102:10)
    at Promise._settlePromises (http://localhost:55943/__cypress/runner/cypress_runner.js:7178:18)
    at _drainQueueStep (http://localhost:55943/__cypress/runner/cypress_runner.js:3772:12)
    at _drainQueue (http://localhost:55943/__cypress/runner/cypress_runner.js:3765:9)
    at Async.../../node_modules/bluebird/js/release/async.js.Async._drainQueues (http://localhost:55943/__cypress/runner/cypress_runner.js:3781:5)
    at Async.drainQueues (http://localhost:55943/__cypress/runner/cypress_runner.js:3651:14)]]></failure>
    </testcase>
    <testcase name="The user is able to activate ratings in the &apos;New call with session&apos; Click on the &apos;Anadir participante&apos; button and populate all required fields then click on the “Siguiente” button" time="0.0000" classname="Click on the &apos;Anadir participante&apos; button and populate all required fields then click on the “Siguiente” button">
      <failure message="Timed out retrying: Expected to find element: `#add-participant-dropdown-trigger`, but never found it." type="AssertionError"><![CDATA[AssertionError: Timed out retrying: Expected to find element: `#add-participant-dropdown-trigger`, but never found it.
    at ensureExistence (http://localhost:55943/__cypress/runner/cypress_runner.js:137673:32)
    at Object.ensureElExistence (http://localhost:55943/__cypress/runner/cypress_runner.js:137691:12)
    at ensureExistence (http://localhost:55943/__cypress/runner/cypress_runner.js:127867:23)
    at onFailFn (http://localhost:55943/__cypress/runner/cypress_runner.js:127905:9)
    at tryCatcher (http://localhost:55943/__cypress/runner/cypress_runner.js:9065:23)
    at Promise._settlePromiseFromHandler (http://localhost:55943/__cypress/runner/cypress_runner.js:7000:31)
    at Promise._settlePromise (http://localhost:55943/__cypress/runner/cypress_runner.js:7057:18)
    at Promise._settlePromise0 (http://localhost:55943/__cypress/runner/cypress_runner.js:7102:10)
    at Promise._settlePromises (http://localhost:55943/__cypress/runner/cypress_runner.js:7178:18)
    at _drainQueueStep (http://localhost:55943/__cypress/runner/cypress_runner.js:3772:12)
    at _drainQueue (http://localhost:55943/__cypress/runner/cypress_runner.js:3765:9)
    at Async.../../node_modules/bluebird/js/release/async.js.Async._drainQueues (http://localhost:55943/__cypress/runner/cypress_runner.js:3781:5)
    at Async.drainQueues (http://localhost:55943/__cypress/runner/cypress_runner.js:3651:14)]]></failure>
    </testcase>
    <testcase name="The user is able to activate ratings in the &apos;New call with session&apos; Click on the “Anadir punto al orden del dia+” button" time="0.0000" classname="Click on the “Anadir punto al orden del dia+” button">
      <failure message="Timed out retrying: Expected to find element: `#newPuntoDelDiaOrdenDelDiaNew`, but never found it." type="AssertionError"><![CDATA[AssertionError: Timed out retrying: Expected to find element: `#newPuntoDelDiaOrdenDelDiaNew`, but never found it.
    at ensureExistence (http://localhost:55943/__cypress/runner/cypress_runner.js:137673:32)
    at Object.ensureElExistence (http://localhost:55943/__cypress/runner/cypress_runner.js:137691:12)
    at ensureExistence (http://localhost:55943/__cypress/runner/cypress_runner.js:127867:23)
    at onFailFn (http://localhost:55943/__cypress/runner/cypress_runner.js:127905:9)
    at tryCatcher (http://localhost:55943/__cypress/runner/cypress_runner.js:9065:23)
    at Promise._settlePromiseFromHandler (http://localhost:55943/__cypress/runner/cypress_runner.js:7000:31)
    at Promise._settlePromise (http://localhost:55943/__cypress/runner/cypress_runner.js:7057:18)
    at Promise._settlePromise0 (http://localhost:55943/__cypress/runner/cypress_runner.js:7102:10)
    at Promise._settlePromises (http://localhost:55943/__cypress/runner/cypress_runner.js:7178:18)
    at _drainQueueStep (http://localhost:55943/__cypress/runner/cypress_runner.js:3772:12)
    at _drainQueue (http://localhost:55943/__cypress/runner/cypress_runner.js:3765:9)
    at Async.../../node_modules/bluebird/js/release/async.js.Async._drainQueues (http://localhost:55943/__cypress/runner/cypress_runner.js:3781:5)
    at Async.drainQueues (http://localhost:55943/__cypress/runner/cypress_runner.js:3651:14)]]></failure>
    </testcase>
    <testcase name="The user is able to activate ratings in the &apos;New call with session&apos; Click on the “Punto Si/no abstencion” button and populate “Title” field then choose “Votacio nominal” tipo and click on the “Aceptar” button then click on the “Siguiente” button" time="0.0000" classname="Click on the “Punto Si/no abstencion” button and populate “Title” field then choose “Votacio nominal” tipo and click on the “Aceptar” button then click on the “Siguiente” button">
      <failure message="Timed out retrying: Expected to find element: `#puntoSiNoAbstencion`, but never found it." type="AssertionError"><![CDATA[AssertionError: Timed out retrying: Expected to find element: `#puntoSiNoAbstencion`, but never found it.
    at ensureExistence (http://localhost:55943/__cypress/runner/cypress_runner.js:137673:32)
    at Object.ensureElExistence (http://localhost:55943/__cypress/runner/cypress_runner.js:137691:12)
    at ensureExistence (http://localhost:55943/__cypress/runner/cypress_runner.js:127867:23)
    at onFailFn (http://localhost:55943/__cypress/runner/cypress_runner.js:127905:9)
    at tryCatcher (http://localhost:55943/__cypress/runner/cypress_runner.js:9065:23)
    at Promise._settlePromiseFromHandler (http://localhost:55943/__cypress/runner/cypress_runner.js:7000:31)
    at Promise._settlePromise (http://localhost:55943/__cypress/runner/cypress_runner.js:7057:18)
    at Promise._settlePromise0 (http://localhost:55943/__cypress/runner/cypress_runner.js:7102:10)
    at Promise._settlePromises (http://localhost:55943/__cypress/runner/cypress_runner.js:7178:18)
    at _drainQueueStep (http://localhost:55943/__cypress/runner/cypress_runner.js:3772:12)
    at _drainQueue (http://localhost:55943/__cypress/runner/cypress_runner.js:3765:9)
    at Async.../../node_modules/bluebird/js/release/async.js.Async._drainQueues (http://localhost:55943/__cypress/runner/cypress_runner.js:3781:5)
    at Async.drainQueues (http://localhost:55943/__cypress/runner/cypress_runner.js:3651:14)]]></failure>
    </testcase>
    <testcase name="The user is able to activate ratings in the &apos;New call with session&apos; Populate all required fields and click on the “Siguiente” button" time="0.0000" classname="Populate all required fields and click on the “Siguiente” button">
      <failure message="Timed out retrying: Expected to find element: `#council-options-contact-email`, but never found it." type="AssertionError"><![CDATA[AssertionError: Timed out retrying: Expected to find element: `#council-options-contact-email`, but never found it.
    at ensureExistence (http://localhost:55943/__cypress/runner/cypress_runner.js:137673:32)
    at Object.ensureElExistence (http://localhost:55943/__cypress/runner/cypress_runner.js:137691:12)
    at ensureExistence (http://localhost:55943/__cypress/runner/cypress_runner.js:127867:23)
    at onFailFn (http://localhost:55943/__cypress/runner/cypress_runner.js:127905:9)
    at tryCatcher (http://localhost:55943/__cypress/runner/cypress_runner.js:9065:23)
    at Promise._settlePromiseFromHandler (http://localhost:55943/__cypress/runner/cypress_runner.js:7000:31)
    at Promise._settlePromise (http://localhost:55943/__cypress/runner/cypress_runner.js:7057:18)
    at Promise._settlePromise0 (http://localhost:55943/__cypress/runner/cypress_runner.js:7102:10)
    at Promise._settlePromises (http://localhost:55943/__cypress/runner/cypress_runner.js:7178:18)
    at _drainQueueStep (http://localhost:55943/__cypress/runner/cypress_runner.js:3772:12)
    at _drainQueue (http://localhost:55943/__cypress/runner/cypress_runner.js:3765:9)
    at Async.../../node_modules/bluebird/js/release/async.js.Async._drainQueues (http://localhost:55943/__cypress/runner/cypress_runner.js:3781:5)
    at Async.drainQueues (http://localhost:55943/__cypress/runner/cypress_runner.js:3651:14)]]></failure>
    </testcase>
    <testcase name="The user is able to activate ratings in the &apos;New call with session&apos; Click on the “Convocar y notificar” button" time="0.0000" classname="Click on the “Convocar y notificar” button">
      <failure message="Timed out retrying: Expected to find element: `#council-editor-convene-notify`, but never found it." type="AssertionError"><![CDATA[AssertionError: Timed out retrying: Expected to find element: `#council-editor-convene-notify`, but never found it.
    at ensureExistence (http://localhost:55943/__cypress/runner/cypress_runner.js:137673:32)
    at Object.ensureElExistence (http://localhost:55943/__cypress/runner/cypress_runner.js:137691:12)
    at ensureExistence (http://localhost:55943/__cypress/runner/cypress_runner.js:127867:23)
    at onFailFn (http://localhost:55943/__cypress/runner/cypress_runner.js:127905:9)
    at tryCatcher (http://localhost:55943/__cypress/runner/cypress_runner.js:9065:23)
    at Promise._settlePromiseFromHandler (http://localhost:55943/__cypress/runner/cypress_runner.js:7000:31)
    at Promise._settlePromise (http://localhost:55943/__cypress/runner/cypress_runner.js:7057:18)
    at Promise._settlePromise0 (http://localhost:55943/__cypress/runner/cypress_runner.js:7102:10)
    at Promise._settlePromises (http://localhost:55943/__cypress/runner/cypress_runner.js:7178:18)
    at _drainQueueStep (http://localhost:55943/__cypress/runner/cypress_runner.js:3772:12)
    at _drainQueue (http://localhost:55943/__cypress/runner/cypress_runner.js:3765:9)
    at Async.../../node_modules/bluebird/js/release/async.js.Async._drainQueues (http://localhost:55943/__cypress/runner/cypress_runner.js:3781:5)
    at Async.drainQueues (http://localhost:55943/__cypress/runner/cypress_runner.js:3651:14)]]></failure>
    </testcase>
    <testcase name="The user is able to activate ratings in the &apos;New call with session&apos; Click on the “Preparar sala” button" time="0.0000" classname="Click on the “Preparar sala” button">
      <failure message="Timed out retrying: Expected to find element: `#prepararSalaNew`, but never found it." type="AssertionError"><![CDATA[AssertionError: Timed out retrying: Expected to find element: `#prepararSalaNew`, but never found it.
    at ensureExistence (http://localhost:55943/__cypress/runner/cypress_runner.js:137673:32)
    at Object.ensureElExistence (http://localhost:55943/__cypress/runner/cypress_runner.js:137691:12)
    at ensureExistence (http://localhost:55943/__cypress/runner/cypress_runner.js:127867:23)
    at onFailFn (http://localhost:55943/__cypress/runner/cypress_runner.js:127905:9)
    at tryCatcher (http://localhost:55943/__cypress/runner/cypress_runner.js:9065:23)
    at Promise._settlePromiseFromHandler (http://localhost:55943/__cypress/runner/cypress_runner.js:7000:31)
    at Promise._settlePromise (http://localhost:55943/__cypress/runner/cypress_runner.js:7057:18)
    at Promise._settlePromise0 (http://localhost:55943/__cypress/runner/cypress_runner.js:7102:10)
    at Promise._settlePromises (http://localhost:55943/__cypress/runner/cypress_runner.js:7178:18)
    at _drainQueueStep (http://localhost:55943/__cypress/runner/cypress_runner.js:3772:12)
    at _drainQueue (http://localhost:55943/__cypress/runner/cypress_runner.js:3765:9)
    at Async.../../node_modules/bluebird/js/release/async.js.Async._drainQueues (http://localhost:55943/__cypress/runner/cypress_runner.js:3781:5)
    at Async.drainQueues (http://localhost:55943/__cypress/runner/cypress_runner.js:3651:14)]]></failure>
    </testcase>
    <testcase name="The user is able to activate ratings in the &apos;New call with session&apos; Navigate to the upper right corner and click on the “Abrir Sala” button" time="0.0000" classname="Navigate to the upper right corner and click on the “Abrir Sala” button">
      <failure message="Timed out retrying: Expected to find element: `#abrirSalaEnReunion`, but never found it." type="AssertionError"><![CDATA[AssertionError: Timed out retrying: Expected to find element: `#abrirSalaEnReunion`, but never found it.
    at ensureExistence (http://localhost:55943/__cypress/runner/cypress_runner.js:137673:32)
    at Object.ensureElExistence (http://localhost:55943/__cypress/runner/cypress_runner.js:137691:12)
    at ensureExistence (http://localhost:55943/__cypress/runner/cypress_runner.js:127867:23)
    at onFailFn (http://localhost:55943/__cypress/runner/cypress_runner.js:127905:9)
    at tryCatcher (http://localhost:55943/__cypress/runner/cypress_runner.js:9065:23)
    at Promise._settlePromiseFromHandler (http://localhost:55943/__cypress/runner/cypress_runner.js:7000:31)
    at Promise._settlePromise (http://localhost:55943/__cypress/runner/cypress_runner.js:7057:18)
    at Promise._settlePromise0 (http://localhost:55943/__cypress/runner/cypress_runner.js:7102:10)
    at Promise._settlePromises (http://localhost:55943/__cypress/runner/cypress_runner.js:7178:18)
    at _drainQueueStep (http://localhost:55943/__cypress/runner/cypress_runner.js:3772:12)
    at _drainQueue (http://localhost:55943/__cypress/runner/cypress_runner.js:3765:9)
    at Async.../../node_modules/bluebird/js/release/async.js.Async._drainQueues (http://localhost:55943/__cypress/runner/cypress_runner.js:3781:5)
    at Async.drainQueues (http://localhost:55943/__cypress/runner/cypress_runner.js:3651:14)]]></failure>
    </testcase>
    <testcase name="The user is able to activate ratings in the &apos;New call with session&apos; Populate all required fields and click on the “Aceptar” button" time="0.0000" classname="Populate all required fields and click on the “Aceptar” button">
      <failure message="Timed out retrying: Expected to find element: `#alert-confirm-button-accept`, but never found it." type="AssertionError"><![CDATA[AssertionError: Timed out retrying: Expected to find element: `#alert-confirm-button-accept`, but never found it.
    at ensureExistence (http://localhost:55943/__cypress/runner/cypress_runner.js:137673:32)
    at Object.ensureElExistence (http://localhost:55943/__cypress/runner/cypress_runner.js:137691:12)
    at ensureExistence (http://localhost:55943/__cypress/runner/cypress_runner.js:127867:23)
    at onFailFn (http://localhost:55943/__cypress/runner/cypress_runner.js:127905:9)
    at tryCatcher (http://localhost:55943/__cypress/runner/cypress_runner.js:9065:23)
    at Promise._settlePromiseFromHandler (http://localhost:55943/__cypress/runner/cypress_runner.js:7000:31)
    at Promise._settlePromise (http://localhost:55943/__cypress/runner/cypress_runner.js:7057:18)
    at Promise._settlePromise0 (http://localhost:55943/__cypress/runner/cypress_runner.js:7102:10)
    at Promise._settlePromises (http://localhost:55943/__cypress/runner/cypress_runner.js:7178:18)
    at _drainQueueStep (http://localhost:55943/__cypress/runner/cypress_runner.js:3772:12)
    at _drainQueue (http://localhost:55943/__cypress/runner/cypress_runner.js:3765:9)
    at Async.../../node_modules/bluebird/js/release/async.js.Async._drainQueues (http://localhost:55943/__cypress/runner/cypress_runner.js:3781:5)
    at Async.drainQueues (http://localhost:55943/__cypress/runner/cypress_runner.js:3651:14)]]></failure>
    </testcase>
    <testcase name="The user is able to activate ratings in the &apos;New call with session&apos; Navigate to the “Camera and microphone” form and click on the “Accept” button" time="0.0410" classname="Navigate to the “Camera and microphone” form and click on the “Accept” button">
    </testcase>
    <testcase name="The user is able to activate ratings in the &apos;New call with session&apos; Navigate to the upper right corner and click on the “Iniciar reunion” button" time="0.0000" classname="Navigate to the upper right corner and click on the “Iniciar reunion” button">
      <failure message="Timed out retrying: Expected to find element: `#start-council-button`, but never found it." type="AssertionError"><![CDATA[AssertionError: Timed out retrying: Expected to find element: `#start-council-button`, but never found it.
    at ensureExistence (http://localhost:55943/__cypress/runner/cypress_runner.js:137673:32)
    at Object.ensureElExistence (http://localhost:55943/__cypress/runner/cypress_runner.js:137691:12)
    at ensureExistence (http://localhost:55943/__cypress/runner/cypress_runner.js:127867:23)
    at onFailFn (http://localhost:55943/__cypress/runner/cypress_runner.js:127905:9)
    at tryCatcher (http://localhost:55943/__cypress/runner/cypress_runner.js:9065:23)
    at Promise._settlePromiseFromHandler (http://localhost:55943/__cypress/runner/cypress_runner.js:7000:31)
    at Promise._settlePromise (http://localhost:55943/__cypress/runner/cypress_runner.js:7057:18)
    at Promise._settlePromise0 (http://localhost:55943/__cypress/runner/cypress_runner.js:7102:10)
    at Promise._settlePromises (http://localhost:55943/__cypress/runner/cypress_runner.js:7178:18)
    at _drainQueueStep (http://localhost:55943/__cypress/runner/cypress_runner.js:3772:12)
    at _drainQueue (http://localhost:55943/__cypress/runner/cypress_runner.js:3765:9)
    at Async.../../node_modules/bluebird/js/release/async.js.Async._drainQueues (http://localhost:55943/__cypress/runner/cypress_runner.js:3781:5)
    at Async.drainQueues (http://localhost:55943/__cypress/runner/cypress_runner.js:3651:14)]]></failure>
    </testcase>
    <testcase name="The user is able to activate ratings in the &apos;New call with session&apos; Populate all required fields and click on the “Aceptar” button" time="0.0000" classname="Populate all required fields and click on the “Aceptar” button">
      <failure message="Timed out retrying: Expected to find element: `#council-president-select`, but never found it." type="AssertionError"><![CDATA[AssertionError: Timed out retrying: Expected to find element: `#council-president-select`, but never found it.
    at ensureExistence (http://localhost:55943/__cypress/runner/cypress_runner.js:137673:32)
    at Object.ensureElExistence (http://localhost:55943/__cypress/runner/cypress_runner.js:137691:12)
    at ensureExistence (http://localhost:55943/__cypress/runner/cypress_runner.js:127867:23)
    at onFailFn (http://localhost:55943/__cypress/runner/cypress_runner.js:127905:9)
    at tryCatcher (http://localhost:55943/__cypress/runner/cypress_runner.js:9065:23)
    at Promise._settlePromiseFromHandler (http://localhost:55943/__cypress/runner/cypress_runner.js:7000:31)
    at Promise._settlePromise (http://localhost:55943/__cypress/runner/cypress_runner.js:7057:18)
    at Promise._settlePromise0 (http://localhost:55943/__cypress/runner/cypress_runner.js:7102:10)
    at Promise._settlePromises (http://localhost:55943/__cypress/runner/cypress_runner.js:7178:18)
    at _drainQueueStep (http://localhost:55943/__cypress/runner/cypress_runner.js:3772:12)
    at _drainQueue (http://localhost:55943/__cypress/runner/cypress_runner.js:3765:9)
    at Async.../../node_modules/bluebird/js/release/async.js.Async._drainQueues (http://localhost:55943/__cypress/runner/cypress_runner.js:3781:5)
    at Async.drainQueues (http://localhost:55943/__cypress/runner/cypress_runner.js:3651:14)]]></failure>
    </testcase>
    <testcase name="The user is able to activate ratings in the &apos;New call with session&apos; Click on the “Abrir punto” button" time="0.0000" classname="Click on the “Abrir punto” button">
      <failure message="Timed out retrying: Expected to find element: `#council-live-tab-agenda`, but never found it." type="AssertionError"><![CDATA[AssertionError: Timed out retrying: Expected to find element: `#council-live-tab-agenda`, but never found it.
    at ensureExistence (http://localhost:55943/__cypress/runner/cypress_runner.js:137673:32)
    at Object.ensureElExistence (http://localhost:55943/__cypress/runner/cypress_runner.js:137691:12)
    at ensureExistence (http://localhost:55943/__cypress/runner/cypress_runner.js:127867:23)
    at onFailFn (http://localhost:55943/__cypress/runner/cypress_runner.js:127905:9)
    at tryCatcher (http://localhost:55943/__cypress/runner/cypress_runner.js:9065:23)
    at Promise._settlePromiseFromHandler (http://localhost:55943/__cypress/runner/cypress_runner.js:7000:31)
    at Promise._settlePromise (http://localhost:55943/__cypress/runner/cypress_runner.js:7057:18)
    at Promise._settlePromise0 (http://localhost:55943/__cypress/runner/cypress_runner.js:7102:10)
    at Promise._settlePromises (http://localhost:55943/__cypress/runner/cypress_runner.js:7178:18)
    at _drainQueueStep (http://localhost:55943/__cypress/runner/cypress_runner.js:3772:12)
    at _drainQueue (http://localhost:55943/__cypress/runner/cypress_runner.js:3765:9)
    at Async.../../node_modules/bluebird/js/release/async.js.Async._drainQueues (http://localhost:55943/__cypress/runner/cypress_runner.js:3781:5)
    at Async.drainQueues (http://localhost:55943/__cypress/runner/cypress_runner.js:3651:14)]]></failure>
    </testcase>
    <testcase name="The user is able to activate ratings in the &apos;New call with session&apos; Click on the “Activar votaciones” button" time="0.0000" classname="Click on the “Activar votaciones” button">
      <failure message="Timed out retrying: Expected to find element: `#council-live-tab-agenda`, but never found it." type="AssertionError"><![CDATA[AssertionError: Timed out retrying: Expected to find element: `#council-live-tab-agenda`, but never found it.
    at ensureExistence (http://localhost:55943/__cypress/runner/cypress_runner.js:137673:32)
    at Object.ensureElExistence (http://localhost:55943/__cypress/runner/cypress_runner.js:137691:12)
    at ensureExistence (http://localhost:55943/__cypress/runner/cypress_runner.js:127867:23)
    at onFailFn (http://localhost:55943/__cypress/runner/cypress_runner.js:127905:9)
    at tryCatcher (http://localhost:55943/__cypress/runner/cypress_runner.js:9065:23)
    at Promise._settlePromiseFromHandler (http://localhost:55943/__cypress/runner/cypress_runner.js:7000:31)
    at Promise._settlePromise (http://localhost:55943/__cypress/runner/cypress_runner.js:7057:18)
    at Promise._settlePromise0 (http://localhost:55943/__cypress/runner/cypress_runner.js:7102:10)
    at Promise._settlePromises (http://localhost:55943/__cypress/runner/cypress_runner.js:7178:18)
    at _drainQueueStep (http://localhost:55943/__cypress/runner/cypress_runner.js:3772:12)
    at _drainQueue (http://localhost:55943/__cypress/runner/cypress_runner.js:3765:9)
    at Async.../../node_modules/bluebird/js/release/async.js.Async._drainQueues (http://localhost:55943/__cypress/runner/cypress_runner.js:3781:5)
    at Async.drainQueues (http://localhost:55943/__cypress/runner/cypress_runner.js:3651:14)]]></failure>
    </testcase>
    <testcase name="The user is able to activate ratings in the &apos;New call with session&apos; User should be able to exit the meeting" time="0.0000" classname="User should be able to exit the meeting">
      <failure message="login_url is not defined" type="ReferenceError"><![CDATA[ReferenceError: login_url is not defined
    at Context.<anonymous> (http://localhost:55943/__cypress/tests?p=cypress\integration\1.Smoke\6.New_Meeting(Adming%20Side)_section_pt2.js-010:137:14)]]></failure>
    </testcase>
  </testsuite>
  <testsuite name="The user is able to close point votations in the &apos;New call with session&apos; type of meeting&apos;" timestamp="2022-01-04T15:57:53" tests="18" time="70.6030" failures="17">
    <testcase name="The user is able to close point votations in the &apos;New call with session&apos; type of meeting&apos; Click on the &apos;Nueva reunion&apos; button" time="0.0000" classname="Click on the &apos;Nueva reunion&apos; button">
      <failure message="Timed out retrying: Expected to find element: `#create-council-block`, but never found it." type="AssertionError"><![CDATA[AssertionError: Timed out retrying: Expected to find element: `#create-council-block`, but never found it.
    at ensureExistence (http://localhost:55943/__cypress/runner/cypress_runner.js:137673:32)
    at Object.ensureElExistence (http://localhost:55943/__cypress/runner/cypress_runner.js:137691:12)
    at ensureExistence (http://localhost:55943/__cypress/runner/cypress_runner.js:127867:23)
    at onFailFn (http://localhost:55943/__cypress/runner/cypress_runner.js:127905:9)
    at tryCatcher (http://localhost:55943/__cypress/runner/cypress_runner.js:9065:23)
    at Promise._settlePromiseFromHandler (http://localhost:55943/__cypress/runner/cypress_runner.js:7000:31)
    at Promise._settlePromise (http://localhost:55943/__cypress/runner/cypress_runner.js:7057:18)
    at Promise._settlePromise0 (http://localhost:55943/__cypress/runner/cypress_runner.js:7102:10)
    at Promise._settlePromises (http://localhost:55943/__cypress/runner/cypress_runner.js:7178:18)
    at _drainQueueStep (http://localhost:55943/__cypress/runner/cypress_runner.js:3772:12)
    at _drainQueue (http://localhost:55943/__cypress/runner/cypress_runner.js:3765:9)
    at Async.../../node_modules/bluebird/js/release/async.js.Async._drainQueues (http://localhost:55943/__cypress/runner/cypress_runner.js:3781:5)
    at Async.drainQueues (http://localhost:55943/__cypress/runner/cypress_runner.js:3651:14)]]></failure>
    </testcase>
    <testcase name="The user is able to close point votations in the &apos;New call with session&apos; type of meeting&apos; Click on the “Con sesion” button" time="0.0000" classname="Click on the “Con sesion” button">
      <failure message="Timed out retrying: Expected to find element: `#create-council-with-session`, but never found it." type="AssertionError"><![CDATA[AssertionError: Timed out retrying: Expected to find element: `#create-council-with-session`, but never found it.
    at ensureExistence (http://localhost:55943/__cypress/runner/cypress_runner.js:137673:32)
    at Object.ensureElExistence (http://localhost:55943/__cypress/runner/cypress_runner.js:137691:12)
    at ensureExistence (http://localhost:55943/__cypress/runner/cypress_runner.js:127867:23)
    at onFailFn (http://localhost:55943/__cypress/runner/cypress_runner.js:127905:9)
    at tryCatcher (http://localhost:55943/__cypress/runner/cypress_runner.js:9065:23)
    at Promise._settlePromiseFromHandler (http://localhost:55943/__cypress/runner/cypress_runner.js:7000:31)
    at Promise._settlePromise (http://localhost:55943/__cypress/runner/cypress_runner.js:7057:18)
    at Promise._settlePromise0 (http://localhost:55943/__cypress/runner/cypress_runner.js:7102:10)
    at Promise._settlePromises (http://localhost:55943/__cypress/runner/cypress_runner.js:7178:18)
    at _drainQueueStep (http://localhost:55943/__cypress/runner/cypress_runner.js:3772:12)
    at _drainQueue (http://localhost:55943/__cypress/runner/cypress_runner.js:3765:9)
    at Async.../../node_modules/bluebird/js/release/async.js.Async._drainQueues (http://localhost:55943/__cypress/runner/cypress_runner.js:3781:5)
    at Async.drainQueues (http://localhost:55943/__cypress/runner/cypress_runner.js:3651:14)]]></failure>
    </testcase>
    <testcase name="The user is able to close point votations in the &apos;New call with session&apos; type of meeting&apos; Populate all required fields and click on the “Siguiente” button" time="0.0000" classname="Populate all required fields and click on the “Siguiente” button">
      <failure message="Timed out retrying: Expected to find element: `#council-notice-type-select`, but never found it." type="AssertionError"><![CDATA[AssertionError: Timed out retrying: Expected to find element: `#council-notice-type-select`, but never found it.
    at ensureExistence (http://localhost:55943/__cypress/runner/cypress_runner.js:137673:32)
    at Object.ensureElExistence (http://localhost:55943/__cypress/runner/cypress_runner.js:137691:12)
    at ensureExistence (http://localhost:55943/__cypress/runner/cypress_runner.js:127867:23)
    at onFailFn (http://localhost:55943/__cypress/runner/cypress_runner.js:127905:9)
    at tryCatcher (http://localhost:55943/__cypress/runner/cypress_runner.js:9065:23)
    at Promise._settlePromiseFromHandler (http://localhost:55943/__cypress/runner/cypress_runner.js:7000:31)
    at Promise._settlePromise (http://localhost:55943/__cypress/runner/cypress_runner.js:7057:18)
    at Promise._settlePromise0 (http://localhost:55943/__cypress/runner/cypress_runner.js:7102:10)
    at Promise._settlePromises (http://localhost:55943/__cypress/runner/cypress_runner.js:7178:18)
    at _drainQueueStep (http://localhost:55943/__cypress/runner/cypress_runner.js:3772:12)
    at _drainQueue (http://localhost:55943/__cypress/runner/cypress_runner.js:3765:9)
    at Async.../../node_modules/bluebird/js/release/async.js.Async._drainQueues (http://localhost:55943/__cypress/runner/cypress_runner.js:3781:5)
    at Async.drainQueues (http://localhost:55943/__cypress/runner/cypress_runner.js:3651:14)]]></failure>
    </testcase>
    <testcase name="The user is able to close point votations in the &apos;New call with session&apos; type of meeting&apos; Click on the &apos;Anadir participante&apos; button and populate all required fields then click on the “Siguiente” button" time="0.0000" classname="Click on the &apos;Anadir participante&apos; button and populate all required fields then click on the “Siguiente” button">
      <failure message="Timed out retrying: Expected to find element: `#add-participant-dropdown-trigger`, but never found it." type="AssertionError"><![CDATA[AssertionError: Timed out retrying: Expected to find element: `#add-participant-dropdown-trigger`, but never found it.
    at ensureExistence (http://localhost:55943/__cypress/runner/cypress_runner.js:137673:32)
    at Object.ensureElExistence (http://localhost:55943/__cypress/runner/cypress_runner.js:137691:12)
    at ensureExistence (http://localhost:55943/__cypress/runner/cypress_runner.js:127867:23)
    at onFailFn (http://localhost:55943/__cypress/runner/cypress_runner.js:127905:9)
    at tryCatcher (http://localhost:55943/__cypress/runner/cypress_runner.js:9065:23)
    at Promise._settlePromiseFromHandler (http://localhost:55943/__cypress/runner/cypress_runner.js:7000:31)
    at Promise._settlePromise (http://localhost:55943/__cypress/runner/cypress_runner.js:7057:18)
    at Promise._settlePromise0 (http://localhost:55943/__cypress/runner/cypress_runner.js:7102:10)
    at Promise._settlePromises (http://localhost:55943/__cypress/runner/cypress_runner.js:7178:18)
    at _drainQueueStep (http://localhost:55943/__cypress/runner/cypress_runner.js:3772:12)
    at _drainQueue (http://localhost:55943/__cypress/runner/cypress_runner.js:3765:9)
    at Async.../../node_modules/bluebird/js/release/async.js.Async._drainQueues (http://localhost:55943/__cypress/runner/cypress_runner.js:3781:5)
    at Async.drainQueues (http://localhost:55943/__cypress/runner/cypress_runner.js:3651:14)]]></failure>
    </testcase>
    <testcase name="The user is able to close point votations in the &apos;New call with session&apos; type of meeting&apos; Click on the “Anadir punto al orden del dia+” button" time="0.0000" classname="Click on the “Anadir punto al orden del dia+” button">
      <failure message="Timed out retrying: Expected to find element: `#newPuntoDelDiaOrdenDelDiaNew`, but never found it." type="AssertionError"><![CDATA[AssertionError: Timed out retrying: Expected to find element: `#newPuntoDelDiaOrdenDelDiaNew`, but never found it.
    at ensureExistence (http://localhost:55943/__cypress/runner/cypress_runner.js:137673:32)
    at Object.ensureElExistence (http://localhost:55943/__cypress/runner/cypress_runner.js:137691:12)
    at ensureExistence (http://localhost:55943/__cypress/runner/cypress_runner.js:127867:23)
    at onFailFn (http://localhost:55943/__cypress/runner/cypress_runner.js:127905:9)
    at tryCatcher (http://localhost:55943/__cypress/runner/cypress_runner.js:9065:23)
    at Promise._settlePromiseFromHandler (http://localhost:55943/__cypress/runner/cypress_runner.js:7000:31)
    at Promise._settlePromise (http://localhost:55943/__cypress/runner/cypress_runner.js:7057:18)
    at Promise._settlePromise0 (http://localhost:55943/__cypress/runner/cypress_runner.js:7102:10)
    at Promise._settlePromises (http://localhost:55943/__cypress/runner/cypress_runner.js:7178:18)
    at _drainQueueStep (http://localhost:55943/__cypress/runner/cypress_runner.js:3772:12)
    at _drainQueue (http://localhost:55943/__cypress/runner/cypress_runner.js:3765:9)
    at Async.../../node_modules/bluebird/js/release/async.js.Async._drainQueues (http://localhost:55943/__cypress/runner/cypress_runner.js:3781:5)
    at Async.drainQueues (http://localhost:55943/__cypress/runner/cypress_runner.js:3651:14)]]></failure>
    </testcase>
    <testcase name="The user is able to close point votations in the &apos;New call with session&apos; type of meeting&apos; Click on the “Punto Si/no abstencion” button and populate “Title” field then choose “Votacio nominal” tipo and click on the “Aceptar” button then click on the “Siguiente” button" time="0.0000" classname="Click on the “Punto Si/no abstencion” button and populate “Title” field then choose “Votacio nominal” tipo and click on the “Aceptar” button then click on the “Siguiente” button">
      <failure message="Timed out retrying: Expected to find element: `#puntoSiNoAbstencion`, but never found it." type="AssertionError"><![CDATA[AssertionError: Timed out retrying: Expected to find element: `#puntoSiNoAbstencion`, but never found it.
    at ensureExistence (http://localhost:55943/__cypress/runner/cypress_runner.js:137673:32)
    at Object.ensureElExistence (http://localhost:55943/__cypress/runner/cypress_runner.js:137691:12)
    at ensureExistence (http://localhost:55943/__cypress/runner/cypress_runner.js:127867:23)
    at onFailFn (http://localhost:55943/__cypress/runner/cypress_runner.js:127905:9)
    at tryCatcher (http://localhost:55943/__cypress/runner/cypress_runner.js:9065:23)
    at Promise._settlePromiseFromHandler (http://localhost:55943/__cypress/runner/cypress_runner.js:7000:31)
    at Promise._settlePromise (http://localhost:55943/__cypress/runner/cypress_runner.js:7057:18)
    at Promise._settlePromise0 (http://localhost:55943/__cypress/runner/cypress_runner.js:7102:10)
    at Promise._settlePromises (http://localhost:55943/__cypress/runner/cypress_runner.js:7178:18)
    at _drainQueueStep (http://localhost:55943/__cypress/runner/cypress_runner.js:3772:12)
    at _drainQueue (http://localhost:55943/__cypress/runner/cypress_runner.js:3765:9)
    at Async.../../node_modules/bluebird/js/release/async.js.Async._drainQueues (http://localhost:55943/__cypress/runner/cypress_runner.js:3781:5)
    at Async.drainQueues (http://localhost:55943/__cypress/runner/cypress_runner.js:3651:14)]]></failure>
    </testcase>
    <testcase name="The user is able to close point votations in the &apos;New call with session&apos; type of meeting&apos; Populate all required fields and click on the “Siguiente” button" time="0.0000" classname="Populate all required fields and click on the “Siguiente” button">
      <failure message="Timed out retrying: Expected to find element: `#council-options-contact-email`, but never found it." type="AssertionError"><![CDATA[AssertionError: Timed out retrying: Expected to find element: `#council-options-contact-email`, but never found it.
    at ensureExistence (http://localhost:55943/__cypress/runner/cypress_runner.js:137673:32)
    at Object.ensureElExistence (http://localhost:55943/__cypress/runner/cypress_runner.js:137691:12)
    at ensureExistence (http://localhost:55943/__cypress/runner/cypress_runner.js:127867:23)
    at onFailFn (http://localhost:55943/__cypress/runner/cypress_runner.js:127905:9)
    at tryCatcher (http://localhost:55943/__cypress/runner/cypress_runner.js:9065:23)
    at Promise._settlePromiseFromHandler (http://localhost:55943/__cypress/runner/cypress_runner.js:7000:31)
    at Promise._settlePromise (http://localhost:55943/__cypress/runner/cypress_runner.js:7057:18)
    at Promise._settlePromise0 (http://localhost:55943/__cypress/runner/cypress_runner.js:7102:10)
    at Promise._settlePromises (http://localhost:55943/__cypress/runner/cypress_runner.js:7178:18)
    at _drainQueueStep (http://localhost:55943/__cypress/runner/cypress_runner.js:3772:12)
    at _drainQueue (http://localhost:55943/__cypress/runner/cypress_runner.js:3765:9)
    at Async.../../node_modules/bluebird/js/release/async.js.Async._drainQueues (http://localhost:55943/__cypress/runner/cypress_runner.js:3781:5)
    at Async.drainQueues (http://localhost:55943/__cypress/runner/cypress_runner.js:3651:14)]]></failure>
    </testcase>
    <testcase name="The user is able to close point votations in the &apos;New call with session&apos; type of meeting&apos; Click on the “Convocar y notificar” button" time="0.0000" classname="Click on the “Convocar y notificar” button">
      <failure message="Timed out retrying: Expected to find element: `#council-editor-convene-notify`, but never found it." type="AssertionError"><![CDATA[AssertionError: Timed out retrying: Expected to find element: `#council-editor-convene-notify`, but never found it.
    at ensureExistence (http://localhost:55943/__cypress/runner/cypress_runner.js:137673:32)
    at Object.ensureElExistence (http://localhost:55943/__cypress/runner/cypress_runner.js:137691:12)
    at ensureExistence (http://localhost:55943/__cypress/runner/cypress_runner.js:127867:23)
    at onFailFn (http://localhost:55943/__cypress/runner/cypress_runner.js:127905:9)
    at tryCatcher (http://localhost:55943/__cypress/runner/cypress_runner.js:9065:23)
    at Promise._settlePromiseFromHandler (http://localhost:55943/__cypress/runner/cypress_runner.js:7000:31)
    at Promise._settlePromise (http://localhost:55943/__cypress/runner/cypress_runner.js:7057:18)
    at Promise._settlePromise0 (http://localhost:55943/__cypress/runner/cypress_runner.js:7102:10)
    at Promise._settlePromises (http://localhost:55943/__cypress/runner/cypress_runner.js:7178:18)
    at _drainQueueStep (http://localhost:55943/__cypress/runner/cypress_runner.js:3772:12)
    at _drainQueue (http://localhost:55943/__cypress/runner/cypress_runner.js:3765:9)
    at Async.../../node_modules/bluebird/js/release/async.js.Async._drainQueues (http://localhost:55943/__cypress/runner/cypress_runner.js:3781:5)
    at Async.drainQueues (http://localhost:55943/__cypress/runner/cypress_runner.js:3651:14)]]></failure>
    </testcase>
    <testcase name="The user is able to close point votations in the &apos;New call with session&apos; type of meeting&apos; Click on the “Preparar sala” button" time="0.0000" classname="Click on the “Preparar sala” button">
      <failure message="Timed out retrying: Expected to find element: `#prepararSalaNew`, but never found it." type="AssertionError"><![CDATA[AssertionError: Timed out retrying: Expected to find element: `#prepararSalaNew`, but never found it.
    at ensureExistence (http://localhost:55943/__cypress/runner/cypress_runner.js:137673:32)
    at Object.ensureElExistence (http://localhost:55943/__cypress/runner/cypress_runner.js:137691:12)
    at ensureExistence (http://localhost:55943/__cypress/runner/cypress_runner.js:127867:23)
    at onFailFn (http://localhost:55943/__cypress/runner/cypress_runner.js:127905:9)
    at tryCatcher (http://localhost:55943/__cypress/runner/cypress_runner.js:9065:23)
    at Promise._settlePromiseFromHandler (http://localhost:55943/__cypress/runner/cypress_runner.js:7000:31)
    at Promise._settlePromise (http://localhost:55943/__cypress/runner/cypress_runner.js:7057:18)
    at Promise._settlePromise0 (http://localhost:55943/__cypress/runner/cypress_runner.js:7102:10)
    at Promise._settlePromises (http://localhost:55943/__cypress/runner/cypress_runner.js:7178:18)
    at _drainQueueStep (http://localhost:55943/__cypress/runner/cypress_runner.js:3772:12)
    at _drainQueue (http://localhost:55943/__cypress/runner/cypress_runner.js:3765:9)
    at Async.../../node_modules/bluebird/js/release/async.js.Async._drainQueues (http://localhost:55943/__cypress/runner/cypress_runner.js:3781:5)
    at Async.drainQueues (http://localhost:55943/__cypress/runner/cypress_runner.js:3651:14)]]></failure>
    </testcase>
    <testcase name="The user is able to close point votations in the &apos;New call with session&apos; type of meeting&apos; Navigate to the upper right corner and click on the “Abrir Sala” button" time="0.0000" classname="Navigate to the upper right corner and click on the “Abrir Sala” button">
      <failure message="Timed out retrying: Expected to find element: `#abrirSalaEnReunion`, but never found it." type="AssertionError"><![CDATA[AssertionError: Timed out retrying: Expected to find element: `#abrirSalaEnReunion`, but never found it.
    at ensureExistence (http://localhost:55943/__cypress/runner/cypress_runner.js:137673:32)
    at Object.ensureElExistence (http://localhost:55943/__cypress/runner/cypress_runner.js:137691:12)
    at ensureExistence (http://localhost:55943/__cypress/runner/cypress_runner.js:127867:23)
    at onFailFn (http://localhost:55943/__cypress/runner/cypress_runner.js:127905:9)
    at tryCatcher (http://localhost:55943/__cypress/runner/cypress_runner.js:9065:23)
    at Promise._settlePromiseFromHandler (http://localhost:55943/__cypress/runner/cypress_runner.js:7000:31)
    at Promise._settlePromise (http://localhost:55943/__cypress/runner/cypress_runner.js:7057:18)
    at Promise._settlePromise0 (http://localhost:55943/__cypress/runner/cypress_runner.js:7102:10)
    at Promise._settlePromises (http://localhost:55943/__cypress/runner/cypress_runner.js:7178:18)
    at _drainQueueStep (http://localhost:55943/__cypress/runner/cypress_runner.js:3772:12)
    at _drainQueue (http://localhost:55943/__cypress/runner/cypress_runner.js:3765:9)
    at Async.../../node_modules/bluebird/js/release/async.js.Async._drainQueues (http://localhost:55943/__cypress/runner/cypress_runner.js:3781:5)
    at Async.drainQueues (http://localhost:55943/__cypress/runner/cypress_runner.js:3651:14)]]></failure>
    </testcase>
    <testcase name="The user is able to close point votations in the &apos;New call with session&apos; type of meeting&apos; Populate all required fields and click on the “Aceptar” button" time="0.0000" classname="Populate all required fields and click on the “Aceptar” button">
      <failure message="Timed out retrying: Expected to find element: `#alert-confirm-button-accept`, but never found it." type="AssertionError"><![CDATA[AssertionError: Timed out retrying: Expected to find element: `#alert-confirm-button-accept`, but never found it.
    at ensureExistence (http://localhost:55943/__cypress/runner/cypress_runner.js:137673:32)
    at Object.ensureElExistence (http://localhost:55943/__cypress/runner/cypress_runner.js:137691:12)
    at ensureExistence (http://localhost:55943/__cypress/runner/cypress_runner.js:127867:23)
    at onFailFn (http://localhost:55943/__cypress/runner/cypress_runner.js:127905:9)
    at tryCatcher (http://localhost:55943/__cypress/runner/cypress_runner.js:9065:23)
    at Promise._settlePromiseFromHandler (http://localhost:55943/__cypress/runner/cypress_runner.js:7000:31)
    at Promise._settlePromise (http://localhost:55943/__cypress/runner/cypress_runner.js:7057:18)
    at Promise._settlePromise0 (http://localhost:55943/__cypress/runner/cypress_runner.js:7102:10)
    at Promise._settlePromises (http://localhost:55943/__cypress/runner/cypress_runner.js:7178:18)
    at _drainQueueStep (http://localhost:55943/__cypress/runner/cypress_runner.js:3772:12)
    at _drainQueue (http://localhost:55943/__cypress/runner/cypress_runner.js:3765:9)
    at Async.../../node_modules/bluebird/js/release/async.js.Async._drainQueues (http://localhost:55943/__cypress/runner/cypress_runner.js:3781:5)
    at Async.drainQueues (http://localhost:55943/__cypress/runner/cypress_runner.js:3651:14)]]></failure>
    </testcase>
    <testcase name="The user is able to close point votations in the &apos;New call with session&apos; type of meeting&apos; Navigate to the “Camera and microphone” form and click on the “Accept” button" time="0.0550" classname="Navigate to the “Camera and microphone” form and click on the “Accept” button">
    </testcase>
    <testcase name="The user is able to close point votations in the &apos;New call with session&apos; type of meeting&apos; Navigate to the upper right corner and click on the “Iniciar reunion” button" time="0.0000" classname="Navigate to the upper right corner and click on the “Iniciar reunion” button">
      <failure message="Timed out retrying: Expected to find element: `#start-council-button`, but never found it." type="AssertionError"><![CDATA[AssertionError: Timed out retrying: Expected to find element: `#start-council-button`, but never found it.
    at ensureExistence (http://localhost:55943/__cypress/runner/cypress_runner.js:137673:32)
    at Object.ensureElExistence (http://localhost:55943/__cypress/runner/cypress_runner.js:137691:12)
    at ensureExistence (http://localhost:55943/__cypress/runner/cypress_runner.js:127867:23)
    at onFailFn (http://localhost:55943/__cypress/runner/cypress_runner.js:127905:9)
    at tryCatcher (http://localhost:55943/__cypress/runner/cypress_runner.js:9065:23)
    at Promise._settlePromiseFromHandler (http://localhost:55943/__cypress/runner/cypress_runner.js:7000:31)
    at Promise._settlePromise (http://localhost:55943/__cypress/runner/cypress_runner.js:7057:18)
    at Promise._settlePromise0 (http://localhost:55943/__cypress/runner/cypress_runner.js:7102:10)
    at Promise._settlePromises (http://localhost:55943/__cypress/runner/cypress_runner.js:7178:18)
    at _drainQueueStep (http://localhost:55943/__cypress/runner/cypress_runner.js:3772:12)
    at _drainQueue (http://localhost:55943/__cypress/runner/cypress_runner.js:3765:9)
    at Async.../../node_modules/bluebird/js/release/async.js.Async._drainQueues (http://localhost:55943/__cypress/runner/cypress_runner.js:3781:5)
    at Async.drainQueues (http://localhost:55943/__cypress/runner/cypress_runner.js:3651:14)]]></failure>
    </testcase>
    <testcase name="The user is able to close point votations in the &apos;New call with session&apos; type of meeting&apos; Populate all required fields and click on the “Aceptar” button" time="0.0000" classname="Populate all required fields and click on the “Aceptar” button">
      <failure message="Timed out retrying: Expected to find element: `#council-president-select`, but never found it." type="AssertionError"><![CDATA[AssertionError: Timed out retrying: Expected to find element: `#council-president-select`, but never found it.
    at ensureExistence (http://localhost:55943/__cypress/runner/cypress_runner.js:137673:32)
    at Object.ensureElExistence (http://localhost:55943/__cypress/runner/cypress_runner.js:137691:12)
    at ensureExistence (http://localhost:55943/__cypress/runner/cypress_runner.js:127867:23)
    at onFailFn (http://localhost:55943/__cypress/runner/cypress_runner.js:127905:9)
    at tryCatcher (http://localhost:55943/__cypress/runner/cypress_runner.js:9065:23)
    at Promise._settlePromiseFromHandler (http://localhost:55943/__cypress/runner/cypress_runner.js:7000:31)
    at Promise._settlePromise (http://localhost:55943/__cypress/runner/cypress_runner.js:7057:18)
    at Promise._settlePromise0 (http://localhost:55943/__cypress/runner/cypress_runner.js:7102:10)
    at Promise._settlePromises (http://localhost:55943/__cypress/runner/cypress_runner.js:7178:18)
    at _drainQueueStep (http://localhost:55943/__cypress/runner/cypress_runner.js:3772:12)
    at _drainQueue (http://localhost:55943/__cypress/runner/cypress_runner.js:3765:9)
    at Async.../../node_modules/bluebird/js/release/async.js.Async._drainQueues (http://localhost:55943/__cypress/runner/cypress_runner.js:3781:5)
    at Async.drainQueues (http://localhost:55943/__cypress/runner/cypress_runner.js:3651:14)]]></failure>
    </testcase>
    <testcase name="The user is able to close point votations in the &apos;New call with session&apos; type of meeting&apos; Click on the “Abrir punto” button" time="0.0000" classname="Click on the “Abrir punto” button">
      <failure message="Timed out retrying: Expected to find element: `#council-live-tab-agenda`, but never found it." type="AssertionError"><![CDATA[AssertionError: Timed out retrying: Expected to find element: `#council-live-tab-agenda`, but never found it.
    at ensureExistence (http://localhost:55943/__cypress/runner/cypress_runner.js:137673:32)
    at Object.ensureElExistence (http://localhost:55943/__cypress/runner/cypress_runner.js:137691:12)
    at ensureExistence (http://localhost:55943/__cypress/runner/cypress_runner.js:127867:23)
    at onFailFn (http://localhost:55943/__cypress/runner/cypress_runner.js:127905:9)
    at tryCatcher (http://localhost:55943/__cypress/runner/cypress_runner.js:9065:23)
    at Promise._settlePromiseFromHandler (http://localhost:55943/__cypress/runner/cypress_runner.js:7000:31)
    at Promise._settlePromise (http://localhost:55943/__cypress/runner/cypress_runner.js:7057:18)
    at Promise._settlePromise0 (http://localhost:55943/__cypress/runner/cypress_runner.js:7102:10)
    at Promise._settlePromises (http://localhost:55943/__cypress/runner/cypress_runner.js:7178:18)
    at _drainQueueStep (http://localhost:55943/__cypress/runner/cypress_runner.js:3772:12)
    at _drainQueue (http://localhost:55943/__cypress/runner/cypress_runner.js:3765:9)
    at Async.../../node_modules/bluebird/js/release/async.js.Async._drainQueues (http://localhost:55943/__cypress/runner/cypress_runner.js:3781:5)
    at Async.drainQueues (http://localhost:55943/__cypress/runner/cypress_runner.js:3651:14)]]></failure>
    </testcase>
    <testcase name="The user is able to close point votations in the &apos;New call with session&apos; type of meeting&apos; Click on the “Activar votaciones” button" time="0.0000" classname="Click on the “Activar votaciones” button">
      <failure message="Timed out retrying: Expected to find element: `#council-live-tab-agenda`, but never found it." type="AssertionError"><![CDATA[AssertionError: Timed out retrying: Expected to find element: `#council-live-tab-agenda`, but never found it.
    at ensureExistence (http://localhost:55943/__cypress/runner/cypress_runner.js:137673:32)
    at Object.ensureElExistence (http://localhost:55943/__cypress/runner/cypress_runner.js:137691:12)
    at ensureExistence (http://localhost:55943/__cypress/runner/cypress_runner.js:127867:23)
    at onFailFn (http://localhost:55943/__cypress/runner/cypress_runner.js:127905:9)
    at tryCatcher (http://localhost:55943/__cypress/runner/cypress_runner.js:9065:23)
    at Promise._settlePromiseFromHandler (http://localhost:55943/__cypress/runner/cypress_runner.js:7000:31)
    at Promise._settlePromise (http://localhost:55943/__cypress/runner/cypress_runner.js:7057:18)
    at Promise._settlePromise0 (http://localhost:55943/__cypress/runner/cypress_runner.js:7102:10)
    at Promise._settlePromises (http://localhost:55943/__cypress/runner/cypress_runner.js:7178:18)
    at _drainQueueStep (http://localhost:55943/__cypress/runner/cypress_runner.js:3772:12)
    at _drainQueue (http://localhost:55943/__cypress/runner/cypress_runner.js:3765:9)
    at Async.../../node_modules/bluebird/js/release/async.js.Async._drainQueues (http://localhost:55943/__cypress/runner/cypress_runner.js:3781:5)
    at Async.drainQueues (http://localhost:55943/__cypress/runner/cypress_runner.js:3651:14)]]></failure>
    </testcase>
    <testcase name="The user is able to close point votations in the &apos;New call with session&apos; type of meeting&apos; Click on the “Cerrar las votaciones del punto” button" time="0.0000" classname="Click on the “Cerrar las votaciones del punto” button">
      <failure message="Timed out retrying: Expected to find element: `#close-point-votings-button`, but never found it." type="AssertionError"><![CDATA[AssertionError: Timed out retrying: Expected to find element: `#close-point-votings-button`, but never found it.
    at ensureExistence (http://localhost:55943/__cypress/runner/cypress_runner.js:137673:32)
    at Object.ensureElExistence (http://localhost:55943/__cypress/runner/cypress_runner.js:137691:12)
    at ensureExistence (http://localhost:55943/__cypress/runner/cypress_runner.js:127867:23)
    at onFailFn (http://localhost:55943/__cypress/runner/cypress_runner.js:127905:9)
    at tryCatcher (http://localhost:55943/__cypress/runner/cypress_runner.js:9065:23)
    at Promise._settlePromiseFromHandler (http://localhost:55943/__cypress/runner/cypress_runner.js:7000:31)
    at Promise._settlePromise (http://localhost:55943/__cypress/runner/cypress_runner.js:7057:18)
    at Promise._settlePromise0 (http://localhost:55943/__cypress/runner/cypress_runner.js:7102:10)
    at Promise._settlePromises (http://localhost:55943/__cypress/runner/cypress_runner.js:7178:18)
    at _drainQueueStep (http://localhost:55943/__cypress/runner/cypress_runner.js:3772:12)
    at _drainQueue (http://localhost:55943/__cypress/runner/cypress_runner.js:3765:9)
    at Async.../../node_modules/bluebird/js/release/async.js.Async._drainQueues (http://localhost:55943/__cypress/runner/cypress_runner.js:3781:5)
    at Async.drainQueues (http://localhost:55943/__cypress/runner/cypress_runner.js:3651:14)]]></failure>
    </testcase>
    <testcase name="The user is able to close point votations in the &apos;New call with session&apos; type of meeting&apos; User should be able to exit the meeting" time="0.0000" classname="User should be able to exit the meeting">
      <failure message="login_url is not defined" type="ReferenceError"><![CDATA[ReferenceError: login_url is not defined
    at Context.<anonymous> (http://localhost:55943/__cypress/tests?p=cypress\integration\1.Smoke\6.New_Meeting(Adming%20Side)_section_pt2.js-010:277:14)]]></failure>
    </testcase>
  </testsuite>
</testsuites>